DBUS_SESSION_BUS_ADDRESS='unix:path=/run/user/1000/bus'
DEBUGINFOD_URLS='https://debuginfod.ubuntu.com '
DISPLAY=':0'
HOME='/home/szymon'
HOSTTYPE='x86_64'
IFS=' 	
'
LANG='C.UTF-8'
LOGNAME='szymon'
NAME='JAMJESTPC'
OPTIND='1'
PATH='/home/szymon/.local/bin:/usr/local/sbin:/usr/local/bin:/usr/sbin:/usr/bin:/sbin:/bin:/usr/games:/usr/local/games:/usr/lib/wsl/lib:/mnt/c/Program Files/cursor/resources/app/resources/helpers:/mnt/c/Program Files/Meta Horizon/Support/oculus-runtime:/mnt/c/Program Files/Eclipse Adoptium/jdk-21.0.6.7-hotspot/bin:/mnt/c/Python312/Scripts/:/mnt/c/Python312/:/mnt/c/Program Files (x86)/VMware/VMware Player/bin/:/mnt/c/Windows/system32:/mnt/c/Windows:/mnt/c/Windows/System32/Wbem:/mnt/c/Windows/System32/WindowsPowerShell/v1.0/:/mnt/c/Windows/System32/OpenSSH/:/mnt/c/Program Files (x86)/NVIDIA Corporation/PhysX/Common:/mnt/c/Program Files/dotnet/:/mnt/c/ProgramData/chocolatey/bin:/mnt/c/Program Files (x86)/ZeroTier/One/:/mnt/c/WINDOWS/system32:/mnt/c/WINDOWS:/mnt/c/WINDOWS/System32/Wbem:/mnt/c/WINDOWS/System32/WindowsPowerShell/v1.0/:/mnt/c/WINDOWS/System32/OpenSSH/:/mnt/c/Program Files (x86)/Windows Kits/10/Windows Performance Toolkit/:/mnt/c/Program Files/Git/cmd:/mnt/c/Program Files/nodejs/:/mnt/c/Program Files/Microsoft SQL Server/150/Tools/Binn/:/mnt/c/Program Files/Microsoft SQL Server/Client SDK/ODBC/170/Tools/Binn/:/mnt/c/Program Files/Docker/Docker/resources/bin:/mnt/c/Users/Szymon/AppData/Local/Muse Hub/lib:/mnt/c/Program Files/NVIDIA Corporation/NVIDIA App/NvDLISR:/mnt/c/Program Files/cursor/resources/app/bin:/mnt/c/Users/Szymon/AppData/Local/Microsoft/WindowsApps:/mnt/c/Users/Szymon/AppData/Local/Programs/Microsoft VS Code/bin:/mnt/c/Users/Szymon/AppData/Local/Microsoft/WinGet/Packages/Schniz.fnm_Microsoft.Winget.Source_8wekyb3d8bbwe:/mnt/c/Users/Szymon/.dotnet/tools:/mnt/c/Users/Szymon/AppData/Roaming/npm:/mnt/c/Program Files/JetBrains/PyCharm 2024.3/bin:/mnt/c/Users/Szymon/AppData/Local/Google/Cloud SDK/google-cloud-sdk/bin:/mnt/c/Users/Szymon/AppData/Local/Muse Hub/lib:/mnt/c/texlive/2026/bin/windows:/snap/bin'
PPID='311'
PS1='$ '
PS2='> '
PS4='+ '
PULSE_SERVER='unix:/mnt/wslg/PulseServer'
PWD='/mnt/c/Users/Szymon/Documents/Magisterka/Projekt'
SHELL='/bin/bash'
SHLVL='1'
TERM='xterm-256color'
USER='szymon'
WAYLAND_DISPLAY='wayland-0'
WSL2_GUI_APPS_ENABLED='1'
WSLENV=''
WSL_DISTRO_NAME='Ubuntu-24.04'
WSL_INTEROP='/run/WSL/310_interop'
XDG_DATA_DIRS='/usr/local/share:/usr/share:/var/lib/snapd/desktop'
XDG_RUNTIME_DIR='/run/user/1000/'
_='/usr/bin/sh'
snap_bin_path='/snap/bin'
snap_xdg_path='/var/lib/snapd/desktop'
