2026-06-03 18:10:36 === Gazebo position monitor started (interval=5s, max=45m) ===
2026-06-03 18:10:37 NETWORK: shipment: no active shipment | tasks:  | agents: uav-triangle-1=ARMING station=station-triangle-a task=; uav-triangle-2=ARMING station=station-triangle-a task=; uav-triangle-3=ARMING station=station-triangle-a task=
2026-06-03 18:10:37 DRONES: x500* (none)
2026-06-03 18:10:37 PACKAGES: package* (none)
2026-06-03 18:10:37 CARGO: cargo* (none)
2026-06-03 18:10:37 STATIONS: station_base_visual: x=0.65 y=-0.40 z=0.06
2026-06-03 18:10:42 NETWORK: shipment: no active shipment | tasks:  | agents: uav-triangle-1=ARMING station=station-triangle-a task=; uav-triangle-2=ARMING station=station-triangle-a task=; uav-triangle-3=ARMING station=station-triangle-a task=
2026-06-03 18:10:42 DRONES: x500_1: x=-4.65 y=0.00 z=0.01 | x500_2: x=-2.45 y=0.00 z=0.01
2026-06-03 18:10:42 PACKAGES: package* (none)
2026-06-03 18:10:42 CARGO: cargo* (none)
2026-06-03 18:10:42 STATIONS: station_base_visual: x=0.65 y=-0.40 z=0.06
2026-06-03 18:10:48 NETWORK: shipment: no active shipment | tasks:  | agents: uav-triangle-1=ARMING station=station-triangle-a task=; uav-triangle-2=ARMING station=station-triangle-a task=; uav-triangle-3=ARMING station=station-triangle-a task=
2026-06-03 18:10:48 DRONES: x500_1: x=-4.65 y=0.00 z=0.01 | x500_2: x=-2.45 y=0.00 z=0.01
2026-06-03 18:10:48 PACKAGES: package* (none)
2026-06-03 18:10:48 CARGO: cargo* (none)
2026-06-03 18:10:48 STATIONS: station_base_visual: x=0.65 y=-0.40 z=0.06
2026-06-03 18:10:54 NETWORK: shipment: no active shipment | tasks:  | agents: uav-triangle-1=ARMING station=station-triangle-a task=; uav-triangle-2=ARMING station=station-triangle-a task=; uav-triangle-3=ARMING station=station-triangle-a task=
2026-06-03 18:10:54 DRONES: x500_1: x=-4.65 y=0.00 z=0.02 | x500_2: x=-2.45 y=0.00 z=0.02
2026-06-03 18:10:54 PACKAGES: package* (none)
2026-06-03 18:10:54 CARGO: cargo* (none)
2026-06-03 18:10:54 STATIONS: station_base_visual: x=0.65 y=-0.40 z=0.06
2026-06-03 18:10:59 NETWORK: shipment: no active shipment | tasks:  | agents: uav-triangle-1=ARMING station=station-triangle-a task=; uav-triangle-2=ARMING station=station-triangle-a task=; uav-triangle-3=ARMING station=station-triangle-a task=
2026-06-03 18:10:59 DRONES: x500_1: x=-4.65 y=0.00 z=0.02 | x500_2: x=-2.45 y=0.00 z=0.02
2026-06-03 18:10:59 PACKAGES: package* (none)
2026-06-03 18:10:59 CARGO: cargo* (none)
2026-06-03 18:10:59 STATIONS: station_base_visual: x=0.65 y=-0.40 z=0.06
2026-06-03 18:11:05 NETWORK: shipment: no active shipment | tasks:  | agents: uav-triangle-1=ARMING station=station-triangle-a task=; uav-triangle-2=ARMING station=station-triangle-a task=; uav-triangle-3=ARMING station=station-triangle-a task=
2026-06-03 18:11:05 DRONES: x500_1: x=-4.65 y=0.00 z=0.03 | x500_2: x=-2.45 y=0.00 z=0.03
2026-06-03 18:11:05 PACKAGES: package* (none)
2026-06-03 18:11:05 CARGO: cargo* (none)
2026-06-03 18:11:05 STATIONS: station_base_visual: x=0.65 y=-0.40 z=0.06
2026-06-03 18:11:11 NETWORK: shipment: no active shipment | tasks:  | agents: uav-triangle-1=ARMING station=station-triangle-a task=; uav-triangle-2=ARMING station=station-triangle-a task=; uav-triangle-3=ARMING station=station-triangle-a task=
2026-06-03 18:11:11 DRONES: x500_1: x=-4.65 y=0.00 z=0.03 | x500_2: x=-2.45 y=0.00 z=0.03
2026-06-03 18:11:11 PACKAGES: package* (none)
2026-06-03 18:11:11 CARGO: cargo* (none)
2026-06-03 18:11:11 STATIONS: station_base_visual: x=0.65 y=-0.40 z=0.06
2026-06-03 18:11:16 NETWORK: shipment: no active shipment | tasks:  | agents: uav-triangle-1=ARMING station=station-triangle-a task=; uav-triangle-2=ARMING station=station-triangle-a task=; uav-triangle-3=ARMING station=station-triangle-a task=
2026-06-03 18:11:16 DRONES: x500_1: x=-4.65 y=0.00 z=0.03 | x500_2: x=-2.45 y=0.00 z=0.03
2026-06-03 18:11:16 PACKAGES: package* (none)
2026-06-03 18:11:16 CARGO: cargo* (none)
2026-06-03 18:11:16 STATIONS: station_base_visual: x=0.65 y=-0.40 z=0.06
2026-06-03 18:11:22 NETWORK: shipment: no active shipment | tasks:  | agents: uav-triangle-1=ARMING station=station-triangle-a task=; uav-triangle-2=ARMING station=station-triangle-a task=; uav-triangle-3=ARMING station=station-triangle-a task=
2026-06-03 18:11:22 DRONES: x500_1: x=-4.65 y=0.00 z=0.03 | x500_2: x=-2.45 y=0.00 z=0.03
2026-06-03 18:11:22 PACKAGES: package* (none)
2026-06-03 18:11:22 CARGO: cargo* (none)
2026-06-03 18:11:22 STATIONS: station_base_visual: x=0.65 y=-0.40 z=0.06
2026-06-03 18:11:28 NETWORK: shipment: no active shipment | tasks:  | agents: uav-triangle-1=ARMING station=station-triangle-a task=; uav-triangle-2=ARMING station=station-triangle-a task=; uav-triangle-3=ARMING station=station-triangle-a task=
2026-06-03 18:11:28 DRONES: x500_1: x=-4.65 y=0.00 z=0.03 | x500_2: x=-2.45 y=0.00 z=0.03
2026-06-03 18:11:28 PACKAGES: package* (none)
2026-06-03 18:11:28 CARGO: cargo* (none)
2026-06-03 18:11:28 STATIONS: station_base_visual: x=0.65 y=-0.40 z=0.06
2026-06-03 18:11:33 NETWORK: shipment: no active shipment | tasks:  | agents: uav-triangle-1=ARMING station=station-triangle-a task=; uav-triangle-2=ARMING station=station-triangle-a task=; uav-triangle-3=ARMING station=station-triangle-a task=
2026-06-03 18:11:33 DRONES: x500_1: x=-4.65 y=0.00 z=0.03 | x500_2: x=-2.45 y=0.00 z=0.03
2026-06-03 18:11:33 PACKAGES: package* (none)
2026-06-03 18:11:33 CARGO: cargo* (none)
2026-06-03 18:11:33 STATIONS: station_base_visual: x=0.65 y=-0.40 z=0.06
2026-06-03 18:11:39 NETWORK: shipment: no active shipment | tasks:  | agents: uav-triangle-1=ARMING station=station-triangle-a task=; uav-triangle-2=ARMING station=station-triangle-a task=; uav-triangle-3=ARMING station=station-triangle-a task=
2026-06-03 18:11:39 DRONES: x500_1: x=-4.65 y=0.00 z=0.03 | x500_2: x=-2.45 y=0.00 z=0.03
2026-06-03 18:11:39 PACKAGES: package* (none)
2026-06-03 18:11:39 CARGO: cargo* (none)
2026-06-03 18:11:39 STATIONS: station_base_visual: x=0.65 y=-0.40 z=0.06
2026-06-03 18:11:45 NETWORK: shipment: no active shipment | tasks:  | agents: uav-triangle-1=ARMING station=station-triangle-a task=; uav-triangle-2=ARMING station=station-triangle-a task=; uav-triangle-3=ARMING station=station-triangle-a task=
2026-06-03 18:11:45 DRONES: x500_1: x=-4.65 y=0.00 z=0.03 | x500_2: x=-2.45 y=0.00 z=0.03
2026-06-03 18:11:45 PACKAGES: package* (none)
2026-06-03 18:11:45 CARGO: cargo* (none)
2026-06-03 18:11:45 STATIONS: station_base_visual: x=0.65 y=-0.40 z=0.06
2026-06-03 18:11:50 NETWORK: shipment: no active shipment | tasks:  | agents: uav-triangle-1=ARMING station=station-triangle-a task=; uav-triangle-2=ARMING station=station-triangle-a task=; uav-triangle-3=ARMING station=station-triangle-a task=
2026-06-03 18:11:50 DRONES: x500_1: x=-4.65 y=0.00 z=0.03 | x500_2: x=-2.45 y=0.00 z=0.03
2026-06-03 18:11:50 PACKAGES: package* (none)
2026-06-03 18:11:50 CARGO: cargo* (none)
2026-06-03 18:11:50 STATIONS: station_base_visual: x=0.65 y=-0.40 z=0.06
2026-06-03 18:11:56 NETWORK: shipment: no active shipment | tasks:  | agents: uav-triangle-1=ARMING station=station-triangle-a task=; uav-triangle-2=ARMING station=station-triangle-a task=; uav-triangle-3=ARMING station=station-triangle-a task=
2026-06-03 18:11:56 DRONES: x500_1: x=-4.65 y=0.00 z=0.03 | x500_2: x=-2.45 y=0.00 z=0.03
2026-06-03 18:11:56 PACKAGES: package* (none)
2026-06-03 18:11:56 CARGO: cargo* (none)
2026-06-03 18:11:56 STATIONS: station_base_visual: x=0.65 y=-0.40 z=0.06
2026-06-03 18:12:02 NETWORK: shipment: no active shipment | tasks:  | agents: uav-triangle-1=ARMING station=station-triangle-a task=; uav-triangle-2=ARMING station=station-triangle-a task=; uav-triangle-3=ARMING station=station-triangle-a task=
2026-06-03 18:12:02 DRONES: x500_1: x=-4.65 y=0.00 z=0.03 | x500_2: x=-2.45 y=0.00 z=0.03
2026-06-03 18:12:02 PACKAGES: package* (none)
2026-06-03 18:12:02 CARGO: cargo* (none)
2026-06-03 18:12:02 STATIONS: station_base_visual: x=0.65 y=-0.40 z=0.06
2026-06-03 18:12:08 NETWORK: shipment: no active shipment | tasks:  | agents: uav-triangle-1=ARMING station=station-triangle-a task=; uav-triangle-2=ARMING station=station-triangle-a task=; uav-triangle-3=ARMING station=station-triangle-a task=
2026-06-03 18:12:08 DRONES: x500_1: x=-4.65 y=0.00 z=0.03 | x500_2: x=-2.45 y=0.00 z=0.03
2026-06-03 18:12:08 PACKAGES: package* (none)
2026-06-03 18:12:08 CARGO: cargo* (none)
2026-06-03 18:12:08 STATIONS: station_base_visual: x=0.65 y=-0.40 z=0.06
2026-06-03 18:12:14 NETWORK: shipment: no active shipment | tasks:  | agents: uav-triangle-1=ARMING station=station-triangle-a task=; uav-triangle-2=ARMING station=station-triangle-a task=; uav-triangle-3=ARMING station=station-triangle-a task=
2026-06-03 18:12:14 DRONES: x500_1: x=-4.65 y=0.00 z=0.03 | x500_2: x=-2.45 y=0.00 z=0.03
2026-06-03 18:12:14 PACKAGES: package* (none)
2026-06-03 18:12:14 CARGO: cargo* (none)
2026-06-03 18:12:14 STATIONS: station_base_visual: x=0.65 y=-0.40 z=0.06
2026-06-03 18:12:19 NETWORK: shipment: no active shipment | tasks:  | agents: uav-triangle-1=ARMING station=station-triangle-a task=; uav-triangle-2=ARMING station=station-triangle-a task=; uav-triangle-3=ARMING station=station-triangle-a task=
2026-06-03 18:12:19 DRONES: x500_1: x=-4.65 y=0.00 z=0.03 | x500_2: x=-2.45 y=0.00 z=0.03
2026-06-03 18:12:19 PACKAGES: package* (none)
2026-06-03 18:12:19 CARGO: cargo* (none)
2026-06-03 18:12:19 STATIONS: station_base_visual: x=0.65 y=-0.40 z=0.06
2026-06-03 18:12:25 NETWORK: shipment: no active shipment | tasks:  | agents: uav-triangle-1=ARMING station=station-triangle-a task=; uav-triangle-2=ARMING station=station-triangle-a task=; uav-triangle-3=ARMING station=station-triangle-a task=
2026-06-03 18:12:25 DRONES: x500_1: x=-4.65 y=0.00 z=0.03 | x500_2: x=-2.45 y=0.00 z=0.03
2026-06-03 18:12:25 PACKAGES: package* (none)
2026-06-03 18:12:25 CARGO: cargo* (none)
2026-06-03 18:12:25 STATIONS: station_base_visual: x=0.65 y=-0.40 z=0.06
2026-06-03 18:12:31 NETWORK: shipment: no active shipment | tasks:  | agents: uav-triangle-1=ARMING station=station-triangle-a task=; uav-triangle-2=ARMING station=station-triangle-a task=; uav-triangle-3=ARMING station=station-triangle-a task=
2026-06-03 18:12:31 DRONES: x500_1: x=-4.65 y=0.00 z=0.03 | x500_2: x=-2.45 y=0.00 z=0.03
2026-06-03 18:12:31 PACKAGES: package* (none)
2026-06-03 18:12:31 CARGO: cargo* (none)
2026-06-03 18:12:31 STATIONS: station_base_visual: x=0.65 y=-0.40 z=0.06
2026-06-03 18:12:36 NETWORK: shipment: no active shipment | tasks:  | agents: uav-triangle-1=ARMING station=station-triangle-a task=; uav-triangle-2=ARMING station=station-triangle-a task=; uav-triangle-3=ARMING station=station-triangle-a task=
2026-06-03 18:12:36 DRONES: x500_1: x=-4.65 y=0.00 z=0.03 | x500_2: x=-2.45 y=0.00 z=0.03
2026-06-03 18:12:36 PACKAGES: package* (none)
2026-06-03 18:12:36 CARGO: cargo* (none)
2026-06-03 18:12:36 STATIONS: station_base_visual: x=0.65 y=-0.40 z=0.06
2026-06-03 18:12:42 NETWORK: shipment: no active shipment | tasks:  | agents: uav-triangle-1=ARMING station=station-triangle-a task=; uav-triangle-2=ARMING station=station-triangle-a task=; uav-triangle-3=ARMING station=station-triangle-a task=
2026-06-03 18:12:42 DRONES: x500_1: x=-4.65 y=0.00 z=0.03 | x500_2: x=-2.45 y=0.00 z=0.03
2026-06-03 18:12:42 PACKAGES: package* (none)
2026-06-03 18:12:42 CARGO: cargo* (none)
2026-06-03 18:12:42 STATIONS: station_base_visual: x=0.65 y=-0.40 z=0.06
2026-06-03 18:12:48 NETWORK: shipment: no active shipment | tasks:  | agents: uav-triangle-1=ARMING station=station-triangle-a task=; uav-triangle-2=ARMING station=station-triangle-a task=; uav-triangle-3=ARMING station=station-triangle-a task=
2026-06-03 18:12:48 DRONES: x500_1: x=-4.65 y=0.00 z=0.03 | x500_2: x=-2.45 y=0.00 z=0.03
2026-06-03 18:12:48 PACKAGES: package* (none)
2026-06-03 18:12:48 CARGO: cargo* (none)
2026-06-03 18:12:48 STATIONS: station_base_visual: x=0.65 y=-0.40 z=0.06
2026-06-03 18:12:54 NETWORK: shipment: no active shipment | tasks:  | agents: uav-triangle-1=ARMING station=station-triangle-a task=; uav-triangle-2=ARMING station=station-triangle-a task=; uav-triangle-3=ARMING station=station-triangle-a task=
2026-06-03 18:12:54 DRONES: x500_1: x=-4.65 y=0.00 z=0.03 | x500_2: x=-2.45 y=0.00 z=0.03
2026-06-03 18:12:54 PACKAGES: package* (none)
2026-06-03 18:12:54 CARGO: cargo* (none)
2026-06-03 18:12:54 STATIONS: station_base_visual: x=0.65 y=-0.40 z=0.06
2026-06-03 18:12:59 NETWORK: shipment: no active shipment | tasks:  | agents: uav-triangle-1=ARMING station=station-triangle-a task=; uav-triangle-2=ARMING station=station-triangle-a task=; uav-triangle-3=ARMING station= task=
2026-06-03 18:12:59 DRONES: x500_1: x=-4.65 y=0.00 z=0.03 | x500_2: x=-2.45 y=0.00 z=0.03
2026-06-03 18:12:59 PACKAGES: package* (none)
2026-06-03 18:12:59 CARGO: cargo* (none)
2026-06-03 18:12:59 STATIONS: station_base_visual: x=0.65 y=-0.40 z=0.06
2026-06-03 18:13:05 NETWORK: shipment: no active shipment | tasks:  | agents: uav-triangle-1=BUSY station= task=; uav-triangle-2=AVAILABLE station=station-triangle-a task=; uav-triangle-3=BUSY station= task=
2026-06-03 18:13:05 DRONES: x500_1: x=-4.65 y=0.00 z=0.03 | x500_2: x=-2.45 y=0.00 z=0.03
2026-06-03 18:13:05 PACKAGES: package* (none)
2026-06-03 18:13:05 CARGO: cargo* (none)
2026-06-03 18:13:05 STATIONS: station_base_visual: x=0.65 y=-0.40 z=0.06
2026-06-03 18:13:10 NETWORK: shipment: no active shipment | tasks:  | agents: uav-triangle-1=BUSY station= task=; uav-triangle-2=AVAILABLE station=station-triangle-a task=; uav-triangle-3=BUSY station= task=
2026-06-03 18:13:10 DRONES: x500_1: x=-4.65 y=0.00 z=0.03 | x500_2: x=-2.45 y=0.00 z=0.03
2026-06-03 18:13:10 PACKAGES: package* (none)
2026-06-03 18:13:10 CARGO: cargo* (none)
2026-06-03 18:13:10 STATIONS: station_base_visual: x=0.65 y=-0.40 z=0.06
2026-06-03 18:13:16 NETWORK: shipment: no active shipment | tasks:  | agents: uav-triangle-1=BUSY station= task=; uav-triangle-2=AVAILABLE station=station-triangle-a task=; uav-triangle-3=BUSY station= task=
2026-06-03 18:13:16 DRONES: x500_1: x=-4.65 y=0.00 z=0.03 | x500_2: x=-2.45 y=0.00 z=0.03
2026-06-03 18:13:16 PACKAGES: package* (none)
2026-06-03 18:13:16 CARGO: cargo* (none)
2026-06-03 18:13:16 STATIONS: station_base_visual: x=0.65 y=-0.40 z=0.06
2026-06-03 18:13:21 NETWORK: shipment: no active shipment | tasks:  | agents: uav-triangle-1=BUSY station= task=; uav-triangle-2=AVAILABLE station=station-triangle-a task=; uav-triangle-3=BUSY station= task=
2026-06-03 18:13:21 DRONES: x500_1: x=-4.65 y=0.00 z=0.03 | x500_2: x=-2.45 y=0.00 z=0.03
2026-06-03 18:13:21 PACKAGES: package* (none)
2026-06-03 18:13:21 CARGO: cargo* (none)
2026-06-03 18:13:21 STATIONS: station_base_visual: x=0.65 y=-0.40 z=0.06
2026-06-03 18:13:27 NETWORK: shipment: no active shipment | tasks:  | agents: uav-triangle-1=BUSY station= task=; uav-triangle-2=AVAILABLE station=station-triangle-a task=; uav-triangle-3=BUSY station= task=
2026-06-03 18:13:27 DRONES: x500_1: x=-4.65 y=0.00 z=0.03 | x500_2: x=-2.45 y=0.00 z=0.03
2026-06-03 18:13:27 PACKAGES: package* (none)
2026-06-03 18:13:27 CARGO: cargo* (none)
2026-06-03 18:13:27 STATIONS: station_base_visual: x=0.65 y=-0.40 z=0.06
2026-06-03 18:13:32 NETWORK: shipment: no active shipment | tasks:  | agents: uav-triangle-1=BUSY station= task=; uav-triangle-2=AVAILABLE station=station-triangle-a task=; uav-triangle-3=BUSY station= task=
2026-06-03 18:13:32 DRONES: x500_1: x=-4.65 y=0.00 z=0.03 | x500_2: x=-2.45 y=0.00 z=0.03
2026-06-03 18:13:32 PACKAGES: package* (none)
2026-06-03 18:13:32 CARGO: cargo* (none)
2026-06-03 18:13:32 STATIONS: station_base_visual: x=0.65 y=-0.40 z=0.06
2026-06-03 18:13:38 NETWORK: shipment: no active shipment | tasks:  | agents: uav-triangle-1=BUSY station= task=; uav-triangle-2=AVAILABLE station=station-triangle-a task=; uav-triangle-3=BUSY station= task=
2026-06-03 18:13:38 DRONES: x500_1: x=-4.65 y=0.00 z=0.03 | x500_2: x=-2.45 y=0.00 z=0.03
2026-06-03 18:13:38 PACKAGES: package* (none)
2026-06-03 18:13:38 CARGO: cargo* (none)
2026-06-03 18:13:38 STATIONS: station_base_visual: x=0.65 y=-0.40 z=0.06
2026-06-03 18:13:43 NETWORK: shipment: no active shipment | tasks:  | agents: uav-triangle-1=BUSY station= task=; uav-triangle-2=AVAILABLE station=station-triangle-a task=; uav-triangle-3=BUSY station= task=
2026-06-03 18:13:43 DRONES: x500_1: x=-4.65 y=0.00 z=0.03 | x500_2: x=-2.49 y=-0.04 z=12.79
2026-06-03 18:13:43 PACKAGES: package* (none)
2026-06-03 18:13:43 CARGO: cargo* (none)
2026-06-03 18:13:43 STATIONS: station_base_visual: x=0.65 y=-0.40 z=0.06
2026-06-03 18:13:48 NETWORK: shipment: no active shipment | tasks:  | agents: uav-triangle-1=BUSY station= task=; uav-triangle-2=AVAILABLE station=station-triangle-a task=; uav-triangle-3=BUSY station= task=
2026-06-03 18:13:48 DRONES: x500_1: x=-4.65 y=0.00 z=0.03 | x500_2: x=-2.47 y=-0.05 z=20.13
2026-06-03 18:13:48 PACKAGES: package* (none)
2026-06-03 18:13:48 CARGO: cargo* (none)
2026-06-03 18:13:48 STATIONS: station_base_visual: x=0.65 y=-0.40 z=0.06
2026-06-03 18:13:54 NETWORK: shipment: no active shipment | tasks:  | agents: uav-triangle-1=BUSY station= task=; uav-triangle-2=AVAILABLE station=station-triangle-a task=; uav-triangle-3=BUSY station= task=
2026-06-03 18:13:54 DRONES: x500_1: x=-4.65 y=0.00 z=0.03 | x500_2: x=-3.34 y=30.13 z=20.33
2026-06-03 18:13:54 PACKAGES: package* (none)
2026-06-03 18:13:54 CARGO: cargo* (none)
2026-06-03 18:13:54 STATIONS: station_base_visual: x=0.65 y=-0.40 z=0.06
2026-06-03 18:13:59 NETWORK: shipment: no active shipment | tasks:  | agents: uav-triangle-1=BUSY station= task=; uav-triangle-2=AVAILABLE station=station-triangle-a task=; uav-triangle-3=BUSY station= task=
2026-06-03 18:13:59 DRONES: x500_1: x=-4.65 y=0.00 z=0.03 | x500_2: x=-4.00 y=94.72 z=20.24
2026-06-03 18:13:59 PACKAGES: package* (none)
2026-06-03 18:13:59 CARGO: cargo* (none)
2026-06-03 18:13:59 STATIONS: station_base_visual: x=0.65 y=-0.40 z=0.06
2026-06-03 18:14:05 NETWORK: shipment: no active shipment | tasks:  | agents: uav-triangle-1=BUSY station= task=; uav-triangle-2=AVAILABLE station=station-triangle-a task=; uav-triangle-3=BUSY station= task=
2026-06-03 18:14:05 DRONES: x500_1: x=-4.65 y=0.00 z=0.03 | x500_2: x=-4.83 y=160.31 z=20.21
2026-06-03 18:14:05 PACKAGES: package* (none)
2026-06-03 18:14:05 CARGO: cargo* (none)
2026-06-03 18:14:05 STATIONS: station_base_visual: x=0.65 y=-0.40 z=0.06
2026-06-03 18:14:10 NETWORK: shipment: no active shipment | tasks:  | agents: uav-triangle-1=BUSY station= task=; uav-triangle-2=AVAILABLE station=station-triangle-a task=; uav-triangle-3=BUSY station= task=
2026-06-03 18:14:10 DRONES: x500_1: x=-4.65 y=0.00 z=0.03 | x500_2: x=-5.78 y=224.88 z=20.18
2026-06-03 18:14:10 PACKAGES: package* (none)
2026-06-03 18:14:10 CARGO: cargo* (none)
2026-06-03 18:14:10 STATIONS: station_base_visual: x=0.65 y=-0.40 z=0.06
2026-06-03 18:14:15 NETWORK: shipment: no active shipment | tasks:  | agents: uav-triangle-1=BUSY station= task=; uav-triangle-2=AVAILABLE station=station-triangle-a task=; uav-triangle-3=BUSY station= task=
2026-06-03 18:14:16 DRONES: x500_1: x=-4.65 y=0.00 z=0.03 | x500_2: x=-6.71 y=289.36 z=20.15
2026-06-03 18:14:16 PACKAGES: package* (none)
2026-06-03 18:14:16 CARGO: cargo* (none)
2026-06-03 18:14:16 STATIONS: station_base_visual: x=0.65 y=-0.40 z=0.06
2026-06-03 18:14:21 NETWORK: shipment: no active shipment | tasks:  | agents: uav-triangle-1=CHARGING station=station-triangle-c task=; uav-triangle-2=AVAILABLE station=station-triangle-a task=; uav-triangle-3=CHARGING station=station-triangle-b task=
2026-06-03 18:14:21 DRONES: x500_1: x=-4.65 y=0.00 z=0.03 | x500_2: x=-6.86 y=299.24 z=26.30
2026-06-03 18:14:21 PACKAGES: package* (none)
2026-06-03 18:14:21 CARGO: cargo* (none)
2026-06-03 18:14:21 STATIONS: station_base_visual: x=0.65 y=-0.40 z=0.06
2026-06-03 18:14:21 UAVs distributed one per station (scenario 3 success criterion).
2026-06-03 18:14:21 === Gazebo position monitor finished ===
2026-06-17 19:34:52 === Gazebo position monitor started (interval=5s, max=45m) ===
2026-06-17 19:34:53 NETWORK: shipment: no active shipment | tasks:  | agents: 20000000-0000-4000-8000-0000000000c1=ARMING station=10000000-0000-4000-8000-000000000020; 20000000-0000-4000-8000-0000000000c2=ARMING station=10000000-0000-4000-8000-000000000020; 20000000-0000-4000-8000-0000000000c3=ARMING station=10000000-0000-4000-8000-000000000020
2026-06-17 19:34:53 DRONES: x500* (none)
2026-06-17 19:34:53 PACKAGES: package* (none)
2026-06-17 19:34:53 CARGO: cargo* (none)
2026-06-17 19:34:53 STATIONS: station_base_visual: x=0.65 y=-0.40 z=0.06
2026-06-17 19:34:59 NETWORK: shipment: no active shipment | tasks:  | agents: 20000000-0000-4000-8000-0000000000c1=ARMING station=10000000-0000-4000-8000-000000000020; 20000000-0000-4000-8000-0000000000c2=ARMING station=10000000-0000-4000-8000-000000000020; 20000000-0000-4000-8000-0000000000c3=ARMING station=10000000-0000-4000-8000-000000000020
2026-06-17 19:34:59 DRONES: x500_1: x=-4.65 y=0.00 z=0.01 | x500_2: x=-2.45 y=0.00 z=0.01
2026-06-17 19:34:59 PACKAGES: package* (none)
2026-06-17 19:34:59 CARGO: cargo* (none)
2026-06-17 19:34:59 STATIONS: station_base_visual: x=0.65 y=-0.40 z=0.06
2026-06-17 19:35:05 NETWORK: shipment: no active shipment | tasks:  | agents: 20000000-0000-4000-8000-0000000000c1=ARMING station=10000000-0000-4000-8000-000000000020; 20000000-0000-4000-8000-0000000000c2=ARMING station=10000000-0000-4000-8000-000000000020; 20000000-0000-4000-8000-0000000000c3=ARMING station=10000000-0000-4000-8000-000000000020
2026-06-17 19:35:05 DRONES: x500_1: x=-4.65 y=0.00 z=0.01 | x500_2: x=-2.45 y=0.00 z=0.01
2026-06-17 19:35:05 PACKAGES: package* (none)
2026-06-17 19:35:05 CARGO: cargo* (none)
2026-06-17 19:35:05 STATIONS: station_base_visual: x=0.65 y=-0.40 z=0.06
2026-06-17 19:35:11 NETWORK: shipment: no active shipment | tasks:  | agents: 20000000-0000-4000-8000-0000000000c1=ARMING station=10000000-0000-4000-8000-000000000020; 20000000-0000-4000-8000-0000000000c2=ARMING station=10000000-0000-4000-8000-000000000020; 20000000-0000-4000-8000-0000000000c3=ARMING station=10000000-0000-4000-8000-000000000020
2026-06-17 19:35:11 DRONES: x500_1: x=-4.65 y=0.00 z=0.02 | x500_2: x=-2.45 y=0.00 z=0.02
2026-06-17 19:35:11 PACKAGES: package* (none)
2026-06-17 19:35:11 CARGO: cargo* (none)
2026-06-17 19:35:11 STATIONS: station_base_visual: x=0.65 y=-0.40 z=0.06
2026-06-17 19:35:17 NETWORK: shipment: no active shipment | tasks:  | agents: 20000000-0000-4000-8000-0000000000c1=ARMING station=10000000-0000-4000-8000-000000000020; 20000000-0000-4000-8000-0000000000c2=ARMING station=10000000-0000-4000-8000-000000000020; 20000000-0000-4000-8000-0000000000c3=ARMING station=10000000-0000-4000-8000-000000000020
2026-06-17 19:35:17 DRONES: x500_1: x=-4.65 y=0.00 z=0.02 | x500_2: x=-2.45 y=0.00 z=0.02
2026-06-17 19:35:17 PACKAGES: package* (none)
2026-06-17 19:35:17 CARGO: cargo* (none)
2026-06-17 19:35:17 STATIONS: station_base_visual: x=0.65 y=-0.40 z=0.06
2026-06-17 19:35:23 NETWORK: shipment: no active shipment | tasks:  | agents: 20000000-0000-4000-8000-0000000000c1=ARMING station=10000000-0000-4000-8000-000000000020; 20000000-0000-4000-8000-0000000000c2=ARMING station=10000000-0000-4000-8000-000000000020; 20000000-0000-4000-8000-0000000000c3=ARMING station=10000000-0000-4000-8000-000000000020
2026-06-17 19:35:23 DRONES: x500_1: x=-4.65 y=0.00 z=0.03 | x500_2: x=-2.45 y=0.00 z=0.03
2026-06-17 19:35:23 PACKAGES: package* (none)
2026-06-17 19:35:23 CARGO: cargo* (none)
2026-06-17 19:35:23 STATIONS: station_base_visual: x=0.65 y=-0.40 z=0.06
2026-06-17 19:35:29 NETWORK: shipment: no active shipment | tasks:  | agents: 20000000-0000-4000-8000-0000000000c1=ARMING station=10000000-0000-4000-8000-000000000020; 20000000-0000-4000-8000-0000000000c2=ARMING station=10000000-0000-4000-8000-000000000020; 20000000-0000-4000-8000-0000000000c3=ARMING station=10000000-0000-4000-8000-000000000020
2026-06-17 19:35:29 DRONES: x500_1: x=-4.65 y=0.00 z=0.03 | x500_2: x=-2.45 y=0.00 z=0.03
2026-06-17 19:35:29 PACKAGES: package* (none)
2026-06-17 19:35:29 CARGO: cargo* (none)
2026-06-17 19:35:29 STATIONS: station_base_visual: x=0.65 y=-0.40 z=0.06
2026-06-17 19:35:34 NETWORK: shipment: no active shipment | tasks:  | agents: 20000000-0000-4000-8000-0000000000c1=ARMING station=10000000-0000-4000-8000-000000000020; 20000000-0000-4000-8000-0000000000c2=ARMING station=10000000-0000-4000-8000-000000000020; 20000000-0000-4000-8000-0000000000c3=ARMING station=10000000-0000-4000-8000-000000000020
2026-06-17 19:35:34 DRONES: x500_1: x=-4.65 y=0.00 z=0.03 | x500_2: x=-2.45 y=0.00 z=0.03
2026-06-17 19:35:34 PACKAGES: package* (none)
2026-06-17 19:35:34 CARGO: cargo* (none)
2026-06-17 19:35:34 STATIONS: station_base_visual: x=0.65 y=-0.40 z=0.06
2026-06-17 19:35:40 NETWORK: shipment: no active shipment | tasks:  | agents: 20000000-0000-4000-8000-0000000000c1=ARMING station=10000000-0000-4000-8000-000000000020; 20000000-0000-4000-8000-0000000000c2=ARMING station=10000000-0000-4000-8000-000000000020; 20000000-0000-4000-8000-0000000000c3=ARMING station=10000000-0000-4000-8000-000000000020
2026-06-17 19:35:40 DRONES: x500_1: x=-4.65 y=0.00 z=0.03 | x500_2: x=-2.45 y=0.00 z=0.03
2026-06-17 19:35:40 PACKAGES: package* (none)
2026-06-17 19:35:40 CARGO: cargo* (none)
2026-06-17 19:35:40 STATIONS: station_base_visual: x=0.65 y=-0.40 z=0.06
2026-06-17 19:35:45 NETWORK: shipment: no active shipment | tasks:  | agents: 20000000-0000-4000-8000-0000000000c1=ARMING station=10000000-0000-4000-8000-000000000020; 20000000-0000-4000-8000-0000000000c2=ARMING station=10000000-0000-4000-8000-000000000020; 20000000-0000-4000-8000-0000000000c3=ARMING station=10000000-0000-4000-8000-000000000020
2026-06-17 19:35:45 DRONES: x500_1: x=-4.65 y=0.00 z=0.03 | x500_2: x=-2.45 y=0.00 z=0.03
2026-06-17 19:35:45 PACKAGES: package* (none)
2026-06-17 19:35:45 CARGO: cargo* (none)
2026-06-17 19:35:45 STATIONS: station_base_visual: x=0.65 y=-0.40 z=0.06
2026-06-17 19:35:51 NETWORK: shipment: no active shipment | tasks:  | agents: 20000000-0000-4000-8000-0000000000c1=ARMING station=10000000-0000-4000-8000-000000000020; 20000000-0000-4000-8000-0000000000c2=ARMING station=10000000-0000-4000-8000-000000000020; 20000000-0000-4000-8000-0000000000c3=ARMING station=10000000-0000-4000-8000-000000000020
2026-06-17 19:35:51 DRONES: x500_1: x=-4.65 y=0.00 z=0.03 | x500_2: x=-2.45 y=0.00 z=0.03
2026-06-17 19:35:51 PACKAGES: package* (none)
2026-06-17 19:35:51 CARGO: cargo* (none)
2026-06-17 19:35:51 STATIONS: station_base_visual: x=0.65 y=-0.40 z=0.06
2026-06-17 19:35:57 NETWORK: shipment: no active shipment | tasks:  | agents: 20000000-0000-4000-8000-0000000000c1=ARMING station=10000000-0000-4000-8000-000000000020; 20000000-0000-4000-8000-0000000000c2=ARMING station=10000000-0000-4000-8000-000000000020; 20000000-0000-4000-8000-0000000000c3=ARMING station=10000000-0000-4000-8000-000000000020
2026-06-17 19:35:57 DRONES: x500_1: x=-4.65 y=0.00 z=0.03 | x500_2: x=-2.45 y=0.00 z=0.03
2026-06-17 19:35:57 PACKAGES: package* (none)
2026-06-17 19:35:57 CARGO: cargo* (none)
2026-06-17 19:35:57 STATIONS: station_base_visual: x=0.65 y=-0.40 z=0.06
2026-06-17 19:36:03 NETWORK: shipment: no active shipment | tasks:  | agents: 20000000-0000-4000-8000-0000000000c1=ARMING station=10000000-0000-4000-8000-000000000020; 20000000-0000-4000-8000-0000000000c2=ARMING station=10000000-0000-4000-8000-000000000020; 20000000-0000-4000-8000-0000000000c3=ARMING station=10000000-0000-4000-8000-000000000020
2026-06-17 19:36:03 DRONES: x500_1: x=-4.65 y=0.00 z=0.03 | x500_2: x=-2.45 y=0.00 z=0.03
2026-06-17 19:36:03 PACKAGES: package* (none)
2026-06-17 19:36:03 CARGO: cargo* (none)
2026-06-17 19:36:03 STATIONS: station_base_visual: x=0.65 y=-0.40 z=0.06
2026-06-17 19:36:08 NETWORK: shipment: no active shipment | tasks:  | agents: 20000000-0000-4000-8000-0000000000c1=ARMING station=10000000-0000-4000-8000-000000000020; 20000000-0000-4000-8000-0000000000c2=ARMING station=10000000-0000-4000-8000-000000000020; 20000000-0000-4000-8000-0000000000c3=ARMING station=10000000-0000-4000-8000-000000000020
2026-06-17 19:36:08 DRONES: x500_1: x=-4.65 y=0.00 z=0.03 | x500_2: x=-2.45 y=0.00 z=0.03
2026-06-17 19:36:08 PACKAGES: package* (none)
2026-06-17 19:36:08 CARGO: cargo* (none)
2026-06-17 19:36:08 STATIONS: station_base_visual: x=0.65 y=-0.40 z=0.06
2026-06-17 19:36:14 NETWORK: shipment: no active shipment | tasks:  | agents: 20000000-0000-4000-8000-0000000000c1=ARMING station=10000000-0000-4000-8000-000000000020; 20000000-0000-4000-8000-0000000000c2=ARMING station=10000000-0000-4000-8000-000000000020; 20000000-0000-4000-8000-0000000000c3=ARMING station=10000000-0000-4000-8000-000000000020
2026-06-17 19:36:14 DRONES: x500_1: x=-4.65 y=0.00 z=0.03 | x500_2: x=-2.45 y=0.00 z=0.03
2026-06-17 19:36:14 PACKAGES: package* (none)
2026-06-17 19:36:14 CARGO: cargo* (none)
2026-06-17 19:36:14 STATIONS: station_base_visual: x=0.65 y=-0.40 z=0.06
2026-06-17 19:36:19 NETWORK: shipment: no active shipment | tasks:  | agents: 20000000-0000-4000-8000-0000000000c1=ARMING station=10000000-0000-4000-8000-000000000020; 20000000-0000-4000-8000-0000000000c2=ARMING station=10000000-0000-4000-8000-000000000020; 20000000-0000-4000-8000-0000000000c3=ARMING station=10000000-0000-4000-8000-000000000020
2026-06-17 19:36:19 DRONES: x500_1: x=-4.65 y=0.00 z=0.03 | x500_2: x=-2.45 y=0.00 z=0.03
2026-06-17 19:36:19 PACKAGES: package* (none)
2026-06-17 19:36:19 CARGO: cargo* (none)
2026-06-17 19:36:19 STATIONS: station_base_visual: x=0.65 y=-0.40 z=0.06
2026-06-17 19:36:25 NETWORK: shipment: no active shipment | tasks:  | agents: 20000000-0000-4000-8000-0000000000c1=ARMING station=10000000-0000-4000-8000-000000000020; 20000000-0000-4000-8000-0000000000c2=ARMING station=10000000-0000-4000-8000-000000000020; 20000000-0000-4000-8000-0000000000c3=ARMING station=10000000-0000-4000-8000-000000000020
2026-06-17 19:36:25 DRONES: x500_1: x=-4.65 y=0.00 z=0.03 | x500_2: x=-2.45 y=0.00 z=0.03
2026-06-17 19:36:25 PACKAGES: package* (none)
2026-06-17 19:36:25 CARGO: cargo* (none)
2026-06-17 19:36:25 STATIONS: station_base_visual: x=0.65 y=-0.40 z=0.06
2026-06-17 19:36:31 NETWORK: shipment: no active shipment | tasks:  | agents: 20000000-0000-4000-8000-0000000000c1=ARMING station=10000000-0000-4000-8000-000000000020; 20000000-0000-4000-8000-0000000000c2=ARMING station=10000000-0000-4000-8000-000000000020; 20000000-0000-4000-8000-0000000000c3=ARMING station=10000000-0000-4000-8000-000000000020
2026-06-17 19:36:31 DRONES: x500_1: x=-4.65 y=0.00 z=0.03 | x500_2: x=-2.45 y=0.00 z=0.03
2026-06-17 19:36:31 PACKAGES: package* (none)
2026-06-17 19:36:31 CARGO: cargo* (none)
2026-06-17 19:36:31 STATIONS: station_base_visual: x=0.65 y=-0.40 z=0.06
2026-06-17 19:36:36 NETWORK: shipment: no active shipment | tasks:  | agents: 20000000-0000-4000-8000-0000000000c1=ARMING station=10000000-0000-4000-8000-000000000020; 20000000-0000-4000-8000-0000000000c2=ARMING station=10000000-0000-4000-8000-000000000020; 20000000-0000-4000-8000-0000000000c3=ARMING station=10000000-0000-4000-8000-000000000020
2026-06-17 19:36:36 DRONES: x500_1: x=-4.65 y=0.00 z=0.03 | x500_2: x=-2.45 y=0.00 z=0.03
2026-06-17 19:36:36 PACKAGES: package* (none)
2026-06-17 19:36:36 CARGO: cargo* (none)
2026-06-17 19:36:36 STATIONS: station_base_visual: x=0.65 y=-0.40 z=0.06
2026-06-17 19:36:42 NETWORK: shipment: no active shipment | tasks:  | agents: 20000000-0000-4000-8000-0000000000c1=ARMING station=10000000-0000-4000-8000-000000000020; 20000000-0000-4000-8000-0000000000c2=ARMING station=10000000-0000-4000-8000-000000000020; 20000000-0000-4000-8000-0000000000c3=ARMING station=10000000-0000-4000-8000-000000000020
2026-06-17 19:36:42 DRONES: x500_1: x=-4.65 y=0.00 z=0.03 | x500_2: x=-2.45 y=0.00 z=0.03
2026-06-17 19:36:42 PACKAGES: package* (none)
2026-06-17 19:36:42 CARGO: cargo* (none)
2026-06-17 19:36:42 STATIONS: station_base_visual: x=0.65 y=-0.40 z=0.06
2026-06-17 19:36:47 NETWORK: shipment: no active shipment | tasks:  | agents: 20000000-0000-4000-8000-0000000000c1=ARMING station=10000000-0000-4000-8000-000000000020; 20000000-0000-4000-8000-0000000000c2=ARMING station=10000000-0000-4000-8000-000000000020; 20000000-0000-4000-8000-0000000000c3=ARMING station=10000000-0000-4000-8000-000000000020
2026-06-17 19:36:47 DRONES: x500_1: x=-4.65 y=0.00 z=0.03 | x500_2: x=-2.45 y=0.00 z=0.03
2026-06-17 19:36:47 PACKAGES: package* (none)
2026-06-17 19:36:47 CARGO: cargo* (none)
2026-06-17 19:36:47 STATIONS: station_base_visual: x=0.65 y=-0.40 z=0.06
2026-06-17 19:36:53 NETWORK: shipment: no active shipment | tasks:  | agents: 20000000-0000-4000-8000-0000000000c1=ARMING station=10000000-0000-4000-8000-000000000020; 20000000-0000-4000-8000-0000000000c2=ARMING station=10000000-0000-4000-8000-000000000020; 20000000-0000-4000-8000-0000000000c3=ARMING station=10000000-0000-4000-8000-000000000020
2026-06-17 19:36:53 DRONES: x500_1: x=-4.65 y=0.00 z=0.03 | x500_2: x=-2.45 y=0.00 z=0.03
2026-06-17 19:36:53 PACKAGES: package* (none)
2026-06-17 19:36:53 CARGO: cargo* (none)
2026-06-17 19:36:53 STATIONS: station_base_visual: x=0.65 y=-0.40 z=0.06
2026-06-17 19:36:59 NETWORK: shipment: no active shipment | tasks:  | agents: 20000000-0000-4000-8000-0000000000c1=ARMING station=10000000-0000-4000-8000-000000000020; 20000000-0000-4000-8000-0000000000c2=ARMING station=10000000-0000-4000-8000-000000000020; 20000000-0000-4000-8000-0000000000c3=ARMING station=10000000-0000-4000-8000-000000000020
2026-06-17 19:36:59 DRONES: x500_1: x=-4.65 y=0.00 z=0.03 | x500_2: x=-2.45 y=0.00 z=0.03
2026-06-17 19:36:59 PACKAGES: package* (none)
2026-06-17 19:36:59 CARGO: cargo* (none)
2026-06-17 19:36:59 STATIONS: station_base_visual: x=0.65 y=-0.40 z=0.06
2026-06-17 19:37:04 NETWORK: shipment: no active shipment | tasks:  | agents: 20000000-0000-4000-8000-0000000000c1=ARMING station=10000000-0000-4000-8000-000000000020; 20000000-0000-4000-8000-0000000000c2=ARMING station=10000000-0000-4000-8000-000000000020; 20000000-0000-4000-8000-0000000000c3=ARMING station=10000000-0000-4000-8000-000000000020
2026-06-17 19:37:04 DRONES: x500_1: x=-4.65 y=0.00 z=0.03 | x500_2: x=-2.45 y=0.00 z=0.03
2026-06-17 19:37:04 PACKAGES: package* (none)
2026-06-17 19:37:04 CARGO: cargo* (none)
2026-06-17 19:37:04 STATIONS: station_base_visual: x=0.65 y=-0.40 z=0.06
2026-06-17 19:37:10 NETWORK: shipment: no active shipment | tasks:  | agents: 20000000-0000-4000-8000-0000000000c1=ARMING station=10000000-0000-4000-8000-000000000020; 20000000-0000-4000-8000-0000000000c2=ARMING station=10000000-0000-4000-8000-000000000020; 20000000-0000-4000-8000-0000000000c3=ARMING station=10000000-0000-4000-8000-000000000020
2026-06-17 19:37:10 DRONES: x500_1: x=-4.65 y=0.00 z=0.03 | x500_2: x=-2.45 y=0.00 z=0.03
2026-06-17 19:37:10 PACKAGES: package* (none)
2026-06-17 19:37:10 CARGO: cargo* (none)
2026-06-17 19:37:10 STATIONS: station_base_visual: x=0.65 y=-0.40 z=0.06
2026-06-17 19:37:16 NETWORK: shipment: no active shipment | tasks:  | agents: 20000000-0000-4000-8000-0000000000c1=ARMING station=10000000-0000-4000-8000-000000000020; 20000000-0000-4000-8000-0000000000c2=ARMING station=10000000-0000-4000-8000-000000000020; 20000000-0000-4000-8000-0000000000c3=ARMING station=10000000-0000-4000-8000-000000000020
2026-06-17 19:37:16 DRONES: x500_1: x=-4.65 y=0.00 z=0.03 | x500_2: x=-2.45 y=0.00 z=0.03
2026-06-17 19:37:16 PACKAGES: package* (none)
2026-06-17 19:37:16 CARGO: cargo* (none)
2026-06-17 19:37:16 STATIONS: station_base_visual: x=0.65 y=-0.40 z=0.06
2026-06-17 19:37:21 NETWORK: shipment: no active shipment | tasks:  | agents: 20000000-0000-4000-8000-0000000000c1=ARMING station=10000000-0000-4000-8000-000000000020; 20000000-0000-4000-8000-0000000000c2=ARMING station=10000000-0000-4000-8000-000000000020; 20000000-0000-4000-8000-0000000000c3=ARMING station=10000000-0000-4000-8000-000000000020
2026-06-17 19:37:21 DRONES: x500_1: x=-4.65 y=0.00 z=0.03 | x500_2: x=-2.45 y=0.00 z=0.03
2026-06-17 19:37:21 PACKAGES: package* (none)
2026-06-17 19:37:21 CARGO: cargo* (none)
2026-06-17 19:37:21 STATIONS: station_base_visual: x=0.65 y=-0.40 z=0.06
2026-06-17 19:37:27 NETWORK: shipment: no active shipment | tasks:  | agents: 20000000-0000-4000-8000-0000000000c1=ARMING station=10000000-0000-4000-8000-000000000020; 20000000-0000-4000-8000-0000000000c2=ARMING station=10000000-0000-4000-8000-000000000020; 20000000-0000-4000-8000-0000000000c3=AVAILABLE station=10000000-0000-4000-8000-000000000020
2026-06-17 19:37:27 DRONES: x500_1: x=-4.65 y=0.00 z=0.03 | x500_2: x=-2.45 y=0.00 z=0.03
2026-06-17 19:37:27 PACKAGES: package* (none)
2026-06-17 19:37:27 CARGO: cargo* (none)
2026-06-17 19:37:27 STATIONS: station_base_visual: x=0.65 y=-0.40 z=0.06
2026-06-17 19:37:32 NETWORK: shipment: no active shipment | tasks: e2d36408…=IN_PROGRESS agent=20000000-0000-4000-8000-0000000000c3; 0c8e9221…=IN_PROGRESS agent=20000000-0000-4000-8000-0000000000c1 | agents: 20000000-0000-4000-8000-0000000000c1=BUSY station=; 20000000-0000-4000-8000-0000000000c2=AVAILABLE station=10000000-0000-4000-8000-000000000020; 20000000-0000-4000-8000-0000000000c3=BUSY station=
2026-06-17 19:37:32 DRONES: x500_1: x=-4.65 y=0.00 z=0.03 | x500_2: x=-2.45 y=0.00 z=0.03
2026-06-17 19:37:32 PACKAGES: package* (none)
2026-06-17 19:37:32 CARGO: cargo* (none)
2026-06-17 19:37:32 STATIONS: station_base_visual: x=0.65 y=-0.40 z=0.06
2026-06-17 19:37:38 NETWORK: shipment: no active shipment | tasks: e2d36408…=IN_PROGRESS agent=20000000-0000-4000-8000-0000000000c3; 0c8e9221…=IN_PROGRESS agent=20000000-0000-4000-8000-0000000000c1 | agents: 20000000-0000-4000-8000-0000000000c1=BUSY station=; 20000000-0000-4000-8000-0000000000c2=AVAILABLE station=10000000-0000-4000-8000-000000000020; 20000000-0000-4000-8000-0000000000c3=BUSY station=
2026-06-17 19:37:38 DRONES: x500_1: x=-4.65 y=0.00 z=0.03 | x500_2: x=-2.39 y=0.00 z=1.73
2026-06-17 19:37:38 PACKAGES: package* (none)
2026-06-17 19:37:38 CARGO: cargo* (none)
2026-06-17 19:37:38 STATIONS: station_base_visual: x=0.65 y=-0.40 z=0.06
2026-06-17 19:37:43 NETWORK: shipment: no active shipment | tasks: e2d36408…=IN_PROGRESS agent=20000000-0000-4000-8000-0000000000c3; 0c8e9221…=IN_PROGRESS agent=20000000-0000-4000-8000-0000000000c1 | agents: 20000000-0000-4000-8000-0000000000c1=BUSY station=; 20000000-0000-4000-8000-0000000000c2=AVAILABLE station=10000000-0000-4000-8000-000000000020; 20000000-0000-4000-8000-0000000000c3=BUSY station=
2026-06-17 19:37:43 DRONES: x500_1: x=-4.65 y=0.00 z=0.03 | x500_2: x=-2.43 y=0.03 z=9.76
2026-06-17 19:37:43 PACKAGES: package* (none)
2026-06-17 19:37:43 CARGO: cargo* (none)
2026-06-17 19:37:43 STATIONS: station_base_visual: x=0.65 y=-0.40 z=0.06
2026-06-17 19:37:49 NETWORK: shipment: no active shipment | tasks: e2d36408…=IN_PROGRESS agent=20000000-0000-4000-8000-0000000000c3; 0c8e9221…=IN_PROGRESS agent=20000000-0000-4000-8000-0000000000c1 | agents: 20000000-0000-4000-8000-0000000000c1=BUSY station=; 20000000-0000-4000-8000-0000000000c2=AVAILABLE station=10000000-0000-4000-8000-000000000020; 20000000-0000-4000-8000-0000000000c3=BUSY station=
2026-06-17 19:37:49 DRONES: x500_1: x=-4.65 y=0.00 z=0.03 | x500_2: x=-2.45 y=0.01 z=19.29
2026-06-17 19:37:49 PACKAGES: package* (none)
2026-06-17 19:37:49 CARGO: cargo* (none)
2026-06-17 19:37:49 STATIONS: station_base_visual: x=0.65 y=-0.40 z=0.06
2026-06-17 19:37:55 NETWORK: shipment: no active shipment | tasks: e2d36408…=IN_PROGRESS agent=20000000-0000-4000-8000-0000000000c3; 0c8e9221…=IN_PROGRESS agent=20000000-0000-4000-8000-0000000000c1 | agents: 20000000-0000-4000-8000-0000000000c1=BUSY station=; 20000000-0000-4000-8000-0000000000c2=AVAILABLE station=10000000-0000-4000-8000-000000000020; 20000000-0000-4000-8000-0000000000c3=BUSY station=
2026-06-17 19:37:55 DRONES: x500_1: x=-4.65 y=0.00 z=0.03 | x500_2: x=-2.69 y=20.25 z=19.88
2026-06-17 19:37:55 PACKAGES: package* (none)
2026-06-17 19:37:55 CARGO: cargo* (none)
2026-06-17 19:37:55 STATIONS: station_base_visual: x=0.65 y=-0.40 z=0.06
2026-06-17 19:38:00 NETWORK: shipment: no active shipment | tasks: e2d36408…=IN_PROGRESS agent=20000000-0000-4000-8000-0000000000c3; 0c8e9221…=IN_PROGRESS agent=20000000-0000-4000-8000-0000000000c1 | agents: 20000000-0000-4000-8000-0000000000c1=BUSY station=; 20000000-0000-4000-8000-0000000000c2=AVAILABLE station=10000000-0000-4000-8000-000000000020; 20000000-0000-4000-8000-0000000000c3=BUSY station=
2026-06-17 19:38:00 DRONES: x500_1: x=-4.65 y=0.00 z=0.03 | x500_2: x=-3.04 y=47.28 z=19.92
2026-06-17 19:38:00 PACKAGES: package* (none)
2026-06-17 19:38:00 CARGO: cargo* (none)
2026-06-17 19:38:00 STATIONS: station_base_visual: x=0.65 y=-0.40 z=0.06
2026-06-17 19:38:05 NETWORK: shipment: no active shipment | tasks: e2d36408…=IN_PROGRESS agent=20000000-0000-4000-8000-0000000000c3; 0c8e9221…=IN_PROGRESS agent=20000000-0000-4000-8000-0000000000c1 | agents: 20000000-0000-4000-8000-0000000000c1=BUSY station=; 20000000-0000-4000-8000-0000000000c2=AVAILABLE station=10000000-0000-4000-8000-000000000020; 20000000-0000-4000-8000-0000000000c3=BUSY station=
2026-06-17 19:38:05 DRONES: x500_1: x=-4.65 y=0.00 z=0.03 | x500_2: x=-3.48 y=74.30 z=19.92
2026-06-17 19:38:05 PACKAGES: package* (none)
2026-06-17 19:38:05 CARGO: cargo* (none)
2026-06-17 19:38:05 STATIONS: station_base_visual: x=0.65 y=-0.40 z=0.06
2026-06-17 19:38:11 NETWORK: shipment: no active shipment | tasks: e2d36408…=IN_PROGRESS agent=20000000-0000-4000-8000-0000000000c3; 0c8e9221…=IN_PROGRESS agent=20000000-0000-4000-8000-0000000000c1 | agents: 20000000-0000-4000-8000-0000000000c1=BUSY station=; 20000000-0000-4000-8000-0000000000c2=AVAILABLE station=10000000-0000-4000-8000-000000000020; 20000000-0000-4000-8000-0000000000c3=BUSY station=
2026-06-17 19:38:11 DRONES: x500_1: x=-4.65 y=0.00 z=0.03 | x500_2: x=-3.92 y=101.48 z=19.89
2026-06-17 19:38:11 PACKAGES: package* (none)
2026-06-17 19:38:11 CARGO: cargo* (none)
2026-06-17 19:38:11 STATIONS: station_base_visual: x=0.65 y=-0.40 z=0.06
2026-06-17 19:38:16 NETWORK: shipment: no active shipment | tasks: e2d36408…=IN_PROGRESS agent=20000000-0000-4000-8000-0000000000c3; 0c8e9221…=IN_PROGRESS agent=20000000-0000-4000-8000-0000000000c1 | agents: 20000000-0000-4000-8000-0000000000c1=BUSY station=; 20000000-0000-4000-8000-0000000000c2=AVAILABLE station=10000000-0000-4000-8000-000000000020; 20000000-0000-4000-8000-0000000000c3=BUSY station=
2026-06-17 19:38:16 DRONES: x500_1: x=-4.65 y=0.00 z=0.03 | x500_2: x=-4.35 y=128.65 z=19.93
2026-06-17 19:38:16 PACKAGES: package* (none)
2026-06-17 19:38:16 CARGO: cargo* (none)
2026-06-17 19:38:16 STATIONS: station_base_visual: x=0.65 y=-0.40 z=0.06
2026-06-17 19:38:22 NETWORK: shipment: no active shipment | tasks: e2d36408…=IN_PROGRESS agent=20000000-0000-4000-8000-0000000000c3; 0c8e9221…=IN_PROGRESS agent=20000000-0000-4000-8000-0000000000c1 | agents: 20000000-0000-4000-8000-0000000000c1=BUSY station=; 20000000-0000-4000-8000-0000000000c2=AVAILABLE station=10000000-0000-4000-8000-000000000020; 20000000-0000-4000-8000-0000000000c3=BUSY station=
2026-06-17 19:38:22 DRONES: x500_1: x=-4.65 y=0.00 z=0.03 | x500_2: x=-4.71 y=156.27 z=19.92
2026-06-17 19:38:22 PACKAGES: package* (none)
2026-06-17 19:38:22 CARGO: cargo* (none)
2026-06-17 19:38:22 STATIONS: station_base_visual: x=0.65 y=-0.40 z=0.06
2026-06-17 19:38:27 NETWORK: shipment: no active shipment | tasks: e2d36408…=IN_PROGRESS agent=20000000-0000-4000-8000-0000000000c3; 0c8e9221…=IN_PROGRESS agent=20000000-0000-4000-8000-0000000000c1 | agents: 20000000-0000-4000-8000-0000000000c1=BUSY station=; 20000000-0000-4000-8000-0000000000c2=AVAILABLE station=10000000-0000-4000-8000-000000000020; 20000000-0000-4000-8000-0000000000c3=BUSY station=
2026-06-17 19:38:27 DRONES: x500_1: x=-4.65 y=0.00 z=0.03 | x500_2: x=-5.13 y=183.64 z=19.87
2026-06-17 19:38:27 PACKAGES: package* (none)
2026-06-17 19:38:27 CARGO: cargo* (none)
2026-06-17 19:38:27 STATIONS: station_base_visual: x=0.65 y=-0.40 z=0.06
2026-06-17 19:38:33 NETWORK: shipment: no active shipment | tasks: e2d36408…=IN_PROGRESS agent=20000000-0000-4000-8000-0000000000c3; 0c8e9221…=IN_PROGRESS agent=20000000-0000-4000-8000-0000000000c1 | agents: 20000000-0000-4000-8000-0000000000c1=BUSY station=; 20000000-0000-4000-8000-0000000000c2=AVAILABLE station=10000000-0000-4000-8000-000000000020; 20000000-0000-4000-8000-0000000000c3=BUSY station=
2026-06-17 19:38:33 DRONES: x500_1: x=-4.65 y=0.00 z=0.03 | x500_2: x=-5.54 y=210.95 z=19.98
2026-06-17 19:38:33 PACKAGES: package* (none)
2026-06-17 19:38:33 CARGO: cargo* (none)
2026-06-17 19:38:33 STATIONS: station_base_visual: x=0.65 y=-0.40 z=0.06
2026-06-17 19:38:38 NETWORK: shipment: no active shipment | tasks: e2d36408…=IN_PROGRESS agent=20000000-0000-4000-8000-0000000000c3; 0c8e9221…=IN_PROGRESS agent=20000000-0000-4000-8000-0000000000c1 | agents: 20000000-0000-4000-8000-0000000000c1=BUSY station=; 20000000-0000-4000-8000-0000000000c2=AVAILABLE station=10000000-0000-4000-8000-000000000020; 20000000-0000-4000-8000-0000000000c3=BUSY station=
2026-06-17 19:38:38 DRONES: x500_1: x=-4.65 y=0.00 z=0.03 | x500_2: x=-5.97 y=237.88 z=20.06
2026-06-17 19:38:38 PACKAGES: package* (none)
2026-06-17 19:38:38 CARGO: cargo* (none)
2026-06-17 19:38:38 STATIONS: station_base_visual: x=0.65 y=-0.40 z=0.06
2026-06-17 19:38:44 NETWORK: shipment: no active shipment | tasks: e2d36408…=IN_PROGRESS agent=20000000-0000-4000-8000-0000000000c3; 0c8e9221…=IN_PROGRESS agent=20000000-0000-4000-8000-0000000000c1 | agents: 20000000-0000-4000-8000-0000000000c1=BUSY station=; 20000000-0000-4000-8000-0000000000c2=AVAILABLE station=10000000-0000-4000-8000-000000000020; 20000000-0000-4000-8000-0000000000c3=BUSY station=
2026-06-17 19:38:44 DRONES: x500_1: x=-4.65 y=0.00 z=0.03 | x500_2: x=-6.36 y=265.18 z=20.04
2026-06-17 19:38:44 PACKAGES: package* (none)
2026-06-17 19:38:44 CARGO: cargo* (none)
2026-06-17 19:38:44 STATIONS: station_base_visual: x=0.65 y=-0.40 z=0.06
2026-06-17 19:38:49 NETWORK: shipment: no active shipment | tasks: e2d36408…=IN_PROGRESS agent=20000000-0000-4000-8000-0000000000c3; 0c8e9221…=IN_PROGRESS agent=20000000-0000-4000-8000-0000000000c1 | agents: 20000000-0000-4000-8000-0000000000c1=BUSY station=; 20000000-0000-4000-8000-0000000000c2=AVAILABLE station=10000000-0000-4000-8000-000000000020; 20000000-0000-4000-8000-0000000000c3=BUSY station=
2026-06-17 19:38:49 DRONES: x500_1: x=-4.65 y=0.00 z=0.03 | x500_2: x=-6.72 y=291.91 z=20.09
2026-06-17 19:38:49 PACKAGES: package* (none)
2026-06-17 19:38:49 CARGO: cargo* (none)
2026-06-17 19:38:49 STATIONS: station_base_visual: x=0.65 y=-0.40 z=0.06
2026-06-17 19:38:54 NETWORK: shipment: no active shipment | tasks: e2d36408…=IN_PROGRESS agent=20000000-0000-4000-8000-0000000000c3; 0c8e9221…=IN_PROGRESS agent=20000000-0000-4000-8000-0000000000c1 | agents: 20000000-0000-4000-8000-0000000000c1=BUSY station=; 20000000-0000-4000-8000-0000000000c2=AVAILABLE station=10000000-0000-4000-8000-000000000020; 20000000-0000-4000-8000-0000000000c3=BUSY station=
2026-06-17 19:38:54 DRONES: x500_1: x=-4.65 y=0.00 z=0.03 | x500_2: x=-6.94 y=299.42 z=20.13
2026-06-17 19:38:54 PACKAGES: package* (none)
2026-06-17 19:38:54 CARGO: cargo* (none)
2026-06-17 19:38:54 STATIONS: station_base_visual: x=0.65 y=-0.40 z=0.06
2026-06-17 19:39:00 NETWORK: shipment: no active shipment | tasks: e2d36408…=IN_PROGRESS agent=20000000-0000-4000-8000-0000000000c3; 0c8e9221…=IN_PROGRESS agent=20000000-0000-4000-8000-0000000000c1 | agents: 20000000-0000-4000-8000-0000000000c1=BUSY station=; 20000000-0000-4000-8000-0000000000c2=AVAILABLE station=10000000-0000-4000-8000-000000000020; 20000000-0000-4000-8000-0000000000c3=BUSY station=
2026-06-17 19:39:00 DRONES: x500_1: x=-4.65 y=0.00 z=0.03 | x500_2: x=-6.92 y=299.56 z=16.15
2026-06-17 19:39:00 PACKAGES: package* (none)
2026-06-17 19:39:00 CARGO: cargo* (none)
2026-06-17 19:39:00 STATIONS: station_base_visual: x=0.65 y=-0.40 z=0.06
2026-06-17 19:39:05 NETWORK: shipment: no active shipment | tasks: e2d36408…=IN_PROGRESS agent=20000000-0000-4000-8000-0000000000c3; 0c8e9221…=IN_PROGRESS agent=20000000-0000-4000-8000-0000000000c1 | agents: 20000000-0000-4000-8000-0000000000c1=BUSY station=; 20000000-0000-4000-8000-0000000000c2=AVAILABLE station=10000000-0000-4000-8000-000000000020; 20000000-0000-4000-8000-0000000000c3=BUSY station=
2026-06-17 19:39:05 DRONES: x500_1: x=-4.65 y=0.00 z=0.03 | x500_2: x=-6.84 y=299.57 z=8.30
2026-06-17 19:39:05 PACKAGES: package* (none)
2026-06-17 19:39:05 CARGO: cargo* (none)
2026-06-17 19:39:05 STATIONS: station_base_visual: x=0.65 y=-0.40 z=0.06
2026-06-17 19:39:11 NETWORK: shipment: no active shipment | tasks: e2d36408…=IN_PROGRESS agent=20000000-0000-4000-8000-0000000000c3; 0c8e9221…=IN_PROGRESS agent=20000000-0000-4000-8000-0000000000c1 | agents: 20000000-0000-4000-8000-0000000000c1=BUSY station=; 20000000-0000-4000-8000-0000000000c2=AVAILABLE station=10000000-0000-4000-8000-000000000020; 20000000-0000-4000-8000-0000000000c3=BUSY station=
2026-06-17 19:39:11 DRONES: x500_1: x=-4.65 y=0.00 z=0.03 | x500_2: x=-6.85 y=299.52 z=3.63
2026-06-17 19:39:11 PACKAGES: package* (none)
2026-06-17 19:39:11 CARGO: cargo* (none)
2026-06-17 19:39:11 STATIONS: station_base_visual: x=0.65 y=-0.40 z=0.06
2026-06-17 19:39:16 NETWORK: shipment: no active shipment | tasks:  | agents: 20000000-0000-4000-8000-0000000000c1=CHARGING station=10000000-0000-4000-8000-000000000022; 20000000-0000-4000-8000-0000000000c2=AVAILABLE station=10000000-0000-4000-8000-000000000020; 20000000-0000-4000-8000-0000000000c3=CHARGING station=10000000-0000-4000-8000-000000000021
2026-06-17 19:39:16 DRONES: x500_1: x=-4.65 y=0.00 z=0.03 | x500_2: x=-6.82 y=299.51 z=0.03
2026-06-17 19:39:16 PACKAGES: package* (none)
2026-06-17 19:39:16 CARGO: cargo* (none)
2026-06-17 19:39:16 STATIONS: station_base_visual: x=0.65 y=-0.40 z=0.06
2026-06-17 19:39:16 UAVs distributed one per station (scenario 3 success criterion).
2026-06-17 19:39:16 === Gazebo position monitor finished ===
2026-06-17 20:01:34 === Gazebo position monitor started (interval=5s, max=45m) ===
2026-06-17 20:01:35 NETWORK: shipment: no active shipment | tasks:  | agents: 20000000-0000-4000-8000-0000000000c1=ARMING station=10000000-0000-4000-8000-000000000020; 20000000-0000-4000-8000-0000000000c2=ARMING station=10000000-0000-4000-8000-000000000020; 20000000-0000-4000-8000-0000000000c3=ARMING station=10000000-0000-4000-8000-000000000020
2026-06-17 20:01:35 DRONES: x500* (none)
2026-06-17 20:01:35 PACKAGES: package* (none)
2026-06-17 20:01:35 CARGO: cargo* (none)
2026-06-17 20:01:35 STATIONS: station_base_visual: x=0.65 y=-0.40 z=0.06
2026-06-17 20:01:40 NETWORK: shipment: no active shipment | tasks:  | agents: 20000000-0000-4000-8000-0000000000c1=ARMING station=10000000-0000-4000-8000-000000000020; 20000000-0000-4000-8000-0000000000c2=ARMING station=10000000-0000-4000-8000-000000000020; 20000000-0000-4000-8000-0000000000c3=ARMING station=10000000-0000-4000-8000-000000000020
2026-06-17 20:01:40 DRONES: x500_1: x=-4.65 y=0.00 z=0.01 | x500_2: x=-2.45 y=0.00 z=0.01
2026-06-17 20:01:40 PACKAGES: package* (none)
2026-06-17 20:01:40 CARGO: cargo* (none)
2026-06-17 20:01:40 STATIONS: station_base_visual: x=0.65 y=-0.40 z=0.06
2026-06-17 20:01:46 NETWORK: shipment: no active shipment | tasks:  | agents: 20000000-0000-4000-8000-0000000000c1=ARMING station=10000000-0000-4000-8000-000000000020; 20000000-0000-4000-8000-0000000000c2=ARMING station=10000000-0000-4000-8000-000000000020; 20000000-0000-4000-8000-0000000000c3=ARMING station=10000000-0000-4000-8000-000000000020
2026-06-17 20:01:46 DRONES: x500_1: x=-4.65 y=0.00 z=0.01 | x500_2: x=-2.45 y=0.00 z=0.01
2026-06-17 20:01:46 PACKAGES: package* (none)
2026-06-17 20:01:46 CARGO: cargo* (none)
2026-06-17 20:01:46 STATIONS: station_base_visual: x=0.65 y=-0.40 z=0.06
2026-06-17 20:01:52 NETWORK: shipment: no active shipment | tasks:  | agents: 20000000-0000-4000-8000-0000000000c1=ARMING station=10000000-0000-4000-8000-000000000020; 20000000-0000-4000-8000-0000000000c2=ARMING station=10000000-0000-4000-8000-000000000020; 20000000-0000-4000-8000-0000000000c3=ARMING station=10000000-0000-4000-8000-000000000020
2026-06-17 20:01:52 DRONES: x500_1: x=-4.65 y=0.00 z=0.02 | x500_2: x=-2.45 y=0.00 z=0.02
2026-06-17 20:01:52 PACKAGES: package* (none)
2026-06-17 20:01:52 CARGO: cargo* (none)
2026-06-17 20:01:52 STATIONS: station_base_visual: x=0.65 y=-0.40 z=0.06
2026-06-17 20:01:57 NETWORK: shipment: no active shipment | tasks:  | agents: 20000000-0000-4000-8000-0000000000c1=ARMING station=10000000-0000-4000-8000-000000000020; 20000000-0000-4000-8000-0000000000c2=ARMING station=10000000-0000-4000-8000-000000000020; 20000000-0000-4000-8000-0000000000c3=ARMING station=10000000-0000-4000-8000-000000000020
2026-06-17 20:01:57 DRONES: x500_1: x=-4.65 y=0.00 z=0.02 | x500_2: x=-2.45 y=0.00 z=0.02
2026-06-17 20:01:57 PACKAGES: package* (none)
2026-06-17 20:01:57 CARGO: cargo* (none)
2026-06-17 20:01:57 STATIONS: station_base_visual: x=0.65 y=-0.40 z=0.06
2026-06-17 20:02:03 NETWORK: shipment: no active shipment | tasks:  | agents: 20000000-0000-4000-8000-0000000000c1=ARMING station=10000000-0000-4000-8000-000000000020; 20000000-0000-4000-8000-0000000000c2=ARMING station=10000000-0000-4000-8000-000000000020; 20000000-0000-4000-8000-0000000000c3=ARMING station=10000000-0000-4000-8000-000000000020
2026-06-17 20:02:03 DRONES: x500_1: x=-4.65 y=0.00 z=0.03 | x500_2: x=-2.45 y=0.00 z=0.03
2026-06-17 20:02:03 PACKAGES: package* (none)
2026-06-17 20:02:03 CARGO: cargo* (none)
2026-06-17 20:02:03 STATIONS: station_base_visual: x=0.65 y=-0.40 z=0.06
2026-06-17 20:02:08 NETWORK: shipment: no active shipment | tasks:  | agents: 20000000-0000-4000-8000-0000000000c1=ARMING station=10000000-0000-4000-8000-000000000020; 20000000-0000-4000-8000-0000000000c2=ARMING station=10000000-0000-4000-8000-000000000020; 20000000-0000-4000-8000-0000000000c3=ARMING station=10000000-0000-4000-8000-000000000020
2026-06-17 20:02:08 DRONES: x500_1: x=-4.65 y=0.00 z=0.03 | x500_2: x=-2.45 y=0.00 z=0.03
2026-06-17 20:02:08 PACKAGES: package* (none)
2026-06-17 20:02:08 CARGO: cargo* (none)
2026-06-17 20:02:08 STATIONS: station_base_visual: x=0.65 y=-0.40 z=0.06
2026-06-17 20:02:13 NETWORK: shipment: no active shipment | tasks:  | agents: 20000000-0000-4000-8000-0000000000c1=ARMING station=10000000-0000-4000-8000-000000000020; 20000000-0000-4000-8000-0000000000c2=ARMING station=10000000-0000-4000-8000-000000000020; 20000000-0000-4000-8000-0000000000c3=ARMING station=10000000-0000-4000-8000-000000000020
2026-06-17 20:02:13 DRONES: x500_1: x=-4.65 y=0.00 z=0.03 | x500_2: x=-2.45 y=0.00 z=0.03
2026-06-17 20:02:13 PACKAGES: package* (none)
2026-06-17 20:02:13 CARGO: cargo* (none)
2026-06-17 20:02:13 STATIONS: station_base_visual: x=0.65 y=-0.40 z=0.06
2026-06-17 20:02:19 NETWORK: shipment: no active shipment | tasks:  | agents: 20000000-0000-4000-8000-0000000000c1=ARMING station=10000000-0000-4000-8000-000000000020; 20000000-0000-4000-8000-0000000000c2=ARMING station=10000000-0000-4000-8000-000000000020; 20000000-0000-4000-8000-0000000000c3=ARMING station=10000000-0000-4000-8000-000000000020
2026-06-17 20:02:19 DRONES: x500_1: x=-4.65 y=0.00 z=0.03 | x500_2: x=-2.45 y=0.00 z=0.03
2026-06-17 20:02:19 PACKAGES: package* (none)
2026-06-17 20:02:19 CARGO: cargo* (none)
2026-06-17 20:02:19 STATIONS: station_base_visual: x=0.65 y=-0.40 z=0.06
2026-06-17 20:02:25 NETWORK: shipment: no active shipment | tasks:  | agents: 20000000-0000-4000-8000-0000000000c1=ARMING station=10000000-0000-4000-8000-000000000020; 20000000-0000-4000-8000-0000000000c2=ARMING station=10000000-0000-4000-8000-000000000020; 20000000-0000-4000-8000-0000000000c3=ARMING station=10000000-0000-4000-8000-000000000020
2026-06-17 20:02:25 DRONES: x500_1: x=-4.65 y=0.00 z=0.03 | x500_2: x=-2.45 y=0.00 z=0.03
2026-06-17 20:02:25 PACKAGES: package* (none)
2026-06-17 20:02:25 CARGO: cargo* (none)
2026-06-17 20:02:25 STATIONS: station_base_visual: x=0.65 y=-0.40 z=0.06
2026-06-17 20:02:30 NETWORK: shipment: no active shipment | tasks:  | agents: 20000000-0000-4000-8000-0000000000c1=ARMING station=10000000-0000-4000-8000-000000000020; 20000000-0000-4000-8000-0000000000c2=ARMING station=10000000-0000-4000-8000-000000000020; 20000000-0000-4000-8000-0000000000c3=ARMING station=10000000-0000-4000-8000-000000000020
2026-06-17 20:02:31 DRONES: x500_1: x=-4.65 y=0.00 z=0.03 | x500_2: x=-2.45 y=0.00 z=0.03
2026-06-17 20:02:31 PACKAGES: package* (none)
2026-06-17 20:02:31 CARGO: cargo* (none)
2026-06-17 20:02:31 STATIONS: station_base_visual: x=0.65 y=-0.40 z=0.06
2026-06-17 20:02:36 NETWORK: shipment: no active shipment | tasks:  | agents: 20000000-0000-4000-8000-0000000000c1=ARMING station=10000000-0000-4000-8000-000000000020; 20000000-0000-4000-8000-0000000000c2=ARMING station=10000000-0000-4000-8000-000000000020; 20000000-0000-4000-8000-0000000000c3=ARMING station=10000000-0000-4000-8000-000000000020
2026-06-17 20:02:36 DRONES: x500_1: x=-4.65 y=0.00 z=0.03 | x500_2: x=-2.45 y=0.00 z=0.03
2026-06-17 20:02:36 PACKAGES: package* (none)
2026-06-17 20:02:36 CARGO: cargo* (none)
2026-06-17 20:02:36 STATIONS: station_base_visual: x=0.65 y=-0.40 z=0.06
2026-06-17 20:02:42 NETWORK: shipment: no active shipment | tasks:  | agents: 20000000-0000-4000-8000-0000000000c1=ARMING station=10000000-0000-4000-8000-000000000020; 20000000-0000-4000-8000-0000000000c2=ARMING station=10000000-0000-4000-8000-000000000020; 20000000-0000-4000-8000-0000000000c3=ARMING station=10000000-0000-4000-8000-000000000020
2026-06-17 20:02:42 DRONES: x500_1: x=-4.65 y=0.00 z=0.03 | x500_2: x=-2.45 y=0.00 z=0.03
2026-06-17 20:02:42 PACKAGES: package* (none)
2026-06-17 20:02:42 CARGO: cargo* (none)
2026-06-17 20:02:42 STATIONS: station_base_visual: x=0.65 y=-0.40 z=0.06
2026-06-17 20:02:47 NETWORK: shipment: no active shipment | tasks:  | agents: 20000000-0000-4000-8000-0000000000c1=ARMING station=10000000-0000-4000-8000-000000000020; 20000000-0000-4000-8000-0000000000c2=ARMING station=10000000-0000-4000-8000-000000000020; 20000000-0000-4000-8000-0000000000c3=ARMING station=10000000-0000-4000-8000-000000000020
2026-06-17 20:02:47 DRONES: x500_1: x=-4.65 y=0.00 z=0.03 | x500_2: x=-2.45 y=0.00 z=0.03
2026-06-17 20:02:47 PACKAGES: package* (none)
2026-06-17 20:02:47 CARGO: cargo* (none)
2026-06-17 20:02:47 STATIONS: station_base_visual: x=0.65 y=-0.40 z=0.06
2026-06-17 20:02:53 NETWORK: shipment: no active shipment | tasks:  | agents: 20000000-0000-4000-8000-0000000000c1=ARMING station=10000000-0000-4000-8000-000000000020; 20000000-0000-4000-8000-0000000000c2=ARMING station=10000000-0000-4000-8000-000000000020; 20000000-0000-4000-8000-0000000000c3=ARMING station=10000000-0000-4000-8000-000000000020
2026-06-17 20:02:53 DRONES: x500_1: x=-4.65 y=0.00 z=0.03 | x500_2: x=-2.45 y=0.00 z=0.03
2026-06-17 20:02:53 PACKAGES: package* (none)
2026-06-17 20:02:53 CARGO: cargo* (none)
2026-06-17 20:02:53 STATIONS: station_base_visual: x=0.65 y=-0.40 z=0.06
2026-06-17 20:02:58 NETWORK: shipment: no active shipment | tasks:  | agents: 20000000-0000-4000-8000-0000000000c1=ARMING station=10000000-0000-4000-8000-000000000020; 20000000-0000-4000-8000-0000000000c2=ARMING station=10000000-0000-4000-8000-000000000020; 20000000-0000-4000-8000-0000000000c3=ARMING station=10000000-0000-4000-8000-000000000020
2026-06-17 20:02:58 DRONES: x500_1: x=-4.65 y=0.00 z=0.03 | x500_2: x=-2.45 y=0.00 z=0.03
2026-06-17 20:02:58 PACKAGES: package* (none)
2026-06-17 20:02:58 CARGO: cargo* (none)
2026-06-17 20:02:58 STATIONS: station_base_visual: x=0.65 y=-0.40 z=0.06
2026-06-17 20:03:04 NETWORK: shipment: no active shipment | tasks:  | agents: 20000000-0000-4000-8000-0000000000c1=ARMING station=10000000-0000-4000-8000-000000000020; 20000000-0000-4000-8000-0000000000c2=ARMING station=10000000-0000-4000-8000-000000000020; 20000000-0000-4000-8000-0000000000c3=ARMING station=10000000-0000-4000-8000-000000000020
2026-06-17 20:03:04 DRONES: x500_1: x=-4.65 y=0.00 z=0.03 | x500_2: x=-2.45 y=0.00 z=0.03
2026-06-17 20:03:04 PACKAGES: package* (none)
2026-06-17 20:03:04 CARGO: cargo* (none)
2026-06-17 20:03:04 STATIONS: station_base_visual: x=0.65 y=-0.40 z=0.06
2026-06-17 20:03:09 NETWORK: shipment: no active shipment | tasks:  | agents: 20000000-0000-4000-8000-0000000000c1=ARMING station=10000000-0000-4000-8000-000000000020; 20000000-0000-4000-8000-0000000000c2=ARMING station=10000000-0000-4000-8000-000000000020; 20000000-0000-4000-8000-0000000000c3=ARMING station=10000000-0000-4000-8000-000000000020
2026-06-17 20:03:09 DRONES: x500_1: x=-4.65 y=0.00 z=0.03 | x500_2: x=-2.45 y=0.00 z=0.03
2026-06-17 20:03:10 PACKAGES: package* (none)
2026-06-17 20:03:10 CARGO: cargo* (none)
2026-06-17 20:03:10 STATIONS: station_base_visual: x=0.65 y=-0.40 z=0.06
2026-06-17 20:03:15 NETWORK: shipment: no active shipment | tasks:  | agents: 20000000-0000-4000-8000-0000000000c1=ARMING station=10000000-0000-4000-8000-000000000020; 20000000-0000-4000-8000-0000000000c2=ARMING station=10000000-0000-4000-8000-000000000020; 20000000-0000-4000-8000-0000000000c3=ARMING station=10000000-0000-4000-8000-000000000020
2026-06-17 20:03:15 DRONES: x500_1: x=-4.65 y=0.00 z=0.03 | x500_2: x=-2.45 y=0.00 z=0.03
2026-06-17 20:03:15 PACKAGES: package* (none)
2026-06-17 20:03:15 CARGO: cargo* (none)
2026-06-17 20:03:15 STATIONS: station_base_visual: x=0.65 y=-0.40 z=0.06
2026-06-17 20:03:21 NETWORK: shipment: no active shipment | tasks:  | agents: 20000000-0000-4000-8000-0000000000c1=ARMING station=10000000-0000-4000-8000-000000000020; 20000000-0000-4000-8000-0000000000c2=ARMING station=10000000-0000-4000-8000-000000000020; 20000000-0000-4000-8000-0000000000c3=ARMING station=10000000-0000-4000-8000-000000000020
2026-06-17 20:03:21 DRONES: x500_1: x=-4.65 y=0.00 z=0.03 | x500_2: x=-2.45 y=0.00 z=0.03
2026-06-17 20:03:21 PACKAGES: package* (none)
2026-06-17 20:03:21 CARGO: cargo* (none)
2026-06-17 20:03:21 STATIONS: station_base_visual: x=0.65 y=-0.40 z=0.06
2026-06-17 20:03:27 NETWORK: shipment: no active shipment | tasks:  | agents: 20000000-0000-4000-8000-0000000000c1=ARMING station=10000000-0000-4000-8000-000000000020; 20000000-0000-4000-8000-0000000000c2=ARMING station=10000000-0000-4000-8000-000000000020; 20000000-0000-4000-8000-0000000000c3=ARMING station=10000000-0000-4000-8000-000000000020
2026-06-17 20:03:27 DRONES: x500_1: x=-4.65 y=0.00 z=0.03 | x500_2: x=-2.45 y=0.00 z=0.03
2026-06-17 20:03:27 PACKAGES: package* (none)
2026-06-17 20:03:27 CARGO: cargo* (none)
2026-06-17 20:03:27 STATIONS: station_base_visual: x=0.65 y=-0.40 z=0.06
2026-06-17 20:03:32 NETWORK: shipment: no active shipment | tasks:  | agents: 20000000-0000-4000-8000-0000000000c1=ARMING station=10000000-0000-4000-8000-000000000020; 20000000-0000-4000-8000-0000000000c2=ARMING station=10000000-0000-4000-8000-000000000020; 20000000-0000-4000-8000-0000000000c3=ARMING station=10000000-0000-4000-8000-000000000020
2026-06-17 20:03:32 DRONES: x500_1: x=-4.65 y=0.00 z=0.03 | x500_2: x=-2.45 y=0.00 z=0.03
2026-06-17 20:03:32 PACKAGES: package* (none)
2026-06-17 20:03:32 CARGO: cargo* (none)
2026-06-17 20:03:32 STATIONS: station_base_visual: x=0.65 y=-0.40 z=0.06
2026-06-17 20:03:38 NETWORK: shipment: no active shipment | tasks:  | agents: 20000000-0000-4000-8000-0000000000c1=ARMING station=10000000-0000-4000-8000-000000000020; 20000000-0000-4000-8000-0000000000c2=ARMING station=10000000-0000-4000-8000-000000000020; 20000000-0000-4000-8000-0000000000c3=ARMING station=10000000-0000-4000-8000-000000000020
2026-06-17 20:03:38 DRONES: x500_1: x=-4.65 y=0.00 z=0.03 | x500_2: x=-2.45 y=0.00 z=0.03
2026-06-17 20:03:38 PACKAGES: package* (none)
2026-06-17 20:03:38 CARGO: cargo* (none)
2026-06-17 20:03:38 STATIONS: station_base_visual: x=0.65 y=-0.40 z=0.06
2026-06-17 20:03:44 NETWORK: shipment: no active shipment | tasks:  | agents: 20000000-0000-4000-8000-0000000000c1=ARMING station=10000000-0000-4000-8000-000000000020; 20000000-0000-4000-8000-0000000000c2=ARMING station=10000000-0000-4000-8000-000000000020; 20000000-0000-4000-8000-0000000000c3=ARMING station=10000000-0000-4000-8000-000000000020
2026-06-17 20:03:44 DRONES: x500_1: x=-4.65 y=0.00 z=0.03 | x500_2: x=-2.45 y=0.00 z=0.03
2026-06-17 20:03:44 PACKAGES: package* (none)
2026-06-17 20:03:44 CARGO: cargo* (none)
2026-06-17 20:03:44 STATIONS: station_base_visual: x=0.65 y=-0.40 z=0.06
2026-06-17 20:03:49 NETWORK: shipment: no active shipment | tasks:  | agents: 20000000-0000-4000-8000-0000000000c1=ARMING station=10000000-0000-4000-8000-000000000020; 20000000-0000-4000-8000-0000000000c2=ARMING station=10000000-0000-4000-8000-000000000020; 20000000-0000-4000-8000-0000000000c3=ARMING station=10000000-0000-4000-8000-000000000020
2026-06-17 20:03:49 DRONES: x500_1: x=-4.65 y=0.00 z=0.03 | x500_2: x=-2.45 y=0.00 z=0.03
2026-06-17 20:03:49 PACKAGES: package* (none)
2026-06-17 20:03:49 CARGO: cargo* (none)
2026-06-17 20:03:49 STATIONS: station_base_visual: x=0.65 y=-0.40 z=0.06
2026-06-17 20:03:54 NETWORK: shipment: no active shipment | tasks:  | agents: 20000000-0000-4000-8000-0000000000c1=ARMING station=10000000-0000-4000-8000-000000000020; 20000000-0000-4000-8000-0000000000c2=ARMING station=10000000-0000-4000-8000-000000000020; 20000000-0000-4000-8000-0000000000c3=ARMING station=10000000-0000-4000-8000-000000000020
2026-06-17 20:03:54 DRONES: x500_1: x=-4.65 y=0.00 z=0.03 | x500_2: x=-2.45 y=0.00 z=0.03
2026-06-17 20:03:54 PACKAGES: package* (none)
2026-06-17 20:03:54 CARGO: cargo* (none)
2026-06-17 20:03:54 STATIONS: station_base_visual: x=0.65 y=-0.40 z=0.06
2026-06-17 20:04:00 NETWORK: shipment: no active shipment | tasks: e2d36408…=IN_PROGRESS agent=20000000-0000-4000-8000-0000000000c2; 0c8e9221…=IN_PROGRESS agent=20000000-0000-4000-8000-0000000000c3 | agents: 20000000-0000-4000-8000-0000000000c1=AVAILABLE station=10000000-0000-4000-8000-000000000020; 20000000-0000-4000-8000-0000000000c2=BUSY station=; 20000000-0000-4000-8000-0000000000c3=BUSY station=
2026-06-17 20:04:00 DRONES: x500_1: x=-4.65 y=0.00 z=0.03 | x500_2: x=-2.45 y=0.00 z=0.03
2026-06-17 20:04:00 PACKAGES: package* (none)
2026-06-17 20:04:00 CARGO: cargo* (none)
2026-06-17 20:04:00 STATIONS: station_base_visual: x=0.65 y=-0.40 z=0.06
2026-06-17 20:04:05 NETWORK: shipment: no active shipment | tasks: e2d36408…=IN_PROGRESS agent=20000000-0000-4000-8000-0000000000c2; 0c8e9221…=IN_PROGRESS agent=20000000-0000-4000-8000-0000000000c3 | agents: 20000000-0000-4000-8000-0000000000c1=AVAILABLE station=10000000-0000-4000-8000-000000000020; 20000000-0000-4000-8000-0000000000c2=BUSY station=; 20000000-0000-4000-8000-0000000000c3=BUSY station=
2026-06-17 20:04:05 DRONES: x500_1: x=-4.62 y=-0.02 z=0.64 | x500_2: x=-2.45 y=0.00 z=0.07
2026-06-17 20:04:05 PACKAGES: package* (none)
2026-06-17 20:04:05 CARGO: cargo* (none)
2026-06-17 20:04:05 STATIONS: station_base_visual: x=0.65 y=-0.40 z=0.06
2026-06-17 20:04:11 NETWORK: shipment: no active shipment | tasks: e2d36408…=IN_PROGRESS agent=20000000-0000-4000-8000-0000000000c2; 0c8e9221…=IN_PROGRESS agent=20000000-0000-4000-8000-0000000000c3 | agents: 20000000-0000-4000-8000-0000000000c1=AVAILABLE station=10000000-0000-4000-8000-000000000020; 20000000-0000-4000-8000-0000000000c2=BUSY station=; 20000000-0000-4000-8000-0000000000c3=BUSY station=
2026-06-17 20:04:11 DRONES: x500_1: x=-4.65 y=0.04 z=8.28 | x500_2: x=-2.42 y=0.01 z=6.84
2026-06-17 20:04:11 PACKAGES: package* (none)
2026-06-17 20:04:11 CARGO: cargo* (none)
2026-06-17 20:04:11 STATIONS: station_base_visual: x=0.65 y=-0.40 z=0.06
2026-06-17 20:04:16 NETWORK: shipment: no active shipment | tasks: e2d36408…=IN_PROGRESS agent=20000000-0000-4000-8000-0000000000c2; 0c8e9221…=IN_PROGRESS agent=20000000-0000-4000-8000-0000000000c3 | agents: 20000000-0000-4000-8000-0000000000c1=AVAILABLE station=10000000-0000-4000-8000-000000000020; 20000000-0000-4000-8000-0000000000c2=BUSY station=; 20000000-0000-4000-8000-0000000000c3=BUSY station=
2026-06-17 20:04:16 DRONES: x500_1: x=-4.67 y=-0.02 z=18.24 | x500_2: x=-2.41 y=0.06 z=17.17
2026-06-17 20:04:16 PACKAGES: package* (none)
2026-06-17 20:04:16 CARGO: cargo* (none)
2026-06-17 20:04:16 STATIONS: station_base_visual: x=0.65 y=-0.40 z=0.06
2026-06-17 20:04:21 NETWORK: shipment: no active shipment | tasks: e2d36408…=IN_PROGRESS agent=20000000-0000-4000-8000-0000000000c2; 0c8e9221…=IN_PROGRESS agent=20000000-0000-4000-8000-0000000000c3 | agents: 20000000-0000-4000-8000-0000000000c1=AVAILABLE station=10000000-0000-4000-8000-000000000020; 20000000-0000-4000-8000-0000000000c2=BUSY station=; 20000000-0000-4000-8000-0000000000c3=BUSY station=
2026-06-17 20:04:21 DRONES: x500_1: x=-4.80 y=12.25 z=19.73 | x500_2: x=4.52 y=4.41 z=19.69
2026-06-17 20:04:21 PACKAGES: package* (none)
2026-06-17 20:04:21 CARGO: cargo* (none)
2026-06-17 20:04:21 STATIONS: station_base_visual: x=0.65 y=-0.40 z=0.06
2026-06-17 20:04:27 NETWORK: shipment: no active shipment | tasks: e2d36408…=IN_PROGRESS agent=20000000-0000-4000-8000-0000000000c2; 0c8e9221…=IN_PROGRESS agent=20000000-0000-4000-8000-0000000000c3 | agents: 20000000-0000-4000-8000-0000000000c1=AVAILABLE station=10000000-0000-4000-8000-000000000020; 20000000-0000-4000-8000-0000000000c2=BUSY station=; 20000000-0000-4000-8000-0000000000c3=BUSY station=
2026-06-17 20:04:27 DRONES: x500_1: x=-4.89 y=39.27 z=19.73 | x500_2: x=27.79 y=17.50 z=19.68
2026-06-17 20:04:27 PACKAGES: package* (none)
2026-06-17 20:04:27 CARGO: cargo* (none)
2026-06-17 20:04:27 STATIONS: station_base_visual: x=0.65 y=-0.40 z=0.06
2026-06-17 20:04:32 NETWORK: shipment: no active shipment | tasks: e2d36408…=IN_PROGRESS agent=20000000-0000-4000-8000-0000000000c2; 0c8e9221…=IN_PROGRESS agent=20000000-0000-4000-8000-0000000000c3 | agents: 20000000-0000-4000-8000-0000000000c1=AVAILABLE station=10000000-0000-4000-8000-000000000020; 20000000-0000-4000-8000-0000000000c2=BUSY station=; 20000000-0000-4000-8000-0000000000c3=BUSY station=
2026-06-17 20:04:32 DRONES: x500_1: x=-5.12 y=66.13 z=19.74 | x500_2: x=51.02 y=31.30 z=19.71
2026-06-17 20:04:32 PACKAGES: package* (none)
2026-06-17 20:04:32 CARGO: cargo* (none)
2026-06-17 20:04:32 STATIONS: station_base_visual: x=0.65 y=-0.40 z=0.06
2026-06-17 20:04:37 NETWORK: shipment: no active shipment | tasks: e2d36408…=IN_PROGRESS agent=20000000-0000-4000-8000-0000000000c2; 0c8e9221…=IN_PROGRESS agent=20000000-0000-4000-8000-0000000000c3 | agents: 20000000-0000-4000-8000-0000000000c1=AVAILABLE station=10000000-0000-4000-8000-000000000020; 20000000-0000-4000-8000-0000000000c2=BUSY station=; 20000000-0000-4000-8000-0000000000c3=BUSY station=
2026-06-17 20:04:37 DRONES: x500_1: x=-5.34 y=93.47 z=19.78 | x500_2: x=74.64 y=45.15 z=19.74
2026-06-17 20:04:37 PACKAGES: package* (none)
2026-06-17 20:04:37 CARGO: cargo* (none)
2026-06-17 20:04:37 STATIONS: station_base_visual: x=0.65 y=-0.40 z=0.06
2026-06-17 20:04:43 NETWORK: shipment: no active shipment | tasks: e2d36408…=IN_PROGRESS agent=20000000-0000-4000-8000-0000000000c2; 0c8e9221…=IN_PROGRESS agent=20000000-0000-4000-8000-0000000000c3 | agents: 20000000-0000-4000-8000-0000000000c1=AVAILABLE station=10000000-0000-4000-8000-000000000020; 20000000-0000-4000-8000-0000000000c2=BUSY station=; 20000000-0000-4000-8000-0000000000c3=BUSY station=
2026-06-17 20:04:43 DRONES: x500_1: x=-5.56 y=120.28 z=19.80 | x500_2: x=97.82 y=58.75 z=19.75
2026-06-17 20:04:43 PACKAGES: package* (none)
2026-06-17 20:04:43 CARGO: cargo* (none)
2026-06-17 20:04:43 STATIONS: station_base_visual: x=0.65 y=-0.40 z=0.06
2026-06-17 20:04:48 NETWORK: shipment: no active shipment | tasks: e2d36408…=IN_PROGRESS agent=20000000-0000-4000-8000-0000000000c2; 0c8e9221…=IN_PROGRESS agent=20000000-0000-4000-8000-0000000000c3 | agents: 20000000-0000-4000-8000-0000000000c1=AVAILABLE station=10000000-0000-4000-8000-000000000020; 20000000-0000-4000-8000-0000000000c2=BUSY station=; 20000000-0000-4000-8000-0000000000c3=BUSY station=
2026-06-17 20:04:48 DRONES: x500_1: x=-5.75 y=147.94 z=19.84 | x500_2: x=121.67 y=72.70 z=19.77
2026-06-17 20:04:48 PACKAGES: package* (none)
2026-06-17 20:04:48 CARGO: cargo* (none)
2026-06-17 20:04:48 STATIONS: station_base_visual: x=0.65 y=-0.40 z=0.06
2026-06-17 20:04:54 NETWORK: shipment: no active shipment | tasks: e2d36408…=IN_PROGRESS agent=20000000-0000-4000-8000-0000000000c2; 0c8e9221…=IN_PROGRESS agent=20000000-0000-4000-8000-0000000000c3 | agents: 20000000-0000-4000-8000-0000000000c1=AVAILABLE station=10000000-0000-4000-8000-000000000020; 20000000-0000-4000-8000-0000000000c2=BUSY station=; 20000000-0000-4000-8000-0000000000c3=BUSY station=
2026-06-17 20:04:54 DRONES: x500_1: x=-5.91 y=175.01 z=19.84 | x500_2: x=145.19 y=86.44 z=19.82
2026-06-17 20:04:54 PACKAGES: package* (none)
2026-06-17 20:04:54 CARGO: cargo* (none)
2026-06-17 20:04:54 STATIONS: station_base_visual: x=0.65 y=-0.40 z=0.06
2026-06-17 20:04:59 NETWORK: shipment: no active shipment | tasks: e2d36408…=IN_PROGRESS agent=20000000-0000-4000-8000-0000000000c2; 0c8e9221…=IN_PROGRESS agent=20000000-0000-4000-8000-0000000000c3 | agents: 20000000-0000-4000-8000-0000000000c1=AVAILABLE station=10000000-0000-4000-8000-000000000020; 20000000-0000-4000-8000-0000000000c2=BUSY station=; 20000000-0000-4000-8000-0000000000c3=BUSY station=
2026-06-17 20:04:59 DRONES: x500_1: x=-6.12 y=202.35 z=19.84 | x500_2: x=168.79 y=100.26 z=19.83
2026-06-17 20:04:59 PACKAGES: package* (none)
2026-06-17 20:04:59 CARGO: cargo* (none)
2026-06-17 20:04:59 STATIONS: station_base_visual: x=0.65 y=-0.40 z=0.06
2026-06-17 20:05:05 NETWORK: shipment: no active shipment | tasks: e2d36408…=IN_PROGRESS agent=20000000-0000-4000-8000-0000000000c2; 0c8e9221…=IN_PROGRESS agent=20000000-0000-4000-8000-0000000000c3 | agents: 20000000-0000-4000-8000-0000000000c1=AVAILABLE station=10000000-0000-4000-8000-000000000020; 20000000-0000-4000-8000-0000000000c2=BUSY station=; 20000000-0000-4000-8000-0000000000c3=BUSY station=
2026-06-17 20:05:05 DRONES: x500_1: x=-6.34 y=229.75 z=19.88 | x500_2: x=192.45 y=114.13 z=19.85
2026-06-17 20:05:05 PACKAGES: package* (none)
2026-06-17 20:05:05 CARGO: cargo* (none)
2026-06-17 20:05:05 STATIONS: station_base_visual: x=0.65 y=-0.40 z=0.06
2026-06-17 20:05:10 NETWORK: shipment: no active shipment | tasks: e2d36408…=IN_PROGRESS agent=20000000-0000-4000-8000-0000000000c2; 0c8e9221…=IN_PROGRESS agent=20000000-0000-4000-8000-0000000000c3 | agents: 20000000-0000-4000-8000-0000000000c1=AVAILABLE station=10000000-0000-4000-8000-000000000020; 20000000-0000-4000-8000-0000000000c2=BUSY station=; 20000000-0000-4000-8000-0000000000c3=BUSY station=
2026-06-17 20:05:10 DRONES: x500_1: x=-6.55 y=256.62 z=19.92 | x500_2: x=215.68 y=127.81 z=19.88
2026-06-17 20:05:10 PACKAGES: package* (none)
2026-06-17 20:05:10 CARGO: cargo* (none)
2026-06-17 20:05:10 STATIONS: station_base_visual: x=0.65 y=-0.40 z=0.06
2026-06-17 20:05:16 NETWORK: shipment: no active shipment | tasks: e2d36408…=IN_PROGRESS agent=20000000-0000-4000-8000-0000000000c2; 0c8e9221…=IN_PROGRESS agent=20000000-0000-4000-8000-0000000000c3 | agents: 20000000-0000-4000-8000-0000000000c1=AVAILABLE station=10000000-0000-4000-8000-000000000020; 20000000-0000-4000-8000-0000000000c2=BUSY station=; 20000000-0000-4000-8000-0000000000c3=BUSY station=
2026-06-17 20:05:16 DRONES: x500_1: x=-6.75 y=283.99 z=19.94 | x500_2: x=239.42 y=141.64 z=19.92
2026-06-17 20:05:16 PACKAGES: package* (none)
2026-06-17 20:05:16 CARGO: cargo* (none)
2026-06-17 20:05:16 STATIONS: station_base_visual: x=0.65 y=-0.40 z=0.06
2026-06-17 20:05:21 NETWORK: shipment: no active shipment | tasks: e2d36408…=IN_PROGRESS agent=20000000-0000-4000-8000-0000000000c2; 0c8e9221…=IN_PROGRESS agent=20000000-0000-4000-8000-0000000000c3 | agents: 20000000-0000-4000-8000-0000000000c1=AVAILABLE station=10000000-0000-4000-8000-000000000020; 20000000-0000-4000-8000-0000000000c2=BUSY station=; 20000000-0000-4000-8000-0000000000c3=BUSY station=
2026-06-17 20:05:21 DRONES: x500_1: x=-6.71 y=299.06 z=19.98 | x500_2: x=252.94 y=149.42 z=19.95
2026-06-17 20:05:21 PACKAGES: package* (none)
2026-06-17 20:05:21 CARGO: cargo* (none)
2026-06-17 20:05:21 STATIONS: station_base_visual: x=0.65 y=-0.40 z=0.06
2026-06-17 20:05:26 NETWORK: shipment: no active shipment | tasks: e2d36408…=IN_PROGRESS agent=20000000-0000-4000-8000-0000000000c2; 0c8e9221…=IN_PROGRESS agent=20000000-0000-4000-8000-0000000000c3 | agents: 20000000-0000-4000-8000-0000000000c1=AVAILABLE station=10000000-0000-4000-8000-000000000020; 20000000-0000-4000-8000-0000000000c2=BUSY station=; 20000000-0000-4000-8000-0000000000c3=BUSY station=
2026-06-17 20:05:26 DRONES: x500_1: x=-6.98 y=299.56 z=17.53 | x500_2: x=253.35 y=149.87 z=17.56
2026-06-17 20:05:26 PACKAGES: package* (none)
2026-06-17 20:05:26 CARGO: cargo* (none)
2026-06-17 20:05:26 STATIONS: station_base_visual: x=0.65 y=-0.40 z=0.06
2026-06-17 20:05:32 NETWORK: shipment: no active shipment | tasks: e2d36408…=IN_PROGRESS agent=20000000-0000-4000-8000-0000000000c2; 0c8e9221…=IN_PROGRESS agent=20000000-0000-4000-8000-0000000000c3 | agents: 20000000-0000-4000-8000-0000000000c1=AVAILABLE station=10000000-0000-4000-8000-000000000020; 20000000-0000-4000-8000-0000000000c2=BUSY station=; 20000000-0000-4000-8000-0000000000c3=BUSY station=
2026-06-17 20:05:32 DRONES: x500_1: x=-6.86 y=299.53 z=9.52 | x500_2: x=253.36 y=149.80 z=9.64
2026-06-17 20:05:32 PACKAGES: package* (none)
2026-06-17 20:05:32 CARGO: cargo* (none)
2026-06-17 20:05:32 STATIONS: station_base_visual: x=0.65 y=-0.40 z=0.06
2026-06-17 20:05:37 NETWORK: shipment: no active shipment | tasks: e2d36408…=IN_PROGRESS agent=20000000-0000-4000-8000-0000000000c2; 0c8e9221…=IN_PROGRESS agent=20000000-0000-4000-8000-0000000000c3 | agents: 20000000-0000-4000-8000-0000000000c1=AVAILABLE station=10000000-0000-4000-8000-000000000020; 20000000-0000-4000-8000-0000000000c2=BUSY station=; 20000000-0000-4000-8000-0000000000c3=BUSY station=
2026-06-17 20:05:37 DRONES: x500_1: x=-6.81 y=299.56 z=4.20 | x500_2: x=253.42 y=149.81 z=4.24
2026-06-17 20:05:37 PACKAGES: package* (none)
2026-06-17 20:05:37 CARGO: cargo* (none)
2026-06-17 20:05:37 STATIONS: station_base_visual: x=0.65 y=-0.40 z=0.06
2026-06-17 20:05:43 NETWORK: shipment: no active shipment | tasks:  | agents: 20000000-0000-4000-8000-0000000000c1=AVAILABLE station=10000000-0000-4000-8000-000000000020; 20000000-0000-4000-8000-0000000000c2=CHARGING station=10000000-0000-4000-8000-000000000021; 20000000-0000-4000-8000-0000000000c3=CHARGING station=10000000-0000-4000-8000-000000000022
2026-06-17 20:05:43 DRONES: x500_1: x=-6.87 y=299.57 z=0.44 | x500_2: x=253.40 y=149.81 z=0.48
2026-06-17 20:05:43 PACKAGES: package* (none)
2026-06-17 20:05:43 CARGO: cargo* (none)
2026-06-17 20:05:43 STATIONS: station_base_visual: x=0.65 y=-0.40 z=0.06
2026-06-17 20:05:43 UAVs distributed one per station (scenario 3 success criterion).
2026-06-17 20:05:43 === Gazebo position monitor finished ===
