2026-06-03 17:38:45 === Gazebo position monitor started (interval=5s, max=45m) ===
2026-06-03 17:38:45 NETWORK: shipment: 6a7ea151…=WAITING station= carrier= | tasks: cad553a8…=AVAILABLE agent= | agents: ugv-east=ARMING task=; ugv-west=ARMING task=
2026-06-03 17:38:45 DRONES: x500* (none)
2026-06-03 17:38:45 PACKAGES: package* (none)
2026-06-03 17:38:45 CARGO: cargo* (none)
2026-06-03 17:38:45 STATIONS: station_base_visual: x=-0.45 y=-0.40 z=0.06
2026-06-03 17:38:51 NETWORK: shipment: 6a7ea151…=WAITING station= carrier= | tasks: cad553a8…=AVAILABLE agent= | agents: ugv-east=ARMING task=; ugv-west=ARMING task=
2026-06-03 17:38:51 DRONES: x500* (none)
2026-06-03 17:38:51 PACKAGES: package_visual: x=-0.09 y=0.00 z=0.11
2026-06-03 17:38:51 CARGO: cargo* (none)
2026-06-03 17:38:51 STATIONS: station_base_visual: x=-0.45 y=-0.40 z=0.06
2026-06-03 17:38:56 NETWORK: shipment: 6a7ea151…=WAITING station= carrier= | tasks: cad553a8…=AVAILABLE agent= | agents: ugv-east=ARMING task=; ugv-west=ARMING task=
2026-06-03 17:38:56 DRONES: x500* (none)
2026-06-03 17:38:56 PACKAGES: package_visual: x=-0.09 y=0.00 z=0.11
2026-06-03 17:38:56 CARGO: cargo* (none)
2026-06-03 17:38:56 STATIONS: station_base_visual: x=-0.45 y=-0.40 z=0.06
2026-06-03 17:39:02 NETWORK: shipment: 6a7ea151…=WAITING station= carrier= | tasks: cad553a8…=AVAILABLE agent= | agents: ugv-east=ARMING task=; ugv-west=ARMING task=
2026-06-03 17:39:02 DRONES: x500* (none)
2026-06-03 17:39:02 PACKAGES: package_visual: x=-0.09 y=0.00 z=0.11
2026-06-03 17:39:02 CARGO: cargo* (none)
2026-06-03 17:39:02 STATIONS: station_base_visual: x=-0.45 y=-0.40 z=0.06
2026-06-03 17:39:08 NETWORK: shipment: 6a7ea151…=WAITING station= carrier= | tasks: cad553a8…=AVAILABLE agent= | agents: ugv-east=ARMING task=; ugv-west=ARMING task=
2026-06-03 17:39:08 DRONES: x500* (none)
2026-06-03 17:39:08 PACKAGES: package_visual: x=-0.09 y=0.00 z=0.11
2026-06-03 17:39:08 CARGO: cargo* (none)
2026-06-03 17:39:08 STATIONS: station_base_visual: x=-0.45 y=-0.40 z=0.06
2026-06-03 17:39:13 NETWORK: shipment: 6a7ea151…=WAITING station= carrier= | tasks: cad553a8…=AVAILABLE agent= | agents: ugv-east=ARMING task=; ugv-west=ARMING task=
2026-06-03 17:39:13 DRONES: x500* (none)
2026-06-03 17:39:13 PACKAGES: package_visual: x=-0.09 y=0.00 z=0.11
2026-06-03 17:39:13 CARGO: cargo* (none)
2026-06-03 17:39:13 STATIONS: station_base_visual: x=-0.45 y=-0.40 z=0.06
2026-06-03 17:39:18 NETWORK: shipment: 6a7ea151…=WAITING station= carrier= | tasks: cad553a8…=AVAILABLE agent= | agents: ugv-east=ARMING task=; ugv-west=ARMING task=
2026-06-03 17:39:18 DRONES: x500* (none)
2026-06-03 17:39:19 PACKAGES: package_visual: x=-0.09 y=0.00 z=0.11
2026-06-03 17:39:19 CARGO: cargo* (none)
2026-06-03 17:39:19 STATIONS: station_base_visual: x=-0.45 y=-0.40 z=0.06
2026-06-03 17:39:24 NETWORK: shipment: 6a7ea151…=WAITING station= carrier= | tasks: cad553a8…=AVAILABLE agent= | agents: ugv-east=ARMING task=; ugv-west=ARMING task=
2026-06-03 17:39:24 DRONES: x500* (none)
2026-06-03 17:39:24 PACKAGES: package_visual: x=-0.09 y=0.00 z=0.11
2026-06-03 17:39:24 CARGO: cargo* (none)
2026-06-03 17:39:24 STATIONS: station_base_visual: x=-0.45 y=-0.40 z=0.06
2026-06-03 17:39:30 NETWORK: shipment: 6a7ea151…=WAITING station= carrier= | tasks: cad553a8…=AVAILABLE agent= | agents: ugv-east=ARMING task=; ugv-west=ARMING task=
2026-06-03 17:39:30 DRONES: x500* (none)
2026-06-03 17:39:30 PACKAGES: package_visual: x=-0.09 y=0.00 z=0.11
2026-06-03 17:39:30 CARGO: cargo* (none)
2026-06-03 17:39:30 STATIONS: station_base_visual: x=-0.45 y=-0.40 z=0.06
2026-06-03 17:39:36 NETWORK: shipment: 6a7ea151…=WAITING station= carrier= | tasks: cad553a8…=AVAILABLE agent= | agents: ugv-east=ARMING task=; ugv-west=ARMING task=
2026-06-03 17:39:36 DRONES: x500* (none)
2026-06-03 17:39:36 PACKAGES: package_visual: x=-0.09 y=0.00 z=0.11
2026-06-03 17:39:36 CARGO: cargo* (none)
2026-06-03 17:39:36 STATIONS: station_base_visual: x=-0.45 y=-0.40 z=0.06
2026-06-03 17:39:41 NETWORK: shipment: 6a7ea151…=WAITING station= carrier= | tasks: cad553a8…=AVAILABLE agent= | agents: ugv-east=ARMING task=; ugv-west=ARMING task=
2026-06-03 17:39:41 DRONES: x500* (none)
2026-06-03 17:39:41 PACKAGES: package_visual: x=-0.09 y=0.00 z=0.11
2026-06-03 17:39:41 CARGO: cargo* (none)
2026-06-03 17:39:41 STATIONS: station_base_visual: x=-0.45 y=-0.40 z=0.06
2026-06-03 17:39:47 NETWORK: shipment: 6a7ea151…=WAITING station= carrier= | tasks: cad553a8…=AVAILABLE agent= | agents: ugv-east=ARMING task=; ugv-west=ARMING task=
2026-06-03 17:39:47 DRONES: x500* (none)
2026-06-03 17:39:47 PACKAGES: package_visual: x=-0.09 y=0.00 z=0.11
2026-06-03 17:39:47 CARGO: cargo* (none)
2026-06-03 17:39:47 STATIONS: station_base_visual: x=-0.45 y=-0.40 z=0.06
2026-06-03 17:39:52 NETWORK: shipment: 6a7ea151…=WAITING station= carrier= | tasks: cad553a8…=AVAILABLE agent= | agents: ugv-east=ARMING task=; ugv-west=ARMING task=
2026-06-03 17:39:52 DRONES: x500* (none)
2026-06-03 17:39:52 PACKAGES: package_visual: x=-0.09 y=0.00 z=0.11
2026-06-03 17:39:52 CARGO: cargo* (none)
2026-06-03 17:39:52 STATIONS: station_base_visual: x=-0.45 y=-0.40 z=0.06
2026-06-03 17:39:58 NETWORK: shipment: 6a7ea151…=WAITING station= carrier= | tasks: cad553a8…=AVAILABLE agent= | agents: ugv-east=ARMING task=; ugv-west=ARMING task=
2026-06-03 17:39:58 DRONES: x500* (none)
2026-06-03 17:39:58 PACKAGES: package_visual: x=-0.09 y=0.00 z=0.11
2026-06-03 17:39:58 CARGO: cargo* (none)
2026-06-03 17:39:58 STATIONS: station_base_visual: x=-0.45 y=-0.40 z=0.06
2026-06-03 17:40:04 NETWORK: shipment: 6a7ea151…=WAITING station= carrier= | tasks: cad553a8…=AVAILABLE agent= | agents: ugv-east=ARMING task=; ugv-west=ARMING task=
2026-06-03 17:40:04 DRONES: x500* (none)
2026-06-03 17:40:04 PACKAGES: package_visual: x=-0.09 y=0.00 z=0.11
2026-06-03 17:40:04 CARGO: cargo* (none)
2026-06-03 17:40:04 STATIONS: station_base_visual: x=-0.45 y=-0.40 z=0.06
2026-06-03 17:40:09 NETWORK: shipment: 6a7ea151…=WAITING station= carrier= | tasks: cad553a8…=AVAILABLE agent= | agents: ugv-east=ARMING task=; ugv-west=ARMING task=
2026-06-03 17:40:09 DRONES: x500* (none)
2026-06-03 17:40:09 PACKAGES: package_visual: x=-0.09 y=0.00 z=0.11
2026-06-03 17:40:09 CARGO: cargo* (none)
2026-06-03 17:40:09 STATIONS: station_base_visual: x=-0.45 y=-0.40 z=0.06
2026-06-03 17:40:15 NETWORK: shipment: 6a7ea151…=WAITING station= carrier= | tasks: cad553a8…=AVAILABLE agent= | agents: ugv-east=ARMING task=; ugv-west=ARMING task=
2026-06-03 17:40:15 DRONES: x500* (none)
2026-06-03 17:40:15 PACKAGES: package_visual: x=-0.09 y=0.00 z=0.11
2026-06-03 17:40:15 CARGO: cargo* (none)
2026-06-03 17:40:15 STATIONS: station_base_visual: x=-0.45 y=-0.40 z=0.06
2026-06-03 17:40:20 NETWORK: shipment: 6a7ea151…=WAITING station= carrier= | tasks: cad553a8…=AVAILABLE agent= | agents: ugv-east=ARMING task=; ugv-west=ARMING task=
2026-06-03 17:40:20 DRONES: x500* (none)
2026-06-03 17:40:20 PACKAGES: package_visual: x=-0.09 y=0.00 z=0.11
2026-06-03 17:40:20 CARGO: cargo* (none)
2026-06-03 17:40:20 STATIONS: station_base_visual: x=-0.45 y=-0.40 z=0.06
2026-06-03 17:40:26 NETWORK: shipment: 6a7ea151…=WAITING station= carrier= | tasks: cad553a8…=AVAILABLE agent= | agents: ugv-east=ARMING task=; ugv-west=ARMING task=
2026-06-03 17:40:26 DRONES: x500* (none)
2026-06-03 17:40:26 PACKAGES: package_visual: x=-0.09 y=0.00 z=0.11
2026-06-03 17:40:26 CARGO: cargo* (none)
2026-06-03 17:40:26 STATIONS: station_base_visual: x=-0.45 y=-0.40 z=0.06
2026-06-03 17:40:32 NETWORK: shipment: 6a7ea151…=WAITING station= carrier= | tasks: cad553a8…=AVAILABLE agent= | agents: ugv-east=ARMING task=; ugv-west=ARMING task=
2026-06-03 17:40:32 DRONES: x500* (none)
2026-06-03 17:40:32 PACKAGES: package_visual: x=-0.09 y=0.00 z=0.11
2026-06-03 17:40:32 CARGO: cargo* (none)
2026-06-03 17:40:32 STATIONS: station_base_visual: x=-0.45 y=-0.40 z=0.06
2026-06-03 17:40:37 NETWORK: shipment: 6a7ea151…=WAITING station= carrier= | tasks: cad553a8…=AVAILABLE agent= | agents: ugv-east=ARMING task=; ugv-west=ARMING task=
2026-06-03 17:40:37 DRONES: x500* (none)
2026-06-03 17:40:37 PACKAGES: package_visual: x=-0.09 y=0.00 z=0.11
2026-06-03 17:40:37 CARGO: cargo* (none)
2026-06-03 17:40:37 STATIONS: station_base_visual: x=-0.45 y=-0.40 z=0.06
2026-06-03 17:40:43 NETWORK: shipment: 6a7ea151…=WAITING station= carrier= | tasks: cad553a8…=AVAILABLE agent= | agents: ugv-east=ARMING task=; ugv-west=ARMING task=
2026-06-03 17:40:43 DRONES: x500* (none)
2026-06-03 17:40:43 PACKAGES: package_visual: x=-0.09 y=0.00 z=0.11
2026-06-03 17:40:43 CARGO: cargo* (none)
2026-06-03 17:40:43 STATIONS: station_base_visual: x=-0.45 y=-0.40 z=0.06
2026-06-03 17:40:48 NETWORK: shipment: 6a7ea151…=ASSIGNED station= carrier= | tasks: cad553a8…=IN_PROGRESS agent=ugv-east | agents: ugv-east=BUSY task=cad553a8-7b23-430e-9791-31cadb99095d; ugv-west=AVAILABLE task=
2026-06-03 17:40:48 DRONES: x500* (none)
2026-06-03 17:40:48 PACKAGES: package_visual: x=-0.09 y=0.00 z=0.11
2026-06-03 17:40:48 CARGO: cargo* (none)
2026-06-03 17:40:48 STATIONS: station_base_visual: x=-0.45 y=-0.40 z=0.06
2026-06-03 17:40:54 NETWORK: shipment: 6a7ea151…=ASSIGNED station= carrier= | tasks: cad553a8…=IN_PROGRESS agent=ugv-east | agents: ugv-east=BUSY task=cad553a8-7b23-430e-9791-31cadb99095d; ugv-west=AVAILABLE task=
2026-06-03 17:40:54 DRONES: x500* (none)
2026-06-03 17:40:54 PACKAGES: package_visual: x=-0.09 y=0.00 z=0.11
2026-06-03 17:40:54 CARGO: cargo* (none)
2026-06-03 17:40:54 STATIONS: station_base_visual: x=-0.45 y=-0.40 z=0.06
2026-06-03 17:40:59 NETWORK: shipment: 6a7ea151…=ASSIGNED station= carrier= | tasks: cad553a8…=IN_PROGRESS agent=ugv-east | agents: ugv-east=BUSY task=cad553a8-7b23-430e-9791-31cadb99095d; ugv-west=AVAILABLE task=
2026-06-03 17:40:59 DRONES: x500* (none)
2026-06-03 17:40:59 PACKAGES: package_visual: x=-0.09 y=0.00 z=0.11
2026-06-03 17:40:59 CARGO: cargo* (none)
2026-06-03 17:40:59 STATIONS: station_base_visual: x=-0.45 y=-0.40 z=0.06
2026-06-03 17:41:04 NETWORK: shipment: 6a7ea151…=ASSIGNED station= carrier= | tasks: cad553a8…=IN_PROGRESS agent=ugv-east | agents: ugv-east=BUSY task=cad553a8-7b23-430e-9791-31cadb99095d; ugv-west=AVAILABLE task=
2026-06-03 17:41:04 DRONES: x500* (none)
2026-06-03 17:41:04 PACKAGES: package_visual: x=-0.09 y=0.00 z=0.11
2026-06-03 17:41:04 CARGO: cargo* (none)
2026-06-03 17:41:04 STATIONS: station_base_visual: x=-0.45 y=-0.40 z=0.06
2026-06-03 17:41:10 NETWORK: shipment: 6a7ea151…=ASSIGNED station= carrier= | tasks: cad553a8…=IN_PROGRESS agent=ugv-east | agents: ugv-east=BUSY task=cad553a8-7b23-430e-9791-31cadb99095d; ugv-west=AVAILABLE task=
2026-06-03 17:41:10 DRONES: x500* (none)
2026-06-03 17:41:10 PACKAGES: package_visual: x=-0.09 y=0.00 z=0.11
2026-06-03 17:41:10 CARGO: cargo* (none)
2026-06-03 17:41:10 STATIONS: station_base_visual: x=-0.45 y=-0.40 z=0.06
2026-06-03 17:41:15 NETWORK: shipment: 6a7ea151…=ASSIGNED station= carrier= | tasks: cad553a8…=IN_PROGRESS agent=ugv-east | agents: ugv-east=BUSY task=cad553a8-7b23-430e-9791-31cadb99095d; ugv-west=AVAILABLE task=
2026-06-03 17:41:15 DRONES: x500* (none)
2026-06-03 17:41:15 PACKAGES: package_visual: x=-0.09 y=0.00 z=0.11
2026-06-03 17:41:15 CARGO: cargo* (none)
2026-06-03 17:41:15 STATIONS: station_base_visual: x=-0.45 y=-0.40 z=0.06
2026-06-03 17:41:21 NETWORK: shipment: 6a7ea151…=ASSIGNED station= carrier= | tasks: cad553a8…=IN_PROGRESS agent=ugv-east | agents: ugv-east=BUSY task=cad553a8-7b23-430e-9791-31cadb99095d; ugv-west=AVAILABLE task=
2026-06-03 17:41:21 DRONES: x500* (none)
2026-06-03 17:41:21 PACKAGES: package_visual: x=-0.09 y=0.00 z=0.11
2026-06-03 17:41:21 CARGO: cargo* (none)
2026-06-03 17:41:21 STATIONS: station_base_visual: x=-0.45 y=-0.40 z=0.06
2026-06-03 17:41:26 NETWORK: shipment: 6a7ea151…=ASSIGNED station= carrier= | tasks: cad553a8…=IN_PROGRESS agent=ugv-east | agents: ugv-east=BUSY task=cad553a8-7b23-430e-9791-31cadb99095d; ugv-west=AVAILABLE task=
2026-06-03 17:41:26 DRONES: x500* (none)
2026-06-03 17:41:26 PACKAGES: package_visual: x=-0.09 y=0.00 z=0.11
2026-06-03 17:41:26 CARGO: cargo* (none)
2026-06-03 17:41:26 STATIONS: station_base_visual: x=-0.45 y=-0.40 z=0.06
2026-06-03 17:41:32 NETWORK: shipment: 6a7ea151…=ASSIGNED station= carrier= | tasks: cad553a8…=IN_PROGRESS agent=ugv-east | agents: ugv-east=BUSY task=cad553a8-7b23-430e-9791-31cadb99095d; ugv-west=AVAILABLE task=
2026-06-03 17:41:32 DRONES: x500* (none)
2026-06-03 17:41:32 PACKAGES: package_visual: x=-0.09 y=0.00 z=0.11
2026-06-03 17:41:32 CARGO: cargo* (none)
2026-06-03 17:41:32 STATIONS: station_base_visual: x=-0.45 y=-0.40 z=0.06
2026-06-03 17:41:37 NETWORK: shipment: 6a7ea151…=ASSIGNED station= carrier= | tasks: cad553a8…=IN_PROGRESS agent=ugv-east | agents: ugv-east=BUSY task=cad553a8-7b23-430e-9791-31cadb99095d; ugv-west=AVAILABLE task=
2026-06-03 17:41:37 DRONES: x500* (none)
2026-06-03 17:41:37 PACKAGES: package_visual: x=-0.09 y=0.00 z=0.11
2026-06-03 17:41:37 CARGO: cargo* (none)
2026-06-03 17:41:37 STATIONS: station_base_visual: x=-0.45 y=-0.40 z=0.06
2026-06-03 17:41:43 NETWORK: shipment: 6a7ea151…=ASSIGNED station= carrier= | tasks: cad553a8…=IN_PROGRESS agent=ugv-east | agents: ugv-east=BUSY task=cad553a8-7b23-430e-9791-31cadb99095d; ugv-west=AVAILABLE task=
2026-06-03 17:41:43 DRONES: x500* (none)
2026-06-03 17:41:43 PACKAGES: package_visual: x=-0.09 y=0.00 z=0.11
2026-06-03 17:41:43 CARGO: cargo* (none)
2026-06-03 17:41:43 STATIONS: station_base_visual: x=-0.45 y=-0.40 z=0.06
2026-06-03 17:41:48 NETWORK: shipment: 6a7ea151…=ASSIGNED station= carrier= | tasks: cad553a8…=IN_PROGRESS agent=ugv-east | agents: ugv-east=BUSY task=cad553a8-7b23-430e-9791-31cadb99095d; ugv-west=AVAILABLE task=
2026-06-03 17:41:48 DRONES: x500* (none)
2026-06-03 17:41:48 PACKAGES: package_visual: x=-0.09 y=0.00 z=0.11
2026-06-03 17:41:48 CARGO: cargo* (none)
2026-06-03 17:41:48 STATIONS: station_base_visual: x=-0.45 y=-0.40 z=0.06
2026-06-03 17:41:54 NETWORK: shipment: 6a7ea151…=ASSIGNED station= carrier= | tasks: cad553a8…=IN_PROGRESS agent=ugv-east | agents: ugv-east=BUSY task=cad553a8-7b23-430e-9791-31cadb99095d; ugv-west=AVAILABLE task=
2026-06-03 17:41:54 DRONES: x500* (none)
2026-06-03 17:41:54 PACKAGES: package_visual: x=-0.09 y=0.00 z=0.11
2026-06-03 17:41:54 CARGO: cargo* (none)
2026-06-03 17:41:54 STATIONS: station_base_visual: x=-0.45 y=-0.40 z=0.06
2026-06-03 17:42:00 NETWORK: shipment: 6a7ea151…=ASSIGNED station= carrier= | tasks: cad553a8…=IN_PROGRESS agent=ugv-east | agents: ugv-east=BUSY task=cad553a8-7b23-430e-9791-31cadb99095d; ugv-west=AVAILABLE task=
2026-06-03 17:42:00 DRONES: x500* (none)
2026-06-03 17:42:00 PACKAGES: package_visual: x=-0.09 y=0.00 z=0.11
2026-06-03 17:42:00 CARGO: cargo* (none)
2026-06-03 17:42:00 STATIONS: station_base_visual: x=-0.45 y=-0.40 z=0.06
2026-06-03 17:42:05 NETWORK: shipment: 6a7ea151…=ASSIGNED station= carrier= | tasks: cad553a8…=IN_PROGRESS agent=ugv-east | agents: ugv-east=BUSY task=cad553a8-7b23-430e-9791-31cadb99095d; ugv-west=AVAILABLE task=
2026-06-03 17:42:05 DRONES: x500* (none)
2026-06-03 17:42:05 PACKAGES: package_visual: x=-0.09 y=0.00 z=0.11
2026-06-03 17:42:05 CARGO: cargo* (none)
2026-06-03 17:42:05 STATIONS: station_base_visual: x=-0.45 y=-0.40 z=0.06
2026-06-03 17:42:11 NETWORK: shipment: 6a7ea151…=ASSIGNED station= carrier= | tasks: cad553a8…=IN_PROGRESS agent=ugv-east | agents: ugv-east=BUSY task=cad553a8-7b23-430e-9791-31cadb99095d; ugv-west=AVAILABLE task=
2026-06-03 17:42:11 DRONES: x500* (none)
2026-06-03 17:42:11 PACKAGES: package_visual: x=-0.09 y=0.00 z=0.11
2026-06-03 17:42:11 CARGO: cargo* (none)
2026-06-03 17:42:11 STATIONS: station_base_visual: x=-0.45 y=-0.40 z=0.06
2026-06-03 17:42:16 NETWORK: shipment: 6a7ea151…=ASSIGNED station= carrier= | tasks: cad553a8…=IN_PROGRESS agent=ugv-east | agents: ugv-east=BUSY task=cad553a8-7b23-430e-9791-31cadb99095d; ugv-west=AVAILABLE task=
2026-06-03 17:42:16 DRONES: x500* (none)
2026-06-03 17:42:16 PACKAGES: package_visual: x=-0.09 y=0.00 z=0.11
2026-06-03 17:42:16 CARGO: cargo* (none)
2026-06-03 17:42:16 STATIONS: station_base_visual: x=-0.45 y=-0.40 z=0.06
2026-06-03 17:42:22 NETWORK: shipment: 6a7ea151…=ASSIGNED station= carrier= | tasks: cad553a8…=IN_PROGRESS agent=ugv-east | agents: ugv-east=BUSY task=cad553a8-7b23-430e-9791-31cadb99095d; ugv-west=AVAILABLE task=
2026-06-03 17:42:22 DRONES: x500* (none)
2026-06-03 17:42:22 PACKAGES: package_visual: x=-0.09 y=0.00 z=0.11
2026-06-03 17:42:22 CARGO: cargo* (none)
2026-06-03 17:42:22 STATIONS: station_base_visual: x=-0.45 y=-0.40 z=0.06
2026-06-03 17:42:27 NETWORK: shipment: 6a7ea151…=ASSIGNED station= carrier= | tasks: cad553a8…=IN_PROGRESS agent=ugv-east | agents: ugv-east=BUSY task=cad553a8-7b23-430e-9791-31cadb99095d; ugv-west=AVAILABLE task=
2026-06-03 17:42:27 DRONES: x500* (none)
2026-06-03 17:42:27 PACKAGES: package_visual: x=-0.09 y=0.00 z=0.11
2026-06-03 17:42:27 CARGO: cargo* (none)
2026-06-03 17:42:27 STATIONS: station_base_visual: x=-0.45 y=-0.40 z=0.06
2026-06-03 17:42:33 NETWORK: shipment: 6a7ea151…=ASSIGNED station= carrier= | tasks: cad553a8…=IN_PROGRESS agent=ugv-east | agents: ugv-east=BUSY task=cad553a8-7b23-430e-9791-31cadb99095d; ugv-west=AVAILABLE task=
2026-06-03 17:42:33 DRONES: x500* (none)
2026-06-03 17:42:33 PACKAGES: package_visual: x=-0.09 y=0.00 z=0.11
2026-06-03 17:42:33 CARGO: cargo* (none)
2026-06-03 17:42:33 STATIONS: station_base_visual: x=-0.45 y=-0.40 z=0.06
2026-06-03 17:42:38 NETWORK: shipment: 6a7ea151…=ASSIGNED station= carrier= | tasks: cad553a8…=IN_PROGRESS agent=ugv-east | agents: ugv-east=BUSY task=cad553a8-7b23-430e-9791-31cadb99095d; ugv-west=AVAILABLE task=
2026-06-03 17:42:38 DRONES: x500* (none)
2026-06-03 17:42:38 PACKAGES: package_visual: x=-0.09 y=0.00 z=0.11
2026-06-03 17:42:38 CARGO: cargo* (none)
2026-06-03 17:42:38 STATIONS: station_base_visual: x=-0.45 y=-0.40 z=0.06
2026-06-03 17:42:43 NETWORK: shipment: 6a7ea151…=ASSIGNED station= carrier= | tasks: cad553a8…=IN_PROGRESS agent=ugv-east | agents: ugv-east=BUSY task=cad553a8-7b23-430e-9791-31cadb99095d; ugv-west=AVAILABLE task=
2026-06-03 17:42:43 DRONES: x500* (none)
2026-06-03 17:42:43 PACKAGES: package_visual: x=-0.09 y=0.00 z=0.11
2026-06-03 17:42:43 CARGO: cargo* (none)
2026-06-03 17:42:43 STATIONS: station_base_visual: x=-0.45 y=-0.40 z=0.06
2026-06-03 17:42:49 NETWORK: shipment: 6a7ea151…=ASSIGNED station= carrier= | tasks: cad553a8…=IN_PROGRESS agent=ugv-east | agents: ugv-east=BUSY task=cad553a8-7b23-430e-9791-31cadb99095d; ugv-west=AVAILABLE task=
2026-06-03 17:42:49 DRONES: x500* (none)
2026-06-03 17:42:49 PACKAGES: package_visual: x=-0.09 y=0.00 z=0.11
2026-06-03 17:42:49 CARGO: cargo* (none)
2026-06-03 17:42:49 STATIONS: station_base_visual: x=-0.45 y=-0.40 z=0.06
2026-06-03 17:42:54 NETWORK: shipment: 6a7ea151…=ASSIGNED station= carrier= | tasks: cad553a8…=IN_PROGRESS agent=ugv-east | agents: ugv-east=BUSY task=cad553a8-7b23-430e-9791-31cadb99095d; ugv-west=AVAILABLE task=
2026-06-03 17:42:54 DRONES: x500* (none)
2026-06-03 17:42:54 PACKAGES: package_visual: x=-0.09 y=0.00 z=0.11
2026-06-03 17:42:54 CARGO: cargo* (none)
2026-06-03 17:42:54 STATIONS: station_base_visual: x=-0.45 y=-0.40 z=0.06
2026-06-03 17:43:00 NETWORK: shipment: 6a7ea151…=IN_TRANSIT station= carrier=ugv-east | tasks: cad553a8…=IN_PROGRESS agent=ugv-east | agents: ugv-east=BUSY task=cad553a8-7b23-430e-9791-31cadb99095d; ugv-west=AVAILABLE task=
2026-06-03 17:43:00 DRONES: x500* (none)
2026-06-03 17:43:00 PACKAGES: package_link: x=-0.45 y=-0.40 z=0.06 | package-6a7ea151_46a7_4834_b865_1c7d5a2090e1: x=0.15 y=0.16 z=0.02
2026-06-03 17:43:00 CARGO: cargo* (none)
2026-06-03 17:43:00 STATIONS: station_base_visual: x=-0.45 y=-0.40 z=0.06
2026-06-03 17:43:05 NETWORK: shipment: 6a7ea151…=IN_TRANSIT station= carrier=ugv-east | tasks: cad553a8…=IN_PROGRESS agent=ugv-east | agents: ugv-east=BUSY task=cad553a8-7b23-430e-9791-31cadb99095d; ugv-west=AVAILABLE task=
2026-06-03 17:43:05 DRONES: x500* (none)
2026-06-03 17:43:05 PACKAGES: package_link: x=-0.45 y=-0.40 z=0.06 | package-6a7ea151_46a7_4834_b865_1c7d5a2090e1: x=249.42 y=0.08 z=0.44
2026-06-03 17:43:05 CARGO: cargo* (none)
2026-06-03 17:43:05 STATIONS: station_base_visual: x=-0.45 y=-0.40 z=0.06
2026-06-03 17:43:11 NETWORK: shipment: 6a7ea151…=IN_TRANSIT station= carrier=ugv-east | tasks: cad553a8…=IN_PROGRESS agent=ugv-east | agents: ugv-east=BUSY task=cad553a8-7b23-430e-9791-31cadb99095d; ugv-west=AVAILABLE task=
2026-06-03 17:43:11 DRONES: x500* (none)
2026-06-03 17:43:11 PACKAGES: package_link: x=-0.45 y=-0.40 z=0.06 | package-6a7ea151_46a7_4834_b865_1c7d5a2090e1: x=242.66 y=-0.64 z=0.45
2026-06-03 17:43:11 CARGO: cargo* (none)
2026-06-03 17:43:11 STATIONS: station_base_visual: x=-0.45 y=-0.40 z=0.06
2026-06-03 17:43:16 NETWORK: shipment: 6a7ea151…=IN_TRANSIT station= carrier=ugv-east | tasks: cad553a8…=IN_PROGRESS agent=ugv-east | agents: ugv-east=BUSY task=cad553a8-7b23-430e-9791-31cadb99095d; ugv-west=AVAILABLE task=
2026-06-03 17:43:16 DRONES: x500* (none)
2026-06-03 17:43:16 PACKAGES: package_link: x=-0.45 y=-0.40 z=0.06 | package-6a7ea151_46a7_4834_b865_1c7d5a2090e1: x=234.05 y=-1.35 z=0.41
2026-06-03 17:43:16 CARGO: cargo* (none)
2026-06-03 17:43:16 STATIONS: station_base_visual: x=-0.45 y=-0.40 z=0.06
2026-06-03 17:43:22 NETWORK: shipment: 6a7ea151…=IN_TRANSIT station= carrier=ugv-east | tasks: cad553a8…=IN_PROGRESS agent=ugv-east | agents: ugv-east=BUSY task=cad553a8-7b23-430e-9791-31cadb99095d; ugv-west=AVAILABLE task=
2026-06-03 17:43:22 DRONES: x500* (none)
2026-06-03 17:43:22 PACKAGES: package_link: x=-0.45 y=-0.40 z=0.06 | package-6a7ea151_46a7_4834_b865_1c7d5a2090e1: x=225.88 y=-2.09 z=0.35
2026-06-03 17:43:22 CARGO: cargo* (none)
2026-06-03 17:43:22 STATIONS: station_base_visual: x=-0.45 y=-0.40 z=0.06
2026-06-03 17:43:27 NETWORK: shipment: 6a7ea151…=IN_TRANSIT station= carrier=ugv-east | tasks: cad553a8…=IN_PROGRESS agent=ugv-east | agents: ugv-east=BUSY task=cad553a8-7b23-430e-9791-31cadb99095d; ugv-west=AVAILABLE task=
2026-06-03 17:43:27 DRONES: x500* (none)
2026-06-03 17:43:27 PACKAGES: package_link: x=-0.45 y=-0.40 z=0.06 | package-6a7ea151_46a7_4834_b865_1c7d5a2090e1: x=217.02 y=-2.85 z=0.34
2026-06-03 17:43:27 CARGO: cargo* (none)
2026-06-03 17:43:27 STATIONS: station_base_visual: x=-0.45 y=-0.40 z=0.06
2026-06-03 17:43:33 NETWORK: shipment: 6a7ea151…=IN_TRANSIT station= carrier=ugv-east | tasks: cad553a8…=IN_PROGRESS agent=ugv-east | agents: ugv-east=BUSY task=cad553a8-7b23-430e-9791-31cadb99095d; ugv-west=AVAILABLE task=
2026-06-03 17:43:33 DRONES: x500* (none)
2026-06-03 17:43:33 PACKAGES: package_link: x=-0.45 y=-0.40 z=0.06 | package-6a7ea151_46a7_4834_b865_1c7d5a2090e1: x=208.85 y=-3.49 z=0.32
2026-06-03 17:43:33 CARGO: cargo* (none)
2026-06-03 17:43:33 STATIONS: station_base_visual: x=-0.45 y=-0.40 z=0.06
2026-06-03 17:43:38 NETWORK: shipment: 6a7ea151…=IN_TRANSIT station= carrier=ugv-east | tasks: cad553a8…=IN_PROGRESS agent=ugv-east | agents: ugv-east=BUSY task=cad553a8-7b23-430e-9791-31cadb99095d; ugv-west=AVAILABLE task=
2026-06-03 17:43:38 DRONES: x500* (none)
2026-06-03 17:43:38 PACKAGES: package_link: x=-0.45 y=-0.40 z=0.06 | package-6a7ea151_46a7_4834_b865_1c7d5a2090e1: x=201.19 y=-4.16 z=0.38
2026-06-03 17:43:38 CARGO: cargo* (none)
2026-06-03 17:43:38 STATIONS: station_base_visual: x=-0.45 y=-0.40 z=0.06
2026-06-03 17:43:44 NETWORK: shipment: 6a7ea151…=IN_TRANSIT station= carrier=ugv-east | tasks: cad553a8…=IN_PROGRESS agent=ugv-east | agents: ugv-east=BUSY task=cad553a8-7b23-430e-9791-31cadb99095d; ugv-west=AVAILABLE task=
2026-06-03 17:43:44 DRONES: x500* (none)
2026-06-03 17:43:44 PACKAGES: package_link: x=-0.45 y=-0.40 z=0.06 | package-6a7ea151_46a7_4834_b865_1c7d5a2090e1: x=192.56 y=-4.89 z=0.42
2026-06-03 17:43:44 CARGO: cargo* (none)
2026-06-03 17:43:44 STATIONS: station_base_visual: x=-0.45 y=-0.40 z=0.06
2026-06-03 17:43:49 NETWORK: shipment: 6a7ea151…=IN_TRANSIT station= carrier=ugv-east | tasks: cad553a8…=IN_PROGRESS agent=ugv-east | agents: ugv-east=BUSY task=cad553a8-7b23-430e-9791-31cadb99095d; ugv-west=AVAILABLE task=
2026-06-03 17:43:49 DRONES: x500* (none)
2026-06-03 17:43:49 PACKAGES: package_link: x=-0.45 y=-0.40 z=0.06 | package-6a7ea151_46a7_4834_b865_1c7d5a2090e1: x=184.21 y=-5.54 z=0.40
2026-06-03 17:43:49 CARGO: cargo* (none)
2026-06-03 17:43:49 STATIONS: station_base_visual: x=-0.45 y=-0.40 z=0.06
2026-06-03 17:43:55 NETWORK: shipment: 6a7ea151…=IN_TRANSIT station= carrier=ugv-east | tasks: cad553a8…=IN_PROGRESS agent=ugv-east | agents: ugv-east=BUSY task=cad553a8-7b23-430e-9791-31cadb99095d; ugv-west=AVAILABLE task=
2026-06-03 17:43:55 DRONES: x500* (none)
2026-06-03 17:43:55 PACKAGES: package_link: x=-0.45 y=-0.40 z=0.06 | package-6a7ea151_46a7_4834_b865_1c7d5a2090e1: x=176.20 y=-6.12 z=0.39
2026-06-03 17:43:55 CARGO: cargo* (none)
2026-06-03 17:43:55 STATIONS: station_base_visual: x=-0.45 y=-0.40 z=0.06
2026-06-03 17:44:00 NETWORK: shipment: 6a7ea151…=IN_TRANSIT station= carrier=ugv-east | tasks: cad553a8…=IN_PROGRESS agent=ugv-east | agents: ugv-east=BUSY task=cad553a8-7b23-430e-9791-31cadb99095d; ugv-west=AVAILABLE task=
2026-06-03 17:44:00 DRONES: x500* (none)
2026-06-03 17:44:00 PACKAGES: package_link: x=-0.45 y=-0.40 z=0.06 | package-6a7ea151_46a7_4834_b865_1c7d5a2090e1: x=167.46 y=-6.68 z=0.32
2026-06-03 17:44:00 CARGO: cargo* (none)
2026-06-03 17:44:00 STATIONS: station_base_visual: x=-0.45 y=-0.40 z=0.06
2026-06-03 17:44:05 NETWORK: shipment: 6a7ea151…=IN_TRANSIT station= carrier=ugv-east | tasks: cad553a8…=IN_PROGRESS agent=ugv-east | agents: ugv-east=BUSY task=cad553a8-7b23-430e-9791-31cadb99095d; ugv-west=AVAILABLE task=
2026-06-03 17:44:05 DRONES: x500* (none)
2026-06-03 17:44:05 PACKAGES: package_link: x=-0.45 y=-0.40 z=0.06 | package-6a7ea151_46a7_4834_b865_1c7d5a2090e1: x=159.44 y=-7.13 z=0.26
2026-06-03 17:44:05 CARGO: cargo* (none)
2026-06-03 17:44:05 STATIONS: station_base_visual: x=-0.45 y=-0.40 z=0.06
2026-06-03 17:44:11 NETWORK: shipment: 6a7ea151…=IN_TRANSIT station= carrier=ugv-east | tasks: cad553a8…=IN_PROGRESS agent=ugv-east | agents: ugv-east=BUSY task=cad553a8-7b23-430e-9791-31cadb99095d; ugv-west=AVAILABLE task=
2026-06-03 17:44:11 DRONES: x500* (none)
2026-06-03 17:44:11 PACKAGES: package_link: x=-0.45 y=-0.40 z=0.06 | package-6a7ea151_46a7_4834_b865_1c7d5a2090e1: x=151.21 y=-7.46 z=0.20
2026-06-03 17:44:11 CARGO: cargo* (none)
2026-06-03 17:44:11 STATIONS: station_base_visual: x=-0.45 y=-0.40 z=0.06
2026-06-03 17:44:16 NETWORK: shipment: 6a7ea151…=IN_TRANSIT station= carrier=ugv-east | tasks: cad553a8…=IN_PROGRESS agent=ugv-east | agents: ugv-east=BUSY task=cad553a8-7b23-430e-9791-31cadb99095d; ugv-west=AVAILABLE task=
2026-06-03 17:44:16 DRONES: x500* (none)
2026-06-03 17:44:16 PACKAGES: package_link: x=-0.45 y=-0.40 z=0.06 | package-6a7ea151_46a7_4834_b865_1c7d5a2090e1: x=142.45 y=-7.75 z=0.14
2026-06-03 17:44:16 CARGO: cargo* (none)
2026-06-03 17:44:16 STATIONS: station_base_visual: x=-0.45 y=-0.40 z=0.06
2026-06-03 17:44:22 NETWORK: shipment: 6a7ea151…=IN_TRANSIT station= carrier=ugv-east | tasks: cad553a8…=IN_PROGRESS agent=ugv-east | agents: ugv-east=BUSY task=cad553a8-7b23-430e-9791-31cadb99095d; ugv-west=AVAILABLE task=
2026-06-03 17:44:22 DRONES: x500* (none)
2026-06-03 17:44:22 PACKAGES: package_link: x=-0.45 y=-0.40 z=0.06 | package-6a7ea151_46a7_4834_b865_1c7d5a2090e1: x=134.19 y=-7.86 z=0.19
2026-06-03 17:44:22 CARGO: cargo* (none)
2026-06-03 17:44:22 STATIONS: station_base_visual: x=-0.45 y=-0.40 z=0.06
2026-06-03 17:44:28 NETWORK: shipment: 6a7ea151…=IN_TRANSIT station= carrier=ugv-east | tasks: cad553a8…=IN_PROGRESS agent=ugv-east | agents: ugv-east=BUSY task=cad553a8-7b23-430e-9791-31cadb99095d; ugv-west=AVAILABLE task=
2026-06-03 17:44:28 DRONES: x500* (none)
2026-06-03 17:44:28 PACKAGES: package_link: x=-0.45 y=-0.40 z=0.06 | package-6a7ea151_46a7_4834_b865_1c7d5a2090e1: x=125.43 y=-7.83 z=0.24
2026-06-03 17:44:28 CARGO: cargo* (none)
2026-06-03 17:44:28 STATIONS: station_base_visual: x=-0.45 y=-0.40 z=0.06
2026-06-03 17:44:33 NETWORK: shipment: 6a7ea151…=IN_TRANSIT station= carrier=ugv-east | tasks: cad553a8…=IN_PROGRESS agent=ugv-east | agents: ugv-east=BUSY task=cad553a8-7b23-430e-9791-31cadb99095d; ugv-west=AVAILABLE task=
2026-06-03 17:44:33 DRONES: x500* (none)
2026-06-03 17:44:33 PACKAGES: package_link: x=-0.45 y=-0.40 z=0.06 | package-6a7ea151_46a7_4834_b865_1c7d5a2090e1: x=117.11 y=-7.66 z=0.22
2026-06-03 17:44:33 CARGO: cargo* (none)
2026-06-03 17:44:33 STATIONS: station_base_visual: x=-0.45 y=-0.40 z=0.06
2026-06-03 17:44:39 NETWORK: shipment: 6a7ea151…=IN_TRANSIT station= carrier=ugv-east | tasks: cad553a8…=IN_PROGRESS agent=ugv-east | agents: ugv-east=BUSY task=cad553a8-7b23-430e-9791-31cadb99095d; ugv-west=AVAILABLE task=
2026-06-03 17:44:39 DRONES: x500* (none)
2026-06-03 17:44:39 PACKAGES: package_link: x=-0.45 y=-0.40 z=0.06 | package-6a7ea151_46a7_4834_b865_1c7d5a2090e1: x=108.38 y=-7.19 z=0.20
2026-06-03 17:44:39 CARGO: cargo* (none)
2026-06-03 17:44:39 STATIONS: station_base_visual: x=-0.45 y=-0.40 z=0.06
2026-06-03 17:44:44 NETWORK: shipment: 6a7ea151…=IN_TRANSIT station= carrier=ugv-east | tasks: cad553a8…=IN_PROGRESS agent=ugv-east | agents: ugv-east=BUSY task=cad553a8-7b23-430e-9791-31cadb99095d; ugv-west=AVAILABLE task=
2026-06-03 17:44:44 DRONES: x500* (none)
2026-06-03 17:44:44 PACKAGES: package_link: x=-0.45 y=-0.40 z=0.06 | package-6a7ea151_46a7_4834_b865_1c7d5a2090e1: x=99.99 y=-6.56 z=0.19
2026-06-03 17:44:44 CARGO: cargo* (none)
2026-06-03 17:44:44 STATIONS: station_base_visual: x=-0.45 y=-0.40 z=0.06
2026-06-03 17:44:49 NETWORK: shipment: 6a7ea151…=IN_TRANSIT station= carrier=ugv-east | tasks: cad553a8…=IN_PROGRESS agent=ugv-east | agents: ugv-east=BUSY task=cad553a8-7b23-430e-9791-31cadb99095d; ugv-west=AVAILABLE task=
2026-06-03 17:44:49 DRONES: x500* (none)
2026-06-03 17:44:49 PACKAGES: package_link: x=-0.45 y=-0.40 z=0.06 | package-6a7ea151_46a7_4834_b865_1c7d5a2090e1: x=91.57 y=-5.52 z=0.24
2026-06-03 17:44:49 CARGO: cargo* (none)
2026-06-03 17:44:49 STATIONS: station_base_visual: x=-0.45 y=-0.40 z=0.06
2026-06-03 17:44:55 NETWORK: shipment: 6a7ea151…=IN_TRANSIT station= carrier=ugv-east | tasks: cad553a8…=IN_PROGRESS agent=ugv-east | agents: ugv-east=BUSY task=cad553a8-7b23-430e-9791-31cadb99095d; ugv-west=AVAILABLE task=
2026-06-03 17:44:55 DRONES: x500* (none)
2026-06-03 17:44:55 PACKAGES: package_link: x=-0.45 y=-0.40 z=0.06 | package-6a7ea151_46a7_4834_b865_1c7d5a2090e1: x=83.22 y=-3.85 z=0.30
2026-06-03 17:44:55 CARGO: cargo* (none)
2026-06-03 17:44:55 STATIONS: station_base_visual: x=-0.45 y=-0.40 z=0.06
2026-06-03 17:45:01 NETWORK: shipment: 6a7ea151…=IN_TRANSIT station= carrier=ugv-east | tasks: cad553a8…=IN_PROGRESS agent=ugv-east | agents: ugv-east=BUSY task=cad553a8-7b23-430e-9791-31cadb99095d; ugv-west=AVAILABLE task=
2026-06-03 17:45:01 DRONES: x500* (none)
2026-06-03 17:45:01 PACKAGES: package_link: x=-0.45 y=-0.40 z=0.06 | package-6a7ea151_46a7_4834_b865_1c7d5a2090e1: x=81.97 y=-3.50 z=0.31
2026-06-03 17:45:01 CARGO: cargo* (none)
2026-06-03 17:45:01 STATIONS: station_base_visual: x=-0.45 y=-0.40 z=0.06
2026-06-03 17:45:06 NETWORK: shipment: 6a7ea151…=IN_TRANSIT station= carrier=ugv-east | tasks: cad553a8…=IN_PROGRESS agent=ugv-east | agents: ugv-east=BUSY task=cad553a8-7b23-430e-9791-31cadb99095d; ugv-west=AVAILABLE task=
2026-06-03 17:45:06 DRONES: x500* (none)
2026-06-03 17:45:06 PACKAGES: package_link: x=-0.45 y=-0.40 z=0.06 | package-6a7ea151_46a7_4834_b865_1c7d5a2090e1: x=0.15 y=0.16 z=0.02
2026-06-03 17:45:06 CARGO: cargo* (none)
2026-06-03 17:45:06 STATIONS: station_base_visual: x=-0.45 y=-0.40 z=0.06
2026-06-03 17:45:12 NETWORK: shipment: 6a7ea151…=AT_STATION station=station-uav-home carrier= | tasks: 64f5cfa7…=AVAILABLE agent= | agents: ugv-east=AVAILABLE task=; ugv-west=BUSY task=
2026-06-03 17:45:12 DRONES: x500* (none)
2026-06-03 17:45:12 PACKAGES: package_link: x=-0.45 y=-0.40 z=0.06 | package-6a7ea151_46a7_4834_b865_1c7d5a2090e1: x=0.15 y=0.16 z=0.02
2026-06-03 17:45:12 CARGO: cargo* (none)
2026-06-03 17:45:12 STATIONS: station_base_visual: x=-0.45 y=-0.40 z=0.06
2026-06-03 17:45:17 NETWORK: shipment: 6a7ea151…=AT_STATION station=station-uav-home carrier= | tasks: 64f5cfa7…=AVAILABLE agent= | agents: ugv-east=BUSY task=; ugv-west=BUSY task=
2026-06-03 17:45:17 DRONES: x500* (none)
2026-06-03 17:45:17 PACKAGES: package_link: x=-0.45 y=-0.40 z=0.06 | package-6a7ea151_46a7_4834_b865_1c7d5a2090e1: x=0.15 y=0.16 z=0.02
2026-06-03 17:45:17 CARGO: cargo* (none)
2026-06-03 17:45:17 STATIONS: station_base_visual: x=-0.45 y=-0.40 z=0.06
2026-06-03 17:45:22 NETWORK: shipment: 6a7ea151…=AT_STATION station=station-uav-home carrier= | tasks: 64f5cfa7…=AVAILABLE agent= | agents: ugv-east=CHARGING task=; ugv-west=BUSY task=
2026-06-03 17:45:22 DRONES: x500* (none)
2026-06-03 17:45:22 PACKAGES: package_link: x=-0.45 y=-0.40 z=0.06 | package-6a7ea151_46a7_4834_b865_1c7d5a2090e1: x=0.15 y=0.16 z=0.02
2026-06-03 17:45:22 CARGO: cargo* (none)
2026-06-03 17:45:22 STATIONS: station_base_visual: x=-0.45 y=-0.40 z=0.06
2026-06-03 17:45:28 NETWORK: shipment: 6a7ea151…=AT_STATION station=station-uav-home carrier= | tasks: 64f5cfa7…=AVAILABLE agent= | agents: ugv-east=CHARGING task=; ugv-west=BUSY task=
2026-06-03 17:45:28 DRONES: x500* (none)
2026-06-03 17:45:28 PACKAGES: package_link: x=-0.45 y=-0.40 z=0.06 | package-6a7ea151_46a7_4834_b865_1c7d5a2090e1: x=0.15 y=0.16 z=0.02
2026-06-03 17:45:28 CARGO: cargo* (none)
2026-06-03 17:45:28 STATIONS: station_base_visual: x=-0.45 y=-0.40 z=0.06
2026-06-03 17:45:34 NETWORK: shipment: 6a7ea151…=AT_STATION station=station-uav-home carrier= | tasks: 64f5cfa7…=AVAILABLE agent= | agents: ugv-east=CHARGING task=; ugv-west=BUSY task=
2026-06-03 17:45:34 DRONES: x500* (none)
2026-06-03 17:45:34 PACKAGES: package_link: x=-0.45 y=-0.40 z=0.06 | package-6a7ea151_46a7_4834_b865_1c7d5a2090e1: x=0.15 y=0.16 z=0.02
2026-06-03 17:45:34 CARGO: cargo* (none)
2026-06-03 17:45:34 STATIONS: station_base_visual: x=-0.45 y=-0.40 z=0.06
2026-06-03 17:45:39 NETWORK: shipment: 6a7ea151…=AT_STATION station=station-uav-home carrier= | tasks: 64f5cfa7…=AVAILABLE agent= | agents: ugv-east=CHARGING task=; ugv-west=BUSY task=
2026-06-03 17:45:39 DRONES: x500* (none)
2026-06-03 17:45:39 PACKAGES: package_link: x=-0.45 y=-0.40 z=0.06 | package-6a7ea151_46a7_4834_b865_1c7d5a2090e1: x=0.15 y=0.16 z=0.02
2026-06-03 17:45:39 CARGO: cargo* (none)
2026-06-03 17:45:39 STATIONS: station_base_visual: x=-0.45 y=-0.40 z=0.06
2026-06-03 17:45:45 NETWORK: shipment: 6a7ea151…=AT_STATION station=station-uav-home carrier= | tasks: 64f5cfa7…=AVAILABLE agent= | agents: ugv-east=CHARGING task=; ugv-west=BUSY task=
2026-06-03 17:45:45 DRONES: x500* (none)
2026-06-03 17:45:45 PACKAGES: package_link: x=-0.45 y=-0.40 z=0.06 | package-6a7ea151_46a7_4834_b865_1c7d5a2090e1: x=0.15 y=0.16 z=0.02
2026-06-03 17:45:45 CARGO: cargo* (none)
2026-06-03 17:45:45 STATIONS: station_base_visual: x=-0.45 y=-0.40 z=0.06
2026-06-03 17:45:50 NETWORK: shipment: 6a7ea151…=AT_STATION station=station-uav-home carrier= | tasks: 64f5cfa7…=AVAILABLE agent= | agents: ugv-east=CHARGING task=; ugv-west=BUSY task=
2026-06-03 17:45:50 DRONES: x500* (none)
2026-06-03 17:45:50 PACKAGES: package_link: x=-0.45 y=-0.40 z=0.06 | package-6a7ea151_46a7_4834_b865_1c7d5a2090e1: x=0.15 y=0.16 z=0.02
2026-06-03 17:45:50 CARGO: cargo* (none)
2026-06-03 17:45:50 STATIONS: station_base_visual: x=-0.45 y=-0.40 z=0.06
2026-06-03 17:45:56 NETWORK: shipment: 6a7ea151…=AT_STATION station=station-uav-home carrier= | tasks: 64f5cfa7…=AVAILABLE agent= | agents: ugv-east=CHARGING task=; ugv-west=BUSY task=
2026-06-03 17:45:56 DRONES: x500* (none)
2026-06-03 17:45:56 PACKAGES: package_link: x=-0.45 y=-0.40 z=0.06 | package-6a7ea151_46a7_4834_b865_1c7d5a2090e1: x=0.15 y=0.16 z=0.02
2026-06-03 17:45:56 CARGO: cargo* (none)
2026-06-03 17:45:56 STATIONS: station_base_visual: x=-0.45 y=-0.40 z=0.06
2026-06-03 17:46:01 NETWORK: shipment: 6a7ea151…=AT_STATION station=station-uav-home carrier= | tasks: 64f5cfa7…=AVAILABLE agent= | agents: ugv-east=CHARGING task=; ugv-west=BUSY task=
2026-06-03 17:46:01 DRONES: x500* (none)
2026-06-03 17:46:01 PACKAGES: package_link: x=-0.45 y=-0.40 z=0.06 | package-6a7ea151_46a7_4834_b865_1c7d5a2090e1: x=0.15 y=0.16 z=0.02
2026-06-03 17:46:01 CARGO: cargo* (none)
2026-06-03 17:46:01 STATIONS: station_base_visual: x=-0.45 y=-0.40 z=0.06
2026-06-03 17:46:06 NETWORK: shipment: 6a7ea151…=AT_STATION station=station-uav-home carrier= | tasks: 64f5cfa7…=AVAILABLE agent= | agents: ugv-east=CHARGING task=; ugv-west=BUSY task=
2026-06-03 17:46:06 DRONES: x500* (none)
2026-06-03 17:46:06 PACKAGES: package_link: x=-0.45 y=-0.40 z=0.06 | package-6a7ea151_46a7_4834_b865_1c7d5a2090e1: x=0.15 y=0.16 z=0.02
2026-06-03 17:46:07 CARGO: cargo* (none)
2026-06-03 17:46:07 STATIONS: station_base_visual: x=-0.45 y=-0.40 z=0.06
2026-06-03 17:46:12 NETWORK: shipment: 6a7ea151…=AT_STATION station=station-uav-home carrier= | tasks: 64f5cfa7…=AVAILABLE agent= | agents: ugv-east=CHARGING task=; ugv-west=BUSY task=
2026-06-03 17:46:12 DRONES: x500* (none)
2026-06-03 17:46:12 PACKAGES: package_link: x=-0.45 y=-0.40 z=0.06 | package-6a7ea151_46a7_4834_b865_1c7d5a2090e1: x=0.15 y=0.16 z=0.02
2026-06-03 17:46:12 CARGO: cargo* (none)
2026-06-03 17:46:12 STATIONS: station_base_visual: x=-0.45 y=-0.40 z=0.06
2026-06-03 17:46:17 NETWORK: shipment: 6a7ea151…=AT_STATION station=station-uav-home carrier= | tasks: 64f5cfa7…=AVAILABLE agent= | agents: ugv-east=CHARGING task=; ugv-west=BUSY task=
2026-06-03 17:46:17 DRONES: x500* (none)
2026-06-03 17:46:17 PACKAGES: package_link: x=-0.45 y=-0.40 z=0.06 | package-6a7ea151_46a7_4834_b865_1c7d5a2090e1: x=0.15 y=0.16 z=0.02
2026-06-03 17:46:17 CARGO: cargo* (none)
2026-06-03 17:46:17 STATIONS: station_base_visual: x=-0.45 y=-0.40 z=0.06
2026-06-03 17:46:23 NETWORK: shipment: 6a7ea151…=AT_STATION station=station-uav-home carrier= | tasks: 64f5cfa7…=AVAILABLE agent= | agents: ugv-east=CHARGING task=; ugv-west=BUSY task=
2026-06-03 17:46:23 DRONES: x500* (none)
2026-06-03 17:46:23 PACKAGES: package_link: x=-0.45 y=-0.40 z=0.06 | package-6a7ea151_46a7_4834_b865_1c7d5a2090e1: x=0.15 y=0.16 z=0.02
2026-06-03 17:46:23 CARGO: cargo* (none)
2026-06-03 17:46:23 STATIONS: station_base_visual: x=-0.45 y=-0.40 z=0.06
2026-06-03 17:46:28 NETWORK: shipment: 6a7ea151…=AT_STATION station=station-uav-home carrier= | tasks: 64f5cfa7…=AVAILABLE agent= | agents: ugv-east=CHARGING task=; ugv-west=BUSY task=
2026-06-03 17:46:28 DRONES: x500* (none)
2026-06-03 17:46:28 PACKAGES: package_link: x=-0.45 y=-0.40 z=0.06 | package-6a7ea151_46a7_4834_b865_1c7d5a2090e1: x=0.15 y=0.16 z=0.02
2026-06-03 17:46:28 CARGO: cargo* (none)
2026-06-03 17:46:28 STATIONS: station_base_visual: x=-0.45 y=-0.40 z=0.06
2026-06-03 17:46:34 NETWORK: shipment: 6a7ea151…=AT_STATION station=station-uav-home carrier= | tasks: 64f5cfa7…=AVAILABLE agent= | agents: ugv-east=CHARGING task=; ugv-west=BUSY task=
2026-06-03 17:46:34 DRONES: x500* (none)
2026-06-03 17:46:34 PACKAGES: package_link: x=-0.45 y=-0.40 z=0.06 | package-6a7ea151_46a7_4834_b865_1c7d5a2090e1: x=0.15 y=0.16 z=0.02
2026-06-03 17:46:34 CARGO: cargo* (none)
2026-06-03 17:46:34 STATIONS: station_base_visual: x=-0.45 y=-0.40 z=0.06
2026-06-03 17:46:39 NETWORK: shipment: 6a7ea151…=AT_STATION station=station-uav-home carrier= | tasks: 64f5cfa7…=AVAILABLE agent= | agents: ugv-east=CHARGING task=; ugv-west=BUSY task=
2026-06-03 17:46:39 DRONES: x500* (none)
2026-06-03 17:46:39 PACKAGES: package_link: x=-0.45 y=-0.40 z=0.06 | package-6a7ea151_46a7_4834_b865_1c7d5a2090e1: x=0.15 y=0.16 z=0.02
2026-06-03 17:46:39 CARGO: cargo* (none)
2026-06-03 17:46:39 STATIONS: station_base_visual: x=-0.45 y=-0.40 z=0.06
2026-06-03 17:46:45 NETWORK: shipment: 6a7ea151…=AT_STATION station=station-uav-home carrier= | tasks: 64f5cfa7…=AVAILABLE agent= | agents: ugv-east=CHARGING task=; ugv-west=BUSY task=
2026-06-03 17:46:45 DRONES: x500* (none)
2026-06-03 17:46:45 PACKAGES: package_link: x=-0.45 y=-0.40 z=0.06 | package-6a7ea151_46a7_4834_b865_1c7d5a2090e1: x=0.15 y=0.16 z=0.02
2026-06-03 17:46:45 CARGO: cargo* (none)
2026-06-03 17:46:45 STATIONS: station_base_visual: x=-0.45 y=-0.40 z=0.06
2026-06-03 17:46:50 NETWORK: shipment: 6a7ea151…=AT_STATION station=station-uav-home carrier= | tasks: 64f5cfa7…=AVAILABLE agent= | agents: ugv-east=AVAILABLE task=; ugv-west=BUSY task=
2026-06-03 17:46:50 DRONES: x500* (none)
2026-06-03 17:46:50 PACKAGES: package_link: x=-0.45 y=-0.40 z=0.06 | package-6a7ea151_46a7_4834_b865_1c7d5a2090e1: x=0.15 y=0.16 z=0.02
2026-06-03 17:46:50 CARGO: cargo* (none)
2026-06-03 17:46:50 STATIONS: station_base_visual: x=-0.45 y=-0.40 z=0.06
2026-06-03 17:46:56 NETWORK: shipment: 6a7ea151…=ASSIGNED station=station-uav-home carrier= | tasks: 64f5cfa7…=IN_PROGRESS agent=ugv-east | agents: ugv-east=BUSY task=64f5cfa7-b508-4bd2-8173-412de1d2d7c8; ugv-west=BUSY task=
2026-06-03 17:46:56 DRONES: x500* (none)
2026-06-03 17:46:56 PACKAGES: package_link: x=-0.45 y=-0.40 z=0.06 | package-6a7ea151_46a7_4834_b865_1c7d5a2090e1: x=0.15 y=0.16 z=0.02
2026-06-03 17:46:56 CARGO: cargo* (none)
2026-06-03 17:46:56 STATIONS: station_base_visual: x=-0.45 y=-0.40 z=0.06
2026-06-03 17:47:01 NETWORK: shipment: 6a7ea151…=ASSIGNED station=station-uav-home carrier= | tasks: 64f5cfa7…=IN_PROGRESS agent=ugv-east | agents: ugv-east=BUSY task=64f5cfa7-b508-4bd2-8173-412de1d2d7c8; ugv-west=BUSY task=
2026-06-03 17:47:01 DRONES: x500* (none)
2026-06-03 17:47:01 PACKAGES: package_link: x=-0.45 y=-0.40 z=0.06 | package-6a7ea151_46a7_4834_b865_1c7d5a2090e1: x=0.15 y=0.16 z=0.02
2026-06-03 17:47:01 CARGO: cargo* (none)
2026-06-03 17:47:01 STATIONS: station_base_visual: x=-0.45 y=-0.40 z=0.06
2026-06-03 17:47:07 NETWORK: shipment: 6a7ea151…=IN_TRANSIT station= carrier=ugv-east | tasks: 64f5cfa7…=IN_PROGRESS agent=ugv-east | agents: ugv-east=BUSY task=64f5cfa7-b508-4bd2-8173-412de1d2d7c8; ugv-west=BUSY task=
2026-06-03 17:47:07 DRONES: x500* (none)
2026-06-03 17:47:07 PACKAGES: package_link: x=-0.45 y=-0.40 z=0.06 | package-6a7ea151_46a7_4834_b865_1c7d5a2090e1: x=81.29 y=-0.40 z=0.35
2026-06-03 17:47:07 CARGO: cargo* (none)
2026-06-03 17:47:07 STATIONS: station_base_visual: x=-0.45 y=-0.40 z=0.06
2026-06-03 17:47:12 NETWORK: shipment: 6a7ea151…=IN_TRANSIT station= carrier=ugv-east | tasks: 64f5cfa7…=IN_PROGRESS agent=ugv-east | agents: ugv-east=BUSY task=64f5cfa7-b508-4bd2-8173-412de1d2d7c8; ugv-west=CHARGING task=
2026-06-03 17:47:12 DRONES: x500* (none)
2026-06-03 17:47:12 PACKAGES: package_link: x=-0.45 y=-0.40 z=0.06 | package-6a7ea151_46a7_4834_b865_1c7d5a2090e1: x=81.29 y=-0.40 z=0.35
2026-06-03 17:47:12 CARGO: cargo* (none)
2026-06-03 17:47:12 STATIONS: station_base_visual: x=-0.45 y=-0.40 z=0.06
2026-06-03 17:47:18 NETWORK: shipment: 6a7ea151…=IN_TRANSIT station= carrier=ugv-east | tasks: 64f5cfa7…=IN_PROGRESS agent=ugv-east | agents: ugv-east=BUSY task=64f5cfa7-b508-4bd2-8173-412de1d2d7c8; ugv-west=CHARGING task=
2026-06-03 17:47:18 DRONES: x500* (none)
2026-06-03 17:47:18 PACKAGES: package_link: x=-0.45 y=-0.40 z=0.06 | package-6a7ea151_46a7_4834_b865_1c7d5a2090e1: x=77.67 y=-0.18 z=0.54
2026-06-03 17:47:18 CARGO: cargo* (none)
2026-06-03 17:47:18 STATIONS: station_base_visual: x=-0.45 y=-0.40 z=0.06
2026-06-03 17:47:23 NETWORK: shipment: 6a7ea151…=IN_TRANSIT station= carrier=ugv-east | tasks: 64f5cfa7…=IN_PROGRESS agent=ugv-east | agents: ugv-east=BUSY task=64f5cfa7-b508-4bd2-8173-412de1d2d7c8; ugv-west=CHARGING task=
2026-06-03 17:47:23 DRONES: x500* (none)
2026-06-03 17:47:23 PACKAGES: package_link: x=-0.45 y=-0.40 z=0.06 | package-6a7ea151_46a7_4834_b865_1c7d5a2090e1: x=68.96 y=0.07 z=0.48
2026-06-03 17:47:23 CARGO: cargo* (none)
2026-06-03 17:47:23 STATIONS: station_base_visual: x=-0.45 y=-0.40 z=0.06
2026-06-03 17:47:29 NETWORK: shipment: 6a7ea151…=IN_TRANSIT station= carrier=ugv-east | tasks: 64f5cfa7…=IN_PROGRESS agent=ugv-east | agents: ugv-east=BUSY task=64f5cfa7-b508-4bd2-8173-412de1d2d7c8; ugv-west=CHARGING task=
2026-06-03 17:47:29 DRONES: x500* (none)
2026-06-03 17:47:29 PACKAGES: package_link: x=-0.45 y=-0.40 z=0.06 | package-6a7ea151_46a7_4834_b865_1c7d5a2090e1: x=60.44 y=0.56 z=0.46
2026-06-03 17:47:29 CARGO: cargo* (none)
2026-06-03 17:47:29 STATIONS: station_base_visual: x=-0.45 y=-0.40 z=0.06
2026-06-03 17:47:34 NETWORK: shipment: 6a7ea151…=IN_TRANSIT station= carrier=ugv-east | tasks: 64f5cfa7…=IN_PROGRESS agent=ugv-east | agents: ugv-east=BUSY task=64f5cfa7-b508-4bd2-8173-412de1d2d7c8; ugv-west=CHARGING task=
2026-06-03 17:47:34 DRONES: x500* (none)
2026-06-03 17:47:34 PACKAGES: package_link: x=-0.45 y=-0.40 z=0.06 | package-6a7ea151_46a7_4834_b865_1c7d5a2090e1: x=52.16 y=1.27 z=0.42
2026-06-03 17:47:34 CARGO: cargo* (none)
2026-06-03 17:47:34 STATIONS: station_base_visual: x=-0.45 y=-0.40 z=0.06
2026-06-03 17:47:40 NETWORK: shipment: 6a7ea151…=IN_TRANSIT station= carrier=ugv-east | tasks: 64f5cfa7…=IN_PROGRESS agent=ugv-east | agents: ugv-east=BUSY task=64f5cfa7-b508-4bd2-8173-412de1d2d7c8; ugv-west=CHARGING task=
2026-06-03 17:47:40 DRONES: x500* (none)
2026-06-03 17:47:40 PACKAGES: package_link: x=-0.45 y=-0.40 z=0.06 | package-6a7ea151_46a7_4834_b865_1c7d5a2090e1: x=43.99 y=2.45 z=0.48
2026-06-03 17:47:40 CARGO: cargo* (none)
2026-06-03 17:47:40 STATIONS: station_base_visual: x=-0.45 y=-0.40 z=0.06
2026-06-03 17:47:45 NETWORK: shipment: 6a7ea151…=IN_TRANSIT station= carrier=ugv-east | tasks: 64f5cfa7…=IN_PROGRESS agent=ugv-east | agents: ugv-east=BUSY task=64f5cfa7-b508-4bd2-8173-412de1d2d7c8; ugv-west=CHARGING task=
2026-06-03 17:47:45 DRONES: x500* (none)
2026-06-03 17:47:45 PACKAGES: package_link: x=-0.45 y=-0.40 z=0.06 | package-6a7ea151_46a7_4834_b865_1c7d5a2090e1: x=36.27 y=3.01 z=0.50
2026-06-03 17:47:45 CARGO: cargo* (none)
2026-06-03 17:47:45 STATIONS: station_base_visual: x=-0.45 y=-0.40 z=0.06
2026-06-03 17:47:51 NETWORK: shipment: 6a7ea151…=IN_TRANSIT station= carrier=ugv-east | tasks: 64f5cfa7…=IN_PROGRESS agent=ugv-east | agents: ugv-east=BUSY task=64f5cfa7-b508-4bd2-8173-412de1d2d7c8; ugv-west=CHARGING task=
2026-06-03 17:47:51 DRONES: x500* (none)
2026-06-03 17:47:51 PACKAGES: package_link: x=-0.45 y=-0.40 z=0.06 | package-6a7ea151_46a7_4834_b865_1c7d5a2090e1: x=28.24 y=2.12 z=0.43
2026-06-03 17:47:51 CARGO: cargo* (none)
2026-06-03 17:47:51 STATIONS: station_base_visual: x=-0.45 y=-0.40 z=0.06
2026-06-03 17:47:56 NETWORK: shipment: 6a7ea151…=IN_TRANSIT station= carrier=ugv-east | tasks: 64f5cfa7…=IN_PROGRESS agent=ugv-east | agents: ugv-east=BUSY task=64f5cfa7-b508-4bd2-8173-412de1d2d7c8; ugv-west=AVAILABLE task=
2026-06-03 17:47:56 DRONES: x500* (none)
2026-06-03 17:47:56 PACKAGES: package_link: x=-0.45 y=-0.40 z=0.06 | package-6a7ea151_46a7_4834_b865_1c7d5a2090e1: x=19.73 y=1.17 z=0.44
2026-06-03 17:47:56 CARGO: cargo* (none)
2026-06-03 17:47:56 STATIONS: station_base_visual: x=-0.45 y=-0.40 z=0.06
2026-06-03 17:48:02 NETWORK: shipment: 6a7ea151…=IN_TRANSIT station= carrier=ugv-east | tasks: 64f5cfa7…=IN_PROGRESS agent=ugv-east | agents: ugv-east=BUSY task=64f5cfa7-b508-4bd2-8173-412de1d2d7c8; ugv-west=AVAILABLE task=
2026-06-03 17:48:02 DRONES: x500* (none)
2026-06-03 17:48:02 PACKAGES: package_link: x=-0.45 y=-0.40 z=0.06 | package-6a7ea151_46a7_4834_b865_1c7d5a2090e1: x=10.61 y=0.17 z=0.50
2026-06-03 17:48:02 CARGO: cargo* (none)
2026-06-03 17:48:02 STATIONS: station_base_visual: x=-0.45 y=-0.40 z=0.06
2026-06-03 17:48:07 NETWORK: shipment: 6a7ea151…=IN_TRANSIT station= carrier=ugv-east | tasks: 64f5cfa7…=IN_PROGRESS agent=ugv-east | agents: ugv-east=BUSY task=64f5cfa7-b508-4bd2-8173-412de1d2d7c8; ugv-west=AVAILABLE task=
2026-06-03 17:48:07 DRONES: x500* (none)
2026-06-03 17:48:07 PACKAGES: package_link: x=-0.45 y=-0.40 z=0.06 | package-6a7ea151_46a7_4834_b865_1c7d5a2090e1: x=1.99 y=-0.73 z=0.45
2026-06-03 17:48:07 CARGO: cargo* (none)
2026-06-03 17:48:07 STATIONS: station_base_visual: x=-0.45 y=-0.40 z=0.06
2026-06-03 17:48:13 NETWORK: shipment: 6a7ea151…=IN_TRANSIT station= carrier=ugv-east | tasks: 64f5cfa7…=IN_PROGRESS agent=ugv-east | agents: ugv-east=BUSY task=64f5cfa7-b508-4bd2-8173-412de1d2d7c8; ugv-west=AVAILABLE task=
2026-06-03 17:48:13 DRONES: x500* (none)
2026-06-03 17:48:13 PACKAGES: package_link: x=-0.45 y=-0.40 z=0.06 | package-6a7ea151_46a7_4834_b865_1c7d5a2090e1: x=-6.42 y=-1.60 z=0.45
2026-06-03 17:48:13 CARGO: cargo* (none)
2026-06-03 17:48:13 STATIONS: station_base_visual: x=-0.45 y=-0.40 z=0.06
2026-06-03 17:48:18 NETWORK: shipment: 6a7ea151…=IN_TRANSIT station= carrier=ugv-east | tasks: 64f5cfa7…=IN_PROGRESS agent=ugv-east | agents: ugv-east=BUSY task=64f5cfa7-b508-4bd2-8173-412de1d2d7c8; ugv-west=AVAILABLE task=
2026-06-03 17:48:18 DRONES: x500* (none)
2026-06-03 17:48:18 PACKAGES: package_link: x=-0.45 y=-0.40 z=0.06 | package-6a7ea151_46a7_4834_b865_1c7d5a2090e1: x=-14.26 y=-2.18 z=0.52
2026-06-03 17:48:18 CARGO: cargo* (none)
2026-06-03 17:48:18 STATIONS: station_base_visual: x=-0.45 y=-0.40 z=0.06
2026-06-03 17:48:24 NETWORK: shipment: 6a7ea151…=IN_TRANSIT station= carrier=ugv-east | tasks: 64f5cfa7…=IN_PROGRESS agent=ugv-east | agents: ugv-east=BUSY task=64f5cfa7-b508-4bd2-8173-412de1d2d7c8; ugv-west=AVAILABLE task=
2026-06-03 17:48:24 DRONES: x500* (none)
2026-06-03 17:48:24 PACKAGES: package_link: x=-0.45 y=-0.40 z=0.06 | package-6a7ea151_46a7_4834_b865_1c7d5a2090e1: x=-23.30 y=-2.72 z=0.55
2026-06-03 17:48:24 CARGO: cargo* (none)
2026-06-03 17:48:24 STATIONS: station_base_visual: x=-0.45 y=-0.40 z=0.06
2026-06-03 17:48:29 NETWORK: shipment: 6a7ea151…=IN_TRANSIT station= carrier=ugv-east | tasks: 64f5cfa7…=IN_PROGRESS agent=ugv-east | agents: ugv-east=BUSY task=64f5cfa7-b508-4bd2-8173-412de1d2d7c8; ugv-west=AVAILABLE task=
2026-06-03 17:48:29 DRONES: x500* (none)
2026-06-03 17:48:29 PACKAGES: package_link: x=-0.45 y=-0.40 z=0.06 | package-6a7ea151_46a7_4834_b865_1c7d5a2090e1: x=-32.19 y=-3.27 z=0.69
2026-06-03 17:48:29 CARGO: cargo* (none)
2026-06-03 17:48:29 STATIONS: station_base_visual: x=-0.45 y=-0.40 z=0.06
2026-06-03 17:48:35 NETWORK: shipment: 6a7ea151…=IN_TRANSIT station= carrier=ugv-east | tasks: 64f5cfa7…=IN_PROGRESS agent=ugv-east | agents: ugv-east=BUSY task=64f5cfa7-b508-4bd2-8173-412de1d2d7c8; ugv-west=AVAILABLE task=
2026-06-03 17:48:35 DRONES: x500* (none)
2026-06-03 17:48:35 PACKAGES: package_link: x=-0.45 y=-0.40 z=0.06 | package-6a7ea151_46a7_4834_b865_1c7d5a2090e1: x=-40.70 y=-3.76 z=0.58
2026-06-03 17:48:35 CARGO: cargo* (none)
2026-06-03 17:48:35 STATIONS: station_base_visual: x=-0.45 y=-0.40 z=0.06
2026-06-03 17:48:40 NETWORK: shipment: 6a7ea151…=IN_TRANSIT station= carrier=ugv-east | tasks: 64f5cfa7…=IN_PROGRESS agent=ugv-east | agents: ugv-east=BUSY task=64f5cfa7-b508-4bd2-8173-412de1d2d7c8; ugv-west=AVAILABLE task=
2026-06-03 17:48:40 DRONES: x500* (none)
2026-06-03 17:48:40 PACKAGES: package_link: x=-0.45 y=-0.40 z=0.06 | package-6a7ea151_46a7_4834_b865_1c7d5a2090e1: x=-49.99 y=-4.15 z=0.56
2026-06-03 17:48:40 CARGO: cargo* (none)
2026-06-03 17:48:40 STATIONS: station_base_visual: x=-0.45 y=-0.40 z=0.06
2026-06-03 17:48:46 NETWORK: shipment: 6a7ea151…=IN_TRANSIT station= carrier=ugv-east | tasks: 64f5cfa7…=IN_PROGRESS agent=ugv-east | agents: ugv-east=BUSY task=64f5cfa7-b508-4bd2-8173-412de1d2d7c8; ugv-west=AVAILABLE task=
2026-06-03 17:48:46 DRONES: x500* (none)
2026-06-03 17:48:46 PACKAGES: package_link: x=-0.45 y=-0.40 z=0.06 | package-6a7ea151_46a7_4834_b865_1c7d5a2090e1: x=-58.64 y=-4.34 z=0.55
2026-06-03 17:48:46 CARGO: cargo* (none)
2026-06-03 17:48:46 STATIONS: station_base_visual: x=-0.45 y=-0.40 z=0.06
2026-06-03 17:48:51 NETWORK: shipment: 6a7ea151…=IN_TRANSIT station= carrier=ugv-east | tasks: 64f5cfa7…=IN_PROGRESS agent=ugv-east | agents: ugv-east=BUSY task=64f5cfa7-b508-4bd2-8173-412de1d2d7c8; ugv-west=AVAILABLE task=
2026-06-03 17:48:51 DRONES: x500* (none)
2026-06-03 17:48:51 PACKAGES: package_link: x=-0.45 y=-0.40 z=0.06 | package-6a7ea151_46a7_4834_b865_1c7d5a2090e1: x=-68.16 y=-4.34 z=0.50
2026-06-03 17:48:51 CARGO: cargo* (none)
2026-06-03 17:48:51 STATIONS: station_base_visual: x=-0.45 y=-0.40 z=0.06
2026-06-03 17:48:56 NETWORK: shipment: 6a7ea151…=IN_TRANSIT station= carrier=ugv-east | tasks: 64f5cfa7…=IN_PROGRESS agent=ugv-east | agents: ugv-east=BUSY task=64f5cfa7-b508-4bd2-8173-412de1d2d7c8; ugv-west=AVAILABLE task=
2026-06-03 17:48:56 DRONES: x500* (none)
2026-06-03 17:48:56 PACKAGES: package_link: x=-0.45 y=-0.40 z=0.06 | package-6a7ea151_46a7_4834_b865_1c7d5a2090e1: x=-77.40 y=-3.90 z=0.44
2026-06-03 17:48:56 CARGO: cargo* (none)
2026-06-03 17:48:56 STATIONS: station_base_visual: x=-0.45 y=-0.40 z=0.06
2026-06-03 17:49:02 NETWORK: shipment: 6a7ea151…=IN_TRANSIT station= carrier=ugv-east | tasks: 64f5cfa7…=IN_PROGRESS agent=ugv-east | agents: ugv-east=BUSY task=64f5cfa7-b508-4bd2-8173-412de1d2d7c8; ugv-west=AVAILABLE task=
2026-06-03 17:49:02 DRONES: x500* (none)
2026-06-03 17:49:02 PACKAGES: package_link: x=-0.45 y=-0.40 z=0.06 | package-6a7ea151_46a7_4834_b865_1c7d5a2090e1: x=-83.49 y=-3.16 z=0.49
2026-06-03 17:49:02 CARGO: cargo* (none)
2026-06-03 17:49:02 STATIONS: station_base_visual: x=-0.45 y=-0.40 z=0.06
2026-06-03 17:49:07 NETWORK: shipment: 6a7ea151…=IN_TRANSIT station= carrier=ugv-east | tasks: 64f5cfa7…=IN_PROGRESS agent=ugv-east | agents: ugv-east=BUSY task=64f5cfa7-b508-4bd2-8173-412de1d2d7c8; ugv-west=AVAILABLE task=
2026-06-03 17:49:07 DRONES: x500* (none)
2026-06-03 17:49:07 PACKAGES: package_link: x=-0.45 y=-0.40 z=0.06 | package-6a7ea151_46a7_4834_b865_1c7d5a2090e1: x=0.15 y=0.16 z=0.02
2026-06-03 17:49:07 CARGO: cargo* (none)
2026-06-03 17:49:07 STATIONS: station_base_visual: x=-0.45 y=-0.40 z=0.06
2026-06-03 17:49:13 NETWORK: shipment: 6a7ea151…=AT_STATION station=station-ugv-home carrier= | tasks: 7cd32313…=AVAILABLE agent= | agents: ugv-east=AVAILABLE task=; ugv-west=AVAILABLE task=
2026-06-03 17:49:13 DRONES: x500* (none)
2026-06-03 17:49:13 PACKAGES: package_link: x=-0.45 y=-0.40 z=0.06 | package-6a7ea151_46a7_4834_b865_1c7d5a2090e1: x=0.15 y=0.16 z=0.02
2026-06-03 17:49:13 CARGO: cargo* (none)
2026-06-03 17:49:13 STATIONS: station_base_visual: x=-0.45 y=-0.40 z=0.06
2026-06-03 17:49:18 NETWORK: shipment: 6a7ea151…=ASSIGNED station=station-ugv-home carrier= | tasks: 7cd32313…=IN_PROGRESS agent=ugv-west | agents: ugv-east=AVAILABLE task=; ugv-west=BUSY task=7cd32313-8167-46e9-93ce-a4517f2abb69
2026-06-03 17:49:18 DRONES: x500* (none)
2026-06-03 17:49:18 PACKAGES: package_link: x=-0.45 y=-0.40 z=0.06 | package-6a7ea151_46a7_4834_b865_1c7d5a2090e1: x=0.15 y=0.16 z=0.02
2026-06-03 17:49:18 CARGO: cargo* (none)
2026-06-03 17:49:18 STATIONS: station_base_visual: x=-0.45 y=-0.40 z=0.06
2026-06-03 17:49:24 NETWORK: shipment: 6a7ea151…=ASSIGNED station=station-ugv-home carrier= | tasks: 7cd32313…=IN_PROGRESS agent=ugv-west | agents: ugv-east=BUSY task=; ugv-west=BUSY task=7cd32313-8167-46e9-93ce-a4517f2abb69
2026-06-03 17:49:24 DRONES: x500* (none)
2026-06-03 17:49:24 PACKAGES: package_link: x=-0.45 y=-0.40 z=0.06 | package-6a7ea151_46a7_4834_b865_1c7d5a2090e1: x=0.15 y=0.16 z=0.02
2026-06-03 17:49:24 CARGO: cargo* (none)
2026-06-03 17:49:24 STATIONS: station_base_visual: x=-0.45 y=-0.40 z=0.06
2026-06-03 17:49:29 NETWORK: shipment: 6a7ea151…=ASSIGNED station=station-ugv-home carrier= | tasks: 7cd32313…=IN_PROGRESS agent=ugv-west | agents: ugv-east=CHARGING task=; ugv-west=BUSY task=7cd32313-8167-46e9-93ce-a4517f2abb69
2026-06-03 17:49:29 DRONES: x500* (none)
2026-06-03 17:49:29 PACKAGES: package_link: x=-0.45 y=-0.40 z=0.06 | package-6a7ea151_46a7_4834_b865_1c7d5a2090e1: x=0.15 y=0.16 z=0.02
2026-06-03 17:49:29 CARGO: cargo* (none)
2026-06-03 17:49:29 STATIONS: station_base_visual: x=-0.45 y=-0.40 z=0.06
2026-06-03 17:49:35 NETWORK: shipment: 6a7ea151…=IN_TRANSIT station= carrier=ugv-west | tasks: 7cd32313…=IN_PROGRESS agent=ugv-west | agents: ugv-east=CHARGING task=; ugv-west=BUSY task=7cd32313-8167-46e9-93ce-a4517f2abb69
2026-06-03 17:49:35 DRONES: x500* (none)
2026-06-03 17:49:35 PACKAGES: package_link: x=-0.45 y=-0.40 z=0.06 | package-6a7ea151_46a7_4834_b865_1c7d5a2090e1: x=0.15 y=0.16 z=0.02
2026-06-03 17:49:35 CARGO: cargo* (none)
2026-06-03 17:49:35 STATIONS: station_base_visual: x=-0.45 y=-0.40 z=0.06
2026-06-03 17:49:41 NETWORK: shipment: 6a7ea151…=IN_TRANSIT station= carrier=ugv-west | tasks: 7cd32313…=IN_PROGRESS agent=ugv-west | agents: ugv-east=CHARGING task=; ugv-west=BUSY task=7cd32313-8167-46e9-93ce-a4517f2abb69
2026-06-03 17:49:41 DRONES: x500* (none)
2026-06-03 17:49:41 PACKAGES: package_link: x=-0.45 y=-0.40 z=0.06 | package-6a7ea151_46a7_4834_b865_1c7d5a2090e1: x=-84.30 y=-0.40 z=0.35
2026-06-03 17:49:41 CARGO: cargo* (none)
2026-06-03 17:49:41 STATIONS: station_base_visual: x=-0.45 y=-0.40 z=0.06
2026-06-03 17:49:46 NETWORK: shipment: 6a7ea151…=IN_TRANSIT station= carrier=ugv-west | tasks: 7cd32313…=IN_PROGRESS agent=ugv-west | agents: ugv-east=CHARGING task=; ugv-west=BUSY task=7cd32313-8167-46e9-93ce-a4517f2abb69
2026-06-03 17:49:46 DRONES: x500* (none)
2026-06-03 17:49:46 PACKAGES: package_link: x=-0.45 y=-0.40 z=0.06 | package-6a7ea151_46a7_4834_b865_1c7d5a2090e1: x=-86.78 y=-2.37 z=0.37
2026-06-03 17:49:46 CARGO: cargo* (none)
2026-06-03 17:49:46 STATIONS: station_base_visual: x=-0.45 y=-0.40 z=0.06
2026-06-03 17:49:52 NETWORK: shipment: 6a7ea151…=IN_TRANSIT station= carrier=ugv-west | tasks: 7cd32313…=IN_PROGRESS agent=ugv-west | agents: ugv-east=CHARGING task=; ugv-west=BUSY task=7cd32313-8167-46e9-93ce-a4517f2abb69
2026-06-03 17:49:52 DRONES: x500* (none)
2026-06-03 17:49:52 PACKAGES: package_link: x=-0.45 y=-0.40 z=0.06 | package-6a7ea151_46a7_4834_b865_1c7d5a2090e1: x=-92.06 y=-4.55 z=0.35
2026-06-03 17:49:52 CARGO: cargo* (none)
2026-06-03 17:49:52 STATIONS: station_base_visual: x=-0.45 y=-0.40 z=0.06
2026-06-03 17:49:57 NETWORK: shipment: 6a7ea151…=IN_TRANSIT station= carrier=ugv-west | tasks: 7cd32313…=IN_PROGRESS agent=ugv-west | agents: ugv-east=CHARGING task=; ugv-west=BUSY task=7cd32313-8167-46e9-93ce-a4517f2abb69
2026-06-03 17:49:57 DRONES: x500* (none)
2026-06-03 17:49:57 PACKAGES: package_link: x=-0.45 y=-0.40 z=0.06 | package-6a7ea151_46a7_4834_b865_1c7d5a2090e1: x=-100.72 y=-4.84 z=0.40
2026-06-03 17:49:57 CARGO: cargo* (none)
2026-06-03 17:49:57 STATIONS: station_base_visual: x=-0.45 y=-0.40 z=0.06
2026-06-03 17:50:03 NETWORK: shipment: 6a7ea151…=IN_TRANSIT station= carrier=ugv-west | tasks: 7cd32313…=IN_PROGRESS agent=ugv-west | agents: ugv-east=CHARGING task=; ugv-west=BUSY task=7cd32313-8167-46e9-93ce-a4517f2abb69
2026-06-03 17:50:03 DRONES: x500* (none)
2026-06-03 17:50:03 PACKAGES: package_link: x=-0.45 y=-0.40 z=0.06 | package-6a7ea151_46a7_4834_b865_1c7d5a2090e1: x=-110.09 y=-5.07 z=0.48
2026-06-03 17:50:03 CARGO: cargo* (none)
2026-06-03 17:50:03 STATIONS: station_base_visual: x=-0.45 y=-0.40 z=0.06
2026-06-03 17:50:08 NETWORK: shipment: 6a7ea151…=IN_TRANSIT station= carrier=ugv-west | tasks: 7cd32313…=IN_PROGRESS agent=ugv-west | agents: ugv-east=CHARGING task=; ugv-west=BUSY task=7cd32313-8167-46e9-93ce-a4517f2abb69
2026-06-03 17:50:08 DRONES: x500* (none)
2026-06-03 17:50:08 PACKAGES: package_link: x=-0.45 y=-0.40 z=0.06 | package-6a7ea151_46a7_4834_b865_1c7d5a2090e1: x=-118.42 y=-5.20 z=0.46
2026-06-03 17:50:08 CARGO: cargo* (none)
2026-06-03 17:50:08 STATIONS: station_base_visual: x=-0.45 y=-0.40 z=0.06
2026-06-03 17:50:14 NETWORK: shipment: 6a7ea151…=IN_TRANSIT station= carrier=ugv-west | tasks: 7cd32313…=IN_PROGRESS agent=ugv-west | agents: ugv-east=AVAILABLE task=; ugv-west=BUSY task=7cd32313-8167-46e9-93ce-a4517f2abb69
2026-06-03 17:50:14 DRONES: x500* (none)
2026-06-03 17:50:14 PACKAGES: package_link: x=-0.45 y=-0.40 z=0.06 | package-6a7ea151_46a7_4834_b865_1c7d5a2090e1: x=-126.73 y=-5.29 z=0.40
2026-06-03 17:50:14 CARGO: cargo* (none)
2026-06-03 17:50:14 STATIONS: station_base_visual: x=-0.45 y=-0.40 z=0.06
2026-06-03 17:50:19 NETWORK: shipment: 6a7ea151…=IN_TRANSIT station= carrier=ugv-west | tasks: 7cd32313…=IN_PROGRESS agent=ugv-west | agents: ugv-east=AVAILABLE task=; ugv-west=BUSY task=7cd32313-8167-46e9-93ce-a4517f2abb69
2026-06-03 17:50:19 DRONES: x500* (none)
2026-06-03 17:50:19 PACKAGES: package_link: x=-0.45 y=-0.40 z=0.06 | package-6a7ea151_46a7_4834_b865_1c7d5a2090e1: x=-135.22 y=-5.30 z=0.34
2026-06-03 17:50:19 CARGO: cargo* (none)
2026-06-03 17:50:19 STATIONS: station_base_visual: x=-0.45 y=-0.40 z=0.06
2026-06-03 17:50:25 NETWORK: shipment: 6a7ea151…=IN_TRANSIT station= carrier=ugv-west | tasks: 7cd32313…=IN_PROGRESS agent=ugv-west | agents: ugv-east=AVAILABLE task=; ugv-west=BUSY task=7cd32313-8167-46e9-93ce-a4517f2abb69
2026-06-03 17:50:25 DRONES: x500* (none)
2026-06-03 17:50:25 PACKAGES: package_link: x=-0.45 y=-0.40 z=0.06 | package-6a7ea151_46a7_4834_b865_1c7d5a2090e1: x=-143.48 y=-5.36 z=0.26
2026-06-03 17:50:25 CARGO: cargo* (none)
2026-06-03 17:50:25 STATIONS: station_base_visual: x=-0.45 y=-0.40 z=0.06
2026-06-03 17:50:30 NETWORK: shipment: 6a7ea151…=IN_TRANSIT station= carrier=ugv-west | tasks: 7cd32313…=IN_PROGRESS agent=ugv-west | agents: ugv-east=AVAILABLE task=; ugv-west=BUSY task=7cd32313-8167-46e9-93ce-a4517f2abb69
2026-06-03 17:50:30 DRONES: x500* (none)
2026-06-03 17:50:30 PACKAGES: package_link: x=-0.45 y=-0.40 z=0.06 | package-6a7ea151_46a7_4834_b865_1c7d5a2090e1: x=-152.09 y=-5.34 z=0.34
2026-06-03 17:50:30 CARGO: cargo* (none)
2026-06-03 17:50:30 STATIONS: station_base_visual: x=-0.45 y=-0.40 z=0.06
2026-06-03 17:50:36 NETWORK: shipment: 6a7ea151…=IN_TRANSIT station= carrier=ugv-west | tasks: 7cd32313…=IN_PROGRESS agent=ugv-west | agents: ugv-east=AVAILABLE task=; ugv-west=BUSY task=7cd32313-8167-46e9-93ce-a4517f2abb69
2026-06-03 17:50:36 DRONES: x500* (none)
2026-06-03 17:50:36 PACKAGES: package_link: x=-0.45 y=-0.40 z=0.06 | package-6a7ea151_46a7_4834_b865_1c7d5a2090e1: x=-160.53 y=-5.29 z=0.24
2026-06-03 17:50:36 CARGO: cargo* (none)
2026-06-03 17:50:36 STATIONS: station_base_visual: x=-0.45 y=-0.40 z=0.06
2026-06-03 17:50:41 NETWORK: shipment: 6a7ea151…=IN_TRANSIT station= carrier=ugv-west | tasks: 7cd32313…=IN_PROGRESS agent=ugv-west | agents: ugv-east=AVAILABLE task=; ugv-west=BUSY task=7cd32313-8167-46e9-93ce-a4517f2abb69
2026-06-03 17:50:41 DRONES: x500* (none)
2026-06-03 17:50:41 PACKAGES: package_link: x=-0.45 y=-0.40 z=0.06 | package-6a7ea151_46a7_4834_b865_1c7d5a2090e1: x=-169.04 y=-5.19 z=0.27
2026-06-03 17:50:41 CARGO: cargo* (none)
2026-06-03 17:50:41 STATIONS: station_base_visual: x=-0.45 y=-0.40 z=0.06
2026-06-03 17:50:47 NETWORK: shipment: 6a7ea151…=IN_TRANSIT station= carrier=ugv-west | tasks: 7cd32313…=IN_PROGRESS agent=ugv-west | agents: ugv-east=AVAILABLE task=; ugv-west=BUSY task=7cd32313-8167-46e9-93ce-a4517f2abb69
2026-06-03 17:50:47 DRONES: x500* (none)
2026-06-03 17:50:47 PACKAGES: package_link: x=-0.45 y=-0.40 z=0.06 | package-6a7ea151_46a7_4834_b865_1c7d5a2090e1: x=-177.30 y=-5.06 z=0.20
2026-06-03 17:50:47 CARGO: cargo* (none)
2026-06-03 17:50:47 STATIONS: station_base_visual: x=-0.45 y=-0.40 z=0.06
2026-06-03 17:50:52 NETWORK: shipment: 6a7ea151…=IN_TRANSIT station= carrier=ugv-west | tasks: 7cd32313…=IN_PROGRESS agent=ugv-west | agents: ugv-east=AVAILABLE task=; ugv-west=BUSY task=7cd32313-8167-46e9-93ce-a4517f2abb69
2026-06-03 17:50:52 DRONES: x500* (none)
2026-06-03 17:50:52 PACKAGES: package_link: x=-0.45 y=-0.40 z=0.06 | package-6a7ea151_46a7_4834_b865_1c7d5a2090e1: x=-185.65 y=-4.86 z=0.17
2026-06-03 17:50:52 CARGO: cargo* (none)
2026-06-03 17:50:52 STATIONS: station_base_visual: x=-0.45 y=-0.40 z=0.06
2026-06-03 17:50:58 NETWORK: shipment: 6a7ea151…=IN_TRANSIT station= carrier=ugv-west | tasks: 7cd32313…=IN_PROGRESS agent=ugv-west | agents: ugv-east=AVAILABLE task=; ugv-west=BUSY task=7cd32313-8167-46e9-93ce-a4517f2abb69
2026-06-03 17:50:58 DRONES: x500* (none)
2026-06-03 17:50:58 PACKAGES: package_link: x=-0.45 y=-0.40 z=0.06 | package-6a7ea151_46a7_4834_b865_1c7d5a2090e1: x=-194.59 y=-4.58 z=0.16
2026-06-03 17:50:58 CARGO: cargo* (none)
2026-06-03 17:50:58 STATIONS: station_base_visual: x=-0.45 y=-0.40 z=0.06
2026-06-03 17:51:03 NETWORK: shipment: 6a7ea151…=IN_TRANSIT station= carrier=ugv-west | tasks: 7cd32313…=IN_PROGRESS agent=ugv-west | agents: ugv-east=AVAILABLE task=; ugv-west=BUSY task=7cd32313-8167-46e9-93ce-a4517f2abb69
2026-06-03 17:51:03 DRONES: x500* (none)
2026-06-03 17:51:03 PACKAGES: package_link: x=-0.45 y=-0.40 z=0.06 | package-6a7ea151_46a7_4834_b865_1c7d5a2090e1: x=-203.16 y=-4.25 z=0.17
2026-06-03 17:51:03 CARGO: cargo* (none)
2026-06-03 17:51:04 STATIONS: station_base_visual: x=-0.45 y=-0.40 z=0.06
2026-06-03 17:51:09 NETWORK: shipment: 6a7ea151…=IN_TRANSIT station= carrier=ugv-west | tasks: 7cd32313…=IN_PROGRESS agent=ugv-west | agents: ugv-east=AVAILABLE task=; ugv-west=BUSY task=7cd32313-8167-46e9-93ce-a4517f2abb69
2026-06-03 17:51:09 DRONES: x500* (none)
2026-06-03 17:51:09 PACKAGES: package_link: x=-0.45 y=-0.40 z=0.06 | package-6a7ea151_46a7_4834_b865_1c7d5a2090e1: x=-211.33 y=-3.91 z=0.14
2026-06-03 17:51:09 CARGO: cargo* (none)
2026-06-03 17:51:09 STATIONS: station_base_visual: x=-0.45 y=-0.40 z=0.06
2026-06-03 17:51:15 NETWORK: shipment: 6a7ea151…=IN_TRANSIT station= carrier=ugv-west | tasks: 7cd32313…=IN_PROGRESS agent=ugv-west | agents: ugv-east=AVAILABLE task=; ugv-west=BUSY task=7cd32313-8167-46e9-93ce-a4517f2abb69
2026-06-03 17:51:15 DRONES: x500* (none)
2026-06-03 17:51:15 PACKAGES: package_link: x=-0.45 y=-0.40 z=0.06 | package-6a7ea151_46a7_4834_b865_1c7d5a2090e1: x=-219.72 y=-3.40 z=0.19
2026-06-03 17:51:15 CARGO: cargo* (none)
2026-06-03 17:51:15 STATIONS: station_base_visual: x=-0.45 y=-0.40 z=0.06
2026-06-03 17:51:20 NETWORK: shipment: 6a7ea151…=IN_TRANSIT station= carrier=ugv-west | tasks: 7cd32313…=IN_PROGRESS agent=ugv-west | agents: ugv-east=AVAILABLE task=; ugv-west=BUSY task=7cd32313-8167-46e9-93ce-a4517f2abb69
2026-06-03 17:51:20 DRONES: x500* (none)
2026-06-03 17:51:20 PACKAGES: package_link: x=-0.45 y=-0.40 z=0.06 | package-6a7ea151_46a7_4834_b865_1c7d5a2090e1: x=-228.51 y=-2.78 z=0.23
2026-06-03 17:51:20 CARGO: cargo* (none)
2026-06-03 17:51:20 STATIONS: station_base_visual: x=-0.45 y=-0.40 z=0.06
2026-06-03 17:51:26 NETWORK: shipment: 6a7ea151…=IN_TRANSIT station= carrier=ugv-west | tasks: 7cd32313…=IN_PROGRESS agent=ugv-west | agents: ugv-east=AVAILABLE task=; ugv-west=BUSY task=7cd32313-8167-46e9-93ce-a4517f2abb69
2026-06-03 17:51:26 DRONES: x500* (none)
2026-06-03 17:51:26 PACKAGES: package_link: x=-0.45 y=-0.40 z=0.06 | package-6a7ea151_46a7_4834_b865_1c7d5a2090e1: x=-236.64 y=-2.06 z=0.17
2026-06-03 17:51:26 CARGO: cargo* (none)
2026-06-03 17:51:26 STATIONS: station_base_visual: x=-0.45 y=-0.40 z=0.06
2026-06-03 17:51:31 NETWORK: shipment: 6a7ea151…=IN_TRANSIT station= carrier=ugv-west | tasks: 7cd32313…=IN_PROGRESS agent=ugv-west | agents: ugv-east=AVAILABLE task=; ugv-west=BUSY task=7cd32313-8167-46e9-93ce-a4517f2abb69
2026-06-03 17:51:31 DRONES: x500* (none)
2026-06-03 17:51:31 PACKAGES: package_link: x=-0.45 y=-0.40 z=0.06 | package-6a7ea151_46a7_4834_b865_1c7d5a2090e1: x=-245.43 y=-0.93 z=0.11
2026-06-03 17:51:31 CARGO: cargo* (none)
2026-06-03 17:51:31 STATIONS: station_base_visual: x=-0.45 y=-0.40 z=0.06
2026-06-03 17:51:37 NETWORK: shipment: 6a7ea151…=IN_TRANSIT station= carrier=ugv-west | tasks: 7cd32313…=IN_PROGRESS agent=ugv-west | agents: ugv-east=AVAILABLE task=; ugv-west=BUSY task=7cd32313-8167-46e9-93ce-a4517f2abb69
2026-06-03 17:51:37 DRONES: x500* (none)
2026-06-03 17:51:37 PACKAGES: package_link: x=-0.45 y=-0.40 z=0.06 | package-6a7ea151_46a7_4834_b865_1c7d5a2090e1: x=-246.72 y=-0.72 z=0.10
2026-06-03 17:51:37 CARGO: cargo* (none)
2026-06-03 17:51:37 STATIONS: station_base_visual: x=-0.45 y=-0.40 z=0.06
2026-06-03 17:51:42 NETWORK: shipment: 6a7ea151…=IN_TRANSIT station= carrier=ugv-west | tasks: 7cd32313…=IN_PROGRESS agent=ugv-west | agents: ugv-east=AVAILABLE task=; ugv-west=BUSY task=7cd32313-8167-46e9-93ce-a4517f2abb69
2026-06-03 17:51:42 DRONES: x500* (none)
2026-06-03 17:51:42 PACKAGES: package_link: x=-0.45 y=-0.40 z=0.06 | package-6a7ea151_46a7_4834_b865_1c7d5a2090e1: x=0.15 y=0.16 z=0.02
2026-06-03 17:51:42 CARGO: cargo* (none)
2026-06-03 17:51:42 STATIONS: station_base_visual: x=-0.45 y=-0.40 z=0.06
2026-06-03 17:51:47 NETWORK: shipment: no active shipment | tasks:  | agents: ugv-east=BUSY task=; ugv-west=AVAILABLE task=
2026-06-03 17:51:47 DRONES: x500* (none)
2026-06-03 17:51:47 PACKAGES: package_link: x=-0.45 y=-0.40 z=0.06 | package-6a7ea151_46a7_4834_b865_1c7d5a2090e1: x=0.15 y=0.16 z=0.02
2026-06-03 17:51:47 CARGO: cargo* (none)
2026-06-03 17:51:47 STATIONS: station_base_visual: x=-0.45 y=-0.40 z=0.06
2026-06-03 17:51:48 Shipment 6a7ea151-46a7-4834-b865-1c7d5a2090e1 reached DELIVERED.
2026-06-03 17:51:48 === Gazebo position monitor finished ===
